Logging all output starting now into /home/sstafford/Documents/Python/miniGAP/minigap/results/distorted_propenol_MD_12_06_2021/miniGAP.log
Input settings for this calculation stored in /home/sstafford/Documents/Python/miniGAP/minigap/results/distorted_propenol_MD_12_06_2021/miniGAP.settings
Stack size set to unlimited
1 GPU(s) recognized by tensorflow: [PhysicalDevice(name='/physical_device:GPU:0', device_type='GPU')]
Imported structure #0 from /home/sstafford/Documents/Python/miniGAP/minigap/data/distorted_propenol.db.
Now generating MD trajectory of 600 C3H6O structures at 0 K using VelocityVerlet dynamics and the EMT calculator
Filename '/home/sstafford/Documents/Python/miniGAP/minigap/results/distorted_propenol_MD_12_06_2021/C3H6O_VelocityVerlet.traj' selected.
Step 60: Energy per atom: Epot = 0.374eV  Ekin = 0.056eV  Etot = 0.430eV
Step 120: Energy per atom: Epot = 0.212eV  Ekin = 0.218eV  Etot = 0.430eV
Step 180: Energy per atom: Epot = 0.252eV  Ekin = 0.178eV  Etot = 0.430eV
Step 240: Energy per atom: Epot = 0.334eV  Ekin = 0.095eV  Etot = 0.430eV
Step 300: Energy per atom: Epot = 0.272eV  Ekin = 0.157eV  Etot = 0.430eV
Step 360: Energy per atom: Epot = 0.352eV  Ekin = 0.077eV  Etot = 0.430eV
Step 420: Energy per atom: Epot = 0.336eV  Ekin = 0.094eV  Etot = 0.430eV
Step 480: Energy per atom: Epot = 0.301eV  Ekin = 0.128eV  Etot = 0.430eV
Step 540: Energy per atom: Epot = 0.261eV  Ekin = 0.169eV  Etot = 0.430eV
Step 599: Energy per atom: Epot = 0.226eV  Ekin = 0.204eV  Etot = 0.430eV
Compiling structures into list took 3.14 seconds
Generating animation frame 0 (0% complete)
Generating animation frame 10 (10% complete)
Generating animation frame 20 (20% complete)
Generating animation frame 30 (30% complete)
Generating animation frame 40 (40% complete)
Generating animation frame 50 (50% complete)
Generating animation frame 60 (60% complete)
Generating animation frame 70 (70% complete)
Generating animation frame 80 (80% complete)
Generating animation frame 90 (90% complete)
Generating animation frame 100 (100% complete)
Filename '/home/sstafford/Documents/Python/miniGAP/minigap/results/distorted_propenol_MD_12_06_2021/structure_animation.mp4' selected.
Generating animation frame 0 (0% complete)
Generating animation frame 10 (10% complete)
Generating animation frame 20 (20% complete)
Generating animation frame 30 (30% complete)
Generating animation frame 40 (40% complete)
Generating animation frame 50 (50% complete)
Generating animation frame 60 (60% complete)
Generating animation frame 70 (70% complete)
Generating animation frame 80 (80% complete)
Generating animation frame 90 (90% complete)
Generating animation frame 100 (100% complete)
Created animation of the structural dataset used in this calculation in the results directory. This might be useful to verify the correct structures are being used.
Created animation of structures in 4.464336156845093 seconds 
Gathered energy, force and structure info in 1.14 seconds
Completed the initial setup of miniGAP (including compiling structural data) in 11.04 seconds
Generated SOAP descriptors and derivatives in 12.27 seconds
Reformatted data to build model in 0.10 seconds.
Not using any sparsity.
Using a degree 2 polynomial kernel.
Alert: Double check the training validity for degree =/= 1 when not using predict_f
Training using 4860 atoms without batching.
Epoch 0
Using older approach (not converted to tf.function yet)
+-------------------------+------------------+------------------+---------+-------------+--------------+---------+-----------------------------------------------------+
| name                    | class            | transform        | prior   | trainable   | shape        | dtype   | value                                               |
+=========================+==================+==================+=========+=============+==============+=========+=====================================================+
| GPR.kernel.variance     | Parameter        | Softplus         |         | True        | ()           | float64 | 1.0000137596494536                                  |
+-------------------------+------------------+------------------+---------+-------------+--------------+---------+-----------------------------------------------------+
| GPR.kernel.degree       | Parameter        | Identity         |         | False       | ()           | float64 | 2.0                                                 |
+-------------------------+------------------+------------------+---------+-------------+--------------+---------+-----------------------------------------------------+
| GPR.kernel.offset       | Parameter        | Softplus         |         | False       | ()           | float64 | 2.2250738585072626e-308                             |
+-------------------------+------------------+------------------+---------+-------------+--------------+---------+-----------------------------------------------------+
| GPR.likelihood.variance | Parameter        | Softplus + Shift |         | True        | ()           | float64 | 9.999831227353704e-05                               |
+-------------------------+------------------+------------------+---------+-------------+--------------+---------+-----------------------------------------------------+
| GPR.data[0]             | ResourceVariable |                  |         | False       | (4860, 1500) | float64 | [[5.44669147e-01, 5.22422590e-01, 3.41862630e-01... |
+-------------------------+------------------+------------------+---------+-------------+--------------+---------+-----------------------------------------------------+
| GPR.data[1]             | ResourceVariable |                  |         | False       | (4860, 1)    | float64 | [[-0.69976851...                                    |
+-------------------------+------------------+------------------+---------+-------------+--------------+---------+-----------------------------------------------------+
Adding mse_ens_j_i to mse_ens_j: 3.5169170472970357e-09 + 0 = 3.5169170472970357e-09 
Epoch 0,  mse = 3.5169170472970357e-09
Using older approach (not converted to tf.function yet)
+-------------------------+------------------+------------------+---------+-------------+--------------+---------+------------------------------------------------------+
| name                    | class            | transform        | prior   | trainable   | shape        | dtype   | value                                                |
+=========================+==================+==================+=========+=============+==============+=========+======================================================+
| GPR.kernel.variance     | Parameter        | Softplus         |         | True        | ()           | float64 | 1.000033204869262                                    |
+-------------------------+------------------+------------------+---------+-------------+--------------+---------+------------------------------------------------------+
| GPR.kernel.degree       | Parameter        | Identity         |         | False       | ()           | float64 | 2.0                                                  |
+-------------------------+------------------+------------------+---------+-------------+--------------+---------+------------------------------------------------------+
| GPR.kernel.offset       | Parameter        | Softplus         |         | False       | ()           | float64 | 2.2250738585072626e-308                              |
+-------------------------+------------------+------------------+---------+-------------+--------------+---------+------------------------------------------------------+
| GPR.likelihood.variance | Parameter        | Softplus + Shift |         | True        | ()           | float64 | 9.999592700061472e-05                                |
+-------------------------+------------------+------------------+---------+-------------+--------------+---------+------------------------------------------------------+
| GPR.data[0]             | ResourceVariable |                  |         | False       | (4860, 1500) | float64 | [[9.76101237e-04, 6.00721296e-03, -2.10057312e-03... |
+-------------------------+------------------+------------------+---------+-------------+--------------+---------+------------------------------------------------------+
| GPR.data[1]             | ResourceVariable |                  |         | False       | (4860, 1)    | float64 | [[0.58346869...                                      |
+-------------------------+------------------+------------------+---------+-------------+--------------+---------+------------------------------------------------------+
Adding mse_ens_j_i to mse_ens_j: 3.516796054510379e-09 + 0 = 3.516796054510379e-09 
Epoch 1,  mse = 3.516796054510379e-09
Epoch 2
Using older approach (not converted to tf.function yet)
+-------------------------+------------------+------------------+---------+-------------+--------------+---------+-----------------------------------------------------+
| name                    | class            | transform        | prior   | trainable   | shape        | dtype   | value                                               |
+=========================+==================+==================+=========+=============+==============+=========+=====================================================+
| GPR.kernel.variance     | Parameter        | Softplus         |         | True        | ()           | float64 | 1.000057005741402                                   |
+-------------------------+------------------+------------------+---------+-------------+--------------+---------+-----------------------------------------------------+
| GPR.kernel.degree       | Parameter        | Identity         |         | False       | ()           | float64 | 2.0                                                 |
+-------------------------+------------------+------------------+---------+-------------+--------------+---------+-----------------------------------------------------+
| GPR.kernel.offset       | Parameter        | Softplus         |         | False       | ()           | float64 | 2.2250738585072626e-308                             |
+-------------------------+------------------+------------------+---------+-------------+--------------+---------+-----------------------------------------------------+
| GPR.likelihood.variance | Parameter        | Softplus + Shift |         | True        | ()           | float64 | 9.999300732132514e-05                               |
+-------------------------+------------------+------------------+---------+-------------+--------------+---------+-----------------------------------------------------+
| GPR.data[0]             | ResourceVariable |                  |         | False       | (4860, 1500) | float64 | [[5.47571214e-01, 5.19506752e-01, 3.42771092e-01... |
+-------------------------+------------------+------------------+---------+-------------+--------------+---------+-----------------------------------------------------+
| GPR.data[1]             | ResourceVariable |                  |         | False       | (4860, 1)    | float64 | [[-0.70069894...                                    |
+-------------------------+------------------+------------------+---------+-------------+--------------+---------+-----------------------------------------------------+
Adding mse_ens_j_i to mse_ens_j: 3.516625068293628e-09 + 0 = 3.516625068293628e-09 
Epoch 2,  mse = 3.516625068293628e-09
Using older approach (not converted to tf.function yet)
+-------------------------+------------------+------------------+---------+-------------+--------------+---------+-----------------------------------------------------+
| name                    | class            | transform        | prior   | trainable   | shape        | dtype   | value                                               |
+=========================+==================+==================+=========+=============+==============+=========+=====================================================+
| GPR.kernel.variance     | Parameter        | Softplus         |         | True        | ()           | float64 | 1.0000844732048906                                  |
+-------------------------+------------------+------------------+---------+-------------+--------------+---------+-----------------------------------------------------+
| GPR.kernel.degree       | Parameter        | Identity         |         | False       | ()           | float64 | 2.0                                                 |
+-------------------------+------------------+------------------+---------+-------------+--------------+---------+-----------------------------------------------------+
| GPR.kernel.offset       | Parameter        | Softplus         |         | False       | ()           | float64 | 2.2250738585072626e-308                             |
+-------------------------+------------------+------------------+---------+-------------+--------------+---------+-----------------------------------------------------+
| GPR.likelihood.variance | Parameter        | Softplus + Shift |         | True        | ()           | float64 | 9.998963778647903e-05                               |
+-------------------------+------------------+------------------+---------+-------------+--------------+---------+-----------------------------------------------------+
| GPR.data[0]             | ResourceVariable |                  |         | False       | (4860, 1500) | float64 | [[5.48694889e-01, 5.19338846e-01, 3.31287025e-01... |
+-------------------------+------------------+------------------+---------+-------------+--------------+---------+-----------------------------------------------------+
| GPR.data[1]             | ResourceVariable |                  |         | False       | (4860, 1)    | float64 | [[-0.70080437...                                    |
+-------------------------+------------------+------------------+---------+-------------+--------------+---------+-----------------------------------------------------+
Adding mse_ens_j_i to mse_ens_j: 3.5164157914357008e-09 + 0 = 3.5164157914357008e-09 
Epoch 3,  mse = 3.5164157914357008e-09
Epoch 4
Using older approach (not converted to tf.function yet)
+-------------------------+------------------+------------------+---------+-------------+--------------+---------+-------------------------------------------------------+
| name                    | class            | transform        | prior   | trainable   | shape        | dtype   | value                                                 |
+=========================+==================+==================+=========+=============+==============+=========+=======================================================+
| GPR.kernel.variance     | Parameter        | Softplus         |         | True        | ()           | float64 | 1.000115166484782                                     |
+-------------------------+------------------+------------------+---------+-------------+--------------+---------+-------------------------------------------------------+
| GPR.kernel.degree       | Parameter        | Identity         |         | False       | ()           | float64 | 2.0                                                   |
+-------------------------+------------------+------------------+---------+-------------+--------------+---------+-------------------------------------------------------+
| GPR.kernel.offset       | Parameter        | Softplus         |         | False       | ()           | float64 | 2.2250738585072626e-308                               |
+-------------------------+------------------+------------------+---------+-------------+--------------+---------+-------------------------------------------------------+
| GPR.likelihood.variance | Parameter        | Softplus + Shift |         | True        | ()           | float64 | 9.998587249891394e-05                                 |
+-------------------------+------------------+------------------+---------+-------------+--------------+---------+-------------------------------------------------------+
| GPR.data[0]             | ResourceVariable |                  |         | False       | (4860, 1500) | float64 | [[1.18719171e-04, -7.90519630e-04, -2.30103543e-03... |
+-------------------------+------------------+------------------+---------+-------------+--------------+---------+-------------------------------------------------------+
| GPR.data[1]             | ResourceVariable |                  |         | False       | (4860, 1)    | float64 | [[2.45480178...                                       |
+-------------------------+------------------+------------------+---------+-------------+--------------+---------+-------------------------------------------------------+
Adding mse_ens_j_i to mse_ens_j: 3.516174289836192e-09 + 0 = 3.516174289836192e-09 
Epoch 4,  mse = 3.516174289836192e-09
Using older approach (not converted to tf.function yet)
+-------------------------+------------------+------------------+---------+-------------+--------------+---------+-----------------------------------------------------+
| name                    | class            | transform        | prior   | trainable   | shape        | dtype   | value                                               |
+=========================+==================+==================+=========+=============+==============+=========+=====================================================+
| GPR.kernel.variance     | Parameter        | Softplus         |         | True        | ()           | float64 | 1.0001487721659386                                  |
+-------------------------+------------------+------------------+---------+-------------+--------------+---------+-----------------------------------------------------+
| GPR.kernel.degree       | Parameter        | Identity         |         | False       | ()           | float64 | 2.0                                                 |
+-------------------------+------------------+------------------+---------+-------------+--------------+---------+-----------------------------------------------------+
| GPR.kernel.offset       | Parameter        | Softplus         |         | False       | ()           | float64 | 2.2250738585072626e-308                             |
+-------------------------+------------------+------------------+---------+-------------+--------------+---------+-----------------------------------------------------+
| GPR.likelihood.variance | Parameter        | Softplus + Shift |         | True        | ()           | float64 | 9.998174994277196e-05                               |
+-------------------------+------------------+------------------+---------+-------------+--------------+---------+-----------------------------------------------------+
| GPR.data[0]             | ResourceVariable |                  |         | False       | (4860, 1500) | float64 | [[5.34438461e-01, 5.49011674e-01, 2.11803568e-01... |
+-------------------------+------------------+------------------+---------+-------------+--------------+---------+-----------------------------------------------------+
| GPR.data[1]             | ResourceVariable |                  |         | False       | (4860, 1)    | float64 | [[-0.69985917...                                    |
+-------------------------+------------------+------------------+---------+-------------+--------------+---------+-----------------------------------------------------+
Adding mse_ens_j_i to mse_ens_j: 3.515904449673102e-09 + 0 = 3.515904449673102e-09 
Epoch 5,  mse = 3.515904449673102e-09
Epoch 6
Using older approach (not converted to tf.function yet)
+-------------------------+------------------+------------------+---------+-------------+--------------+---------+-----------------------------------------------------+
| name                    | class            | transform        | prior   | trainable   | shape        | dtype   | value                                               |
+=========================+==================+==================+=========+=============+==============+=========+=====================================================+
| GPR.kernel.variance     | Parameter        | Softplus         |         | True        | ()           | float64 | 1.000185052502432                                   |
+-------------------------+------------------+------------------+---------+-------------+--------------+---------+-----------------------------------------------------+
| GPR.kernel.degree       | Parameter        | Identity         |         | False       | ()           | float64 | 2.0                                                 |
+-------------------------+------------------+------------------+---------+-------------+--------------+---------+-----------------------------------------------------+
| GPR.kernel.offset       | Parameter        | Softplus         |         | False       | ()           | float64 | 2.2250738585072626e-308                             |
+-------------------------+------------------+------------------+---------+-------------+--------------+---------+-----------------------------------------------------+
| GPR.likelihood.variance | Parameter        | Softplus + Shift |         | True        | ()           | float64 | 9.997729932236844e-05                               |
+-------------------------+------------------+------------------+---------+-------------+--------------+---------+-----------------------------------------------------+
| GPR.data[0]             | ResourceVariable |                  |         | False       | (4860, 1500) | float64 | [[5.42174262e-01, 5.26397174e-01, 3.22997619e-01... |
+-------------------------+------------------+------------------+---------+-------------+--------------+---------+-----------------------------------------------------+
| GPR.data[1]             | ResourceVariable |                  |         | False       | (4860, 1)    | float64 | [[-0.69976851...                                    |
+-------------------------+------------------+------------------+---------+-------------+--------------+---------+-----------------------------------------------------+
Adding mse_ens_j_i to mse_ens_j: 3.5156090296786536e-09 + 0 = 3.5156090296786536e-09 
Epoch 6,  mse = 3.5156090296786536e-09
Using older approach (not converted to tf.function yet)
+-------------------------+------------------+------------------+---------+-------------+--------------+---------+-----------------------------------------------------+
| name                    | class            | transform        | prior   | trainable   | shape        | dtype   | value                                               |
+=========================+==================+==================+=========+=============+==============+=========+=====================================================+
| GPR.kernel.variance     | Parameter        | Softplus         |         | True        | ()           | float64 | 1.0002238190570878                                  |
+-------------------------+------------------+------------------+---------+-------------+--------------+---------+-----------------------------------------------------+
| GPR.kernel.degree       | Parameter        | Identity         |         | False       | ()           | float64 | 2.0                                                 |
+-------------------------+------------------+------------------+---------+-------------+--------------+---------+-----------------------------------------------------+
| GPR.kernel.offset       | Parameter        | Softplus         |         | False       | ()           | float64 | 2.2250738585072626e-308                             |
+-------------------------+------------------+------------------+---------+-------------+--------------+---------+-----------------------------------------------------+
| GPR.likelihood.variance | Parameter        | Softplus + Shift |         | True        | ()           | float64 | 9.997254379480472e-05                               |
+-------------------------+------------------+------------------+---------+-------------+--------------+---------+-----------------------------------------------------+
| GPR.data[0]             | ResourceVariable |                  |         | False       | (4860, 1500) | float64 | [[5.45369560e-01, 5.22265894e-01, 3.34449406e-01... |
+-------------------------+------------------+------------------+---------+-------------+--------------+---------+-----------------------------------------------------+
| GPR.data[1]             | ResourceVariable |                  |         | False       | (4860, 1)    | float64 | [[-0.69837417...                                    |
+-------------------------+------------------+------------------+---------+-------------+--------------+---------+-----------------------------------------------------+
Adding mse_ens_j_i to mse_ens_j: 3.5152901299872343e-09 + 0 = 3.5152901299872343e-09 
Epoch 7,  mse = 3.5152901299872343e-09
Epoch 8
Using older approach (not converted to tf.function yet)
+-------------------------+------------------+------------------+---------+-------------+--------------+---------+-------------------------------------------------------+
| name                    | class            | transform        | prior   | trainable   | shape        | dtype   | value                                                 |
+=========================+==================+==================+=========+=============+==============+=========+=======================================================+
| GPR.kernel.variance     | Parameter        | Softplus         |         | True        | ()           | float64 | 1.0002649176459366                                    |
+-------------------------+------------------+------------------+---------+-------------+--------------+---------+-------------------------------------------------------+
| GPR.kernel.degree       | Parameter        | Identity         |         | False       | ()           | float64 | 2.0                                                   |
+-------------------------+------------------+------------------+---------+-------------+--------------+---------+-------------------------------------------------------+
| GPR.kernel.offset       | Parameter        | Softplus         |         | False       | ()           | float64 | 2.2250738585072626e-308                               |
+-------------------------+------------------+------------------+---------+-------------+--------------+---------+-------------------------------------------------------+
| GPR.likelihood.variance | Parameter        | Softplus + Shift |         | True        | ()           | float64 | 9.996750231625191e-05                                 |
+-------------------------+------------------+------------------+---------+-------------+--------------+---------+-------------------------------------------------------+
| GPR.data[0]             | ResourceVariable |                  |         | False       | (4860, 1500) | float64 | [[1.29071573e-04, -1.55781441e-03, -1.23494647e-03... |
+-------------------------+------------------+------------------+---------+-------------+--------------+---------+-------------------------------------------------------+
| GPR.data[1]             | ResourceVariable |                  |         | False       | (4860, 1)    | float64 | [[0.58505224...                                       |
+-------------------------+------------------+------------------+---------+-------------+--------------+---------+-------------------------------------------------------+
Adding mse_ens_j_i to mse_ens_j: 3.5149494125284883e-09 + 0 = 3.5149494125284883e-09 
Epoch 8,  mse = 3.5149494125284883e-09
Using older approach (not converted to tf.function yet)
+-------------------------+------------------+------------------+---------+-------------+--------------+---------+-------------------------------------------------------+
| name                    | class            | transform        | prior   | trainable   | shape        | dtype   | value                                                 |
+=========================+==================+==================+=========+=============+==============+=========+=======================================================+
| GPR.kernel.variance     | Parameter        | Softplus         |         | True        | ()           | float64 | 1.0003082190262074                                    |
+-------------------------+------------------+------------------+---------+-------------+--------------+---------+-------------------------------------------------------+
| GPR.kernel.degree       | Parameter        | Identity         |         | False       | ()           | float64 | 2.0                                                   |
+-------------------------+------------------+------------------+---------+-------------+--------------+---------+-------------------------------------------------------+
| GPR.kernel.offset       | Parameter        | Softplus         |         | False       | ()           | float64 | 2.2250738585072626e-308                               |
+-------------------------+------------------+------------------+---------+-------------+--------------+---------+-------------------------------------------------------+
| GPR.likelihood.variance | Parameter        | Softplus + Shift |         | True        | ()           | float64 | 9.996219078389776e-05                                 |
+-------------------------+------------------+------------------+---------+-------------+--------------+---------+-------------------------------------------------------+
| GPR.data[0]             | ResourceVariable |                  |         | False       | (4860, 1500) | float64 | [[1.32819682e-05, -4.10132938e-05, -9.46089139e-04... |
+-------------------------+------------------+------------------+---------+-------------+--------------+---------+-------------------------------------------------------+
| GPR.data[1]             | ResourceVariable |                  |         | False       | (4860, 1)    | float64 | [[2.45617583...                                       |
+-------------------------+------------------+------------------+---------+-------------+--------------+---------+-------------------------------------------------------+
Adding mse_ens_j_i to mse_ens_j: 3.5145882439769533e-09 + 0 = 3.5145882439769533e-09 
Epoch 9,  mse = 3.5145882439769533e-09
Calculating weights
+-------------------------+-----------+------------------+---------+-------------+---------+---------+--------------+
| name                    | class     | transform        | prior   | trainable   | shape   | dtype   |        value |
+=========================+===========+==================+=========+=============+=========+=========+==============+
| GPR.kernel.variance     | Parameter | Softplus         |         | True        | ()      | float64 | 1.00031      |
+-------------------------+-----------+------------------+---------+-------------+---------+---------+--------------+
| GPR.kernel.degree       | Parameter | Identity         |         | False       | ()      | float64 | 2            |
+-------------------------+-----------+------------------+---------+-------------+---------+---------+--------------+
| GPR.kernel.offset       | Parameter | Softplus         |         | False       | ()      | float64 | 2.22507e-308 |
+-------------------------+-----------+------------------+---------+-------------+---------+---------+--------------+
| GPR.likelihood.variance | Parameter | Softplus + Shift |         | True        | ()      | float64 | 9.99622e-05  |
+-------------------------+-----------+------------------+---------+-------------+---------+---------+--------------+
Predicting final energies
Predicting final forces
Training time outside of epochs in training cell  : 0.906
Training time per epoch                           : 0.488
Prediction time                                   : 0.094
Stored the hyperparameters and mse values for plotting under n=600
The title axes are not assigned correctly. Currently fixing.
Our observation noise variance implies our reference error is +/- 0.245 /atom
                         Local Energy  Global Energy
Root Mean Squared Error      0.001475       0.001035
Mean Absolute Error          0.001063       0.000748
Max Absolute Error           0.005747       0.002561
r²                           1.000000       0.999822
Least-squares regresion for Fx(x) produces the line line m x+b with m = 1.86594 and b = 6.74628 which has r2 = 0.18819 
Least-squares regresion for Fy(y) produces the line line m y+b with m = 3.68542 and b = -2.02020 which has r2 = 0.40870 
Least-squares regresion for Fz(z) produces the line line m z+b with m = 2.66775 and b = -0.09637 which has r2 = 0.70139 
