

░░░░░░░░░░░░░░░░░░░░░░░░░░░░░░░░░░░░░░░░░░░░░░░░░░░░░░░░░░░░░░░░░░░░░░░░░░░░░░░
░░░░░░░░░░░░░░░░░░░░░░░░░░░░░░░░░░░░░░░░░░░░░░░░░░░░░░░░░░░░░░░░░░░░░░░░░░░░░░░
░░███████████████████████████████████████████████████████████████████████████░░
░░██████████████████████████████████           ██████     ██████           ██░░
░░██████████████████████████████████   █████   ████         ████   █████   ██░░
░░██████████████████████████████████   █████   ███    ███    ███   █████   ██░░
░░██████████████████████████████████   ███████████   █████   ███   █████   ██░░
░░██████████████████████████████████   ███████████   █████   ███           ██░░
░░███████████████  ████████████  ███   ███     ███           ███   ██████████░░
░░██          ████████      ████████   █████   ███   █████   ███   ██████████░░
░░██  ██  ██  ███  ███  ██  ███  ███   █████   ███   █████   ███   ██████████░░
░░██  ██  ██  ███  ███  ██  ███  ███           ███   █████   ███   ██████████░░
░░███████████████████████████████████████████████████████████████████████████░░
░░░░░░░░░░░░░░░░░░░░░░░░░░░░░░░░░░░░░░░░░░░░░░░░░░░░░░░░░░░░░░░░░░░░░░░░░░░░░░░
░░░░░░░░░░░░░░░░░░░░░░░░░░░░░░░░░░░░░░░░░░░░░░░░░░░░░░░░░░░░░░░░░░░░░░░░░░░░░░░
░░░░░                                                                     ░░░░░
░░░░░  version 0.0.1                                                      ░░░░░
░░░░░                                                                     ░░░░░
░░░░░  script created on 2021/12/17                                       ░░░░░
░░░░░                                                                     ░░░░░
░░░░░  GitHub Repository HTTPS://GITHUB.COM/ALVAROVM/MINIGAP              ░░░░░
░░░░░                                                                     ░░░░░
░░░░░░░░░░░░░░░░░░░░░░░░░░░░░░░░░░░░░░░░░░░░░░░░░░░░░░░░░░░░░░░░░░░░░░░░░░░░░░░
░░░░░░░░░░░░░░░░░░░░░░░░░░░░░░░░░░░░░░░░░░░░░░░░░░░░░░░░░░░░░░░░░░░░░░░░░░░░░░░
░░░░░                                                                     ░░░░░
░░░░░  Authors                                                            ░░░░░
░░░░░                                                                     ░░░░░
░░░░░  Sean Stafford                                                      ░░░░░
░░░░░  Dr. Álvaro Vázquez-Mayagoitia                                      ░░░░░
░░░░░  Dr. Murat Keçeli                                                   ░░░░░
░░░░░  Dr. Jose L. Mendoza-Cortes                                         ░░░░░
░░░░░                                                                     ░░░░░
░░░░░░░░░░░░░░░░░░░░░░░░░░░░░░░░░░░░░░░░░░░░░░░░░░░░░░░░░░░░░░░░░░░░░░░░░░░░░░░
░░░░░░░░░░░░░░░░░░░░░░░░░░░░░░░░░░░░░░░░░░░░░░░░░░░░░░░░░░░░░░░░░░░░░░░░░░░░░░░
░░░░░                                                                     ░░░░░
░░░░░  Copyright 2021 Argonne UChicago LLC                                ░░░░░
░░░░░                                                                     ░░░░░
░░░░░░░░░░░░░░░░░░░░░░░░░░░░░░░░░░░░░░░░░░░░░░░░░░░░░░░░░░░░░░░░░░░░░░░░░░░░░░░
░░░░░░░░░░░░░░░░░░░░░░░░░░░░░░░░░░░░░░░░░░░░░░░░░░░░░░░░░░░░░░░░░░░░░░░░░░░░░░░


Input settings for this calculation stored in /home/sstafford/Documents/Python/miniGAP/minigap/results/C7O2H10/miniGAP.settings
Stack size set to unlimited
1 GPU(s) recognized by tensorflow: [PhysicalDevice(name='/physical_device:GPU:0', device_type='GPU')]
Imported 1000 structures from C7O2H10.db. Structures were taken uniformly from throughout dataset which contains 6095 total structures.
Compiling structures into list took 2.51 seconds
Generating animation frame 0 (0% complete)
Generating animation frame 10 (10% complete)
Generating animation frame 20 (20% complete)
Generating animation frame 30 (30% complete)
Generating animation frame 40 (40% complete)
Generating animation frame 50 (50% complete)
Generating animation frame 60 (60% complete)
Generating animation frame 70 (70% complete)
Generating animation frame 80 (80% complete)
Generating animation frame 90 (90% complete)
Generating animation frame 100 (100% complete)
Filename '/home/sstafford/Documents/Python/miniGAP/minigap/results/C7O2H10/structure_animation.mp4' selected.
Generating animation frame 0 (0% complete)
Generating animation frame 10 (10% complete)
Generating animation frame 20 (20% complete)
Generating animation frame 30 (30% complete)
Generating animation frame 40 (40% complete)
Generating animation frame 50 (50% complete)
Generating animation frame 60 (60% complete)
Generating animation frame 70 (70% complete)
Generating animation frame 80 (80% complete)
Generating animation frame 90 (90% complete)
Generating animation frame 100 (100% complete)
Created animation of the structural dataset used in this calculation in the results directory. This might be useful to verify the correct structures are being used.
Created animation of structures in 7.28 seconds 
Gathered energy and structure info in 3.82 seconds
Completed the initial setup of miniGAP (including compiling structural data) in 16.25 seconds
Generated SOAP descriptors in 0.63 seconds
Split the 1000-structure dataset into a 600-structure training dataset and a 400-structure test dataset.
The test dataset will be set aside until the model is trained and ready for prediction.
Reformatted data to build model in 0.13 seconds.
Not using any sparsity.
Using a degree 2 polynomial kernel.
Alert: Double check the training validity for degree =/= 1 when not using predict_f
Training using 10260 atoms total using 2 batches with 5130 atoms per batch.
Calculating weights
+-------------------------+-----------+------------------+---------+-------------+---------+---------+--------------+
| name                    | class     | transform        | prior   | trainable   | shape   | dtype   |        value |
+=========================+===========+==================+=========+=============+=========+=========+==============+
| GPR.kernel.variance     | Parameter | Softplus         |         | True        | ()      | float64 | 1            |
+-------------------------+-----------+------------------+---------+-------------+---------+---------+--------------+
| GPR.kernel.degree       | Parameter | Identity         |         | False       | ()      | float64 | 2            |
+-------------------------+-----------+------------------+---------+-------------+---------+---------+--------------+
| GPR.kernel.offset       | Parameter | Softplus         |         | False       | ()      | float64 | 2.22507e-308 |
+-------------------------+-----------+------------------+---------+-------------+---------+---------+--------------+
| GPR.likelihood.variance | Parameter | Softplus + Shift |         | True        | ()      | float64 | 0.0001       |
+-------------------------+-----------+------------------+---------+-------------+---------+---------+--------------+
Predicting final energies
Training time outside of epochs in training cell  : 0.775
Prediction time                                   : 0.695
Stored the hyperparameters and mse values for plotting under n=1000
Our observation noise variance implies our reference error is +/- 0.251 /atom
Calculated the following error statistics: ('rmse', 'mae', 'mxae', 'r2', 'logvae', 'm', 'b')
Calculated the following error statistics: ('rmse', 'mae', 'mxae', 'r2', 'logvae', 'm', 'b')
Calculated the following error statistics: ('rmse', 'mae', 'mxae', 'r2', 'logvae', 'm', 'b')
Checking if outliers exists among energy predictions.
Outliers of error defined to exist outside the range (25th percentile - 1.5*25th-75th percentile range, 75th percentile + 1.5*25th-75th percentile range), i.e. (-0.03, 0.03).
Additionally, error was not considered an outlier if it fell outside that range, but was within 0.2 * 25th-75th percentile range ( = 0.00) of non-outlier error
7/400 error were found to be outliers.
Cropping energy plots determined to be unnecessary.
                               Global Energy Global Energy/Atom Local Energy
Units                                     Ha            Ha/Atom      Ha/Atom
Root Mean Squared Error             0.013773           0.000725     0.001471
Mean Absolute Error                 0.010327           0.000544     0.001091
Max Absolute Error                   0.05507           0.002898     0.010467
r²                                  0.888739           0.888739     0.999997
Variance of Log Absolute Error      1.309515           1.309515     1.329287
Linear Fit Slope                    0.712656           0.712656     0.999967
Linear Fit y-Intercept           -121.413448          -6.390181    -0.000694
Filename '/home/sstafford/Documents/Python/miniGAP/minigap/results/C7O2H10/energy_prediction_plots.png' selected.
Filename '/home/sstafford/Documents/Python/miniGAP/minigap/results/C7O2H10/energy_errors.csv' selected.
