

░░░░░░░░░░░░░░░░░░░░░░░░░░░░░░░░░░░░░░░░░░░░░░░░░░░░░░░░░░░░░░░░░░░░░░░░░░░░░░░
░░░░░░░░░░░░░░░░░░░░░░░░░░░░░░░░░░░░░░░░░░░░░░░░░░░░░░░░░░░░░░░░░░░░░░░░░░░░░░░
░░███████████████████████████████████████████████████████████████████████████░░
░░██████████████████████████████████           ██████     ██████           ██░░
░░██████████████████████████████████   █████   ████         ████   █████   ██░░
░░██████████████████████████████████   █████   ███    ███    ███   █████   ██░░
░░██████████████████████████████████   ███████████   █████   ███   █████   ██░░
░░██████████████████████████████████   ███████████   █████   ███           ██░░
░░███████████████  ████████████  ███   ███     ███           ███   ██████████░░
░░██          ████████      ████████   █████   ███   █████   ███   ██████████░░
░░██  ██  ██  ███  ███  ██  ███  ███   █████   ███   █████   ███   ██████████░░
░░██  ██  ██  ███  ███  ██  ███  ███           ███   █████   ███   ██████████░░
░░███████████████████████████████████████████████████████████████████████████░░
░░░░░░░░░░░░░░░░░░░░░░░░░░░░░░░░░░░░░░░░░░░░░░░░░░░░░░░░░░░░░░░░░░░░░░░░░░░░░░░
░░░░░░░░░░░░░░░░░░░░░░░░░░░░░░░░░░░░░░░░░░░░░░░░░░░░░░░░░░░░░░░░░░░░░░░░░░░░░░░
░░░░░                                                                     ░░░░░
░░░░░  version 0.0.1                                                      ░░░░░
░░░░░                                                                     ░░░░░
░░░░░  script created on 2021/12/17                                       ░░░░░
░░░░░                                                                     ░░░░░
░░░░░  GitHub Repository HTTPS://GITHUB.COM/ALVAROVM/MINIGAP              ░░░░░
░░░░░                                                                     ░░░░░
░░░░░░░░░░░░░░░░░░░░░░░░░░░░░░░░░░░░░░░░░░░░░░░░░░░░░░░░░░░░░░░░░░░░░░░░░░░░░░░
░░░░░░░░░░░░░░░░░░░░░░░░░░░░░░░░░░░░░░░░░░░░░░░░░░░░░░░░░░░░░░░░░░░░░░░░░░░░░░░
░░░░░                                                                     ░░░░░
░░░░░  Authors                                                            ░░░░░
░░░░░                                                                     ░░░░░
░░░░░  Sean Stafford                                                      ░░░░░
░░░░░  Dr. Álvaro Vázquez-Mayagoitia                                      ░░░░░
░░░░░  Dr. Murat Keçeli                                                   ░░░░░
░░░░░  Dr. Jose L. Mendoza-Cortes                                         ░░░░░
░░░░░                                                                     ░░░░░
░░░░░░░░░░░░░░░░░░░░░░░░░░░░░░░░░░░░░░░░░░░░░░░░░░░░░░░░░░░░░░░░░░░░░░░░░░░░░░░
░░░░░░░░░░░░░░░░░░░░░░░░░░░░░░░░░░░░░░░░░░░░░░░░░░░░░░░░░░░░░░░░░░░░░░░░░░░░░░░
░░░░░                                                                     ░░░░░
░░░░░  Copyright 2021 Argonne UChicago LLC                                ░░░░░
░░░░░                                                                     ░░░░░
░░░░░░░░░░░░░░░░░░░░░░░░░░░░░░░░░░░░░░░░░░░░░░░░░░░░░░░░░░░░░░░░░░░░░░░░░░░░░░░
░░░░░░░░░░░░░░░░░░░░░░░░░░░░░░░░░░░░░░░░░░░░░░░░░░░░░░░░░░░░░░░░░░░░░░░░░░░░░░░


Input settings for this calculation stored in /home/sstafford/Documents/Python/miniGAP/minigap/results/QM7_with_hyperparameter_training/miniGAP.settings
Stack size set to unlimited
1 GPU(s) recognized by tensorflow: [PhysicalDevice(name='/physical_device:GPU:0', device_type='GPU')]
Imported 1000 structures from qm7b.db. Structures were taken uniformly from throughout dataset which contains 7211 total structures.
Compiling structures into list took 2.95 seconds
Generating animation frame 0 (0% complete)
Generating animation frame 10 (10% complete)
Generating animation frame 20 (20% complete)
Generating animation frame 30 (30% complete)
Generating animation frame 40 (40% complete)
Generating animation frame 50 (50% complete)
Generating animation frame 60 (60% complete)
Generating animation frame 70 (70% complete)
Generating animation frame 80 (80% complete)
Generating animation frame 90 (90% complete)
Generating animation frame 100 (100% complete)
Filename '/home/sstafford/Documents/Python/miniGAP/minigap/results/QM7_with_hyperparameter_training/structure_animation.mp4' selected.
Generating animation frame 0 (0% complete)
Generating animation frame 10 (10% complete)
Generating animation frame 20 (20% complete)
Generating animation frame 30 (30% complete)
Generating animation frame 40 (40% complete)
Generating animation frame 50 (50% complete)
Generating animation frame 60 (60% complete)
Generating animation frame 70 (70% complete)
Generating animation frame 80 (80% complete)
Generating animation frame 90 (90% complete)
Generating animation frame 100 (100% complete)
Created animation of the structural dataset used in this calculation in the results directory. This might be useful to verify the correct structures are being used.
Created animation of structures in 7.93 seconds 
Gathered energy and structure info in 2.90 seconds
Completed the initial setup of miniGAP (including compiling structural data) in 16.40 seconds
Generated SOAP descriptors in 0.90 seconds
Split the 1000-structure dataset into a 600-structure training dataset and a 400-structure test dataset.
The test dataset will be set aside until the model is trained and ready for prediction.
Reformatted data to build model in 0.32 seconds.
Not using any sparsity.
Using a degree 2 polynomial kernel.
Alert: Double check the training validity for degree =/= 1 when not using predict_f
Training using 8422 atoms without batching.
Epoch 0
TRACING train_hyperparams_without_forces
TRACING train_hyperparams_without_forces
valid_ens[:3] = [0.16172719 0.86248882 0.02396834]
Adding mse_ens_j_i to mse_ens_j: 0.5636313611333434 + 0 = 0.5636313611333434 
Epoch 0,  mse = 0.5636313611333434
valid_ens[:3] = [0.16172719 0.86248882 0.02396834]
Adding mse_ens_j_i to mse_ens_j: 0.5543122014945231 + 0 = 0.5543122014945231 
Epoch 1,  mse = 0.5543122014945231
valid_ens[:3] = [0.16172719 0.86248882 0.02396834]
Adding mse_ens_j_i to mse_ens_j: 0.5452310223933159 + 0 = 0.5452310223933159 
Epoch 2,  mse = 0.5452310223933159
valid_ens[:3] = [0.16172719 0.86248882 0.02396834]
Adding mse_ens_j_i to mse_ens_j: 0.5363865477666684 + 0 = 0.5363865477666684 
Epoch 3,  mse = 0.5363865477666684
valid_ens[:3] = [0.16172719 0.86248882 0.02396834]
Adding mse_ens_j_i to mse_ens_j: 0.5277771803320412 + 0 = 0.5277771803320412 
Epoch 4,  mse = 0.5277771803320412
valid_ens[:3] = [0.16172719 0.86248882 0.02396834]
Adding mse_ens_j_i to mse_ens_j: 0.5194010143208206 + 0 = 0.5194010143208206 
Epoch 5,  mse = 0.5194010143208206
valid_ens[:3] = [0.16172719 0.86248882 0.02396834]
Adding mse_ens_j_i to mse_ens_j: 0.5112558464341364 + 0 = 0.5112558464341364 
Epoch 6,  mse = 0.5112558464341364
valid_ens[:3] = [0.16172719 0.86248882 0.02396834]
Adding mse_ens_j_i to mse_ens_j: 0.5033391881567398 + 0 = 0.5033391881567398 
Epoch 7,  mse = 0.5033391881567398
valid_ens[:3] = [0.16172719 0.86248882 0.02396834]
Adding mse_ens_j_i to mse_ens_j: 0.49564827578278536 + 0 = 0.49564827578278536 
Epoch 8,  mse = 0.49564827578278536
valid_ens[:3] = [0.16172719 0.86248882 0.02396834]
Adding mse_ens_j_i to mse_ens_j: 0.4881800857177534 + 0 = 0.4881800857177534 
Epoch 9,  mse = 0.4881800857177534
valid_ens[:3] = [0.16172719 0.86248882 0.02396834]
Adding mse_ens_j_i to mse_ens_j: 0.4809313474011538 + 0 = 0.4809313474011538 
Epoch 10,  mse = 0.4809313474011538
valid_ens[:3] = [0.16172719 0.86248882 0.02396834]
Adding mse_ens_j_i to mse_ens_j: 0.47389856093213617 + 0 = 0.47389856093213617 
Epoch 11,  mse = 0.47389856093213617
valid_ens[:3] = [0.16172719 0.86248882 0.02396834]
Adding mse_ens_j_i to mse_ens_j: 0.46707801342543337 + 0 = 0.46707801342543337 
Epoch 12,  mse = 0.46707801342543337
valid_ens[:3] = [0.16172719 0.86248882 0.02396834]
Adding mse_ens_j_i to mse_ens_j: 0.4604657966631268 + 0 = 0.4604657966631268 
Epoch 13,  mse = 0.4604657966631268
valid_ens[:3] = [0.16172719 0.86248882 0.02396834]
Adding mse_ens_j_i to mse_ens_j: 0.45405782548842627 + 0 = 0.45405782548842627 
Epoch 14,  mse = 0.45405782548842627
valid_ens[:3] = [0.16172719 0.86248882 0.02396834]
Adding mse_ens_j_i to mse_ens_j: 0.4478498574483368 + 0 = 0.4478498574483368 
Epoch 15,  mse = 0.4478498574483368
valid_ens[:3] = [0.16172719 0.86248882 0.02396834]
Adding mse_ens_j_i to mse_ens_j: 0.4418375108952771 + 0 = 0.4418375108952771 
Epoch 16,  mse = 0.4418375108952771
valid_ens[:3] = [0.16172719 0.86248882 0.02396834]
Adding mse_ens_j_i to mse_ens_j: 0.43601628448689905 + 0 = 0.43601628448689905 
Epoch 17,  mse = 0.43601628448689905
valid_ens[:3] = [0.16172719 0.86248882 0.02396834]
Adding mse_ens_j_i to mse_ens_j: 0.4303815766521795 + 0 = 0.4303815766521795 
Epoch 18,  mse = 0.4303815766521795
valid_ens[:3] = [0.16172719 0.86248882 0.02396834]
Adding mse_ens_j_i to mse_ens_j: 0.4249287034293016 + 0 = 0.4249287034293016 
Epoch 19,  mse = 0.4249287034293016
Epoch 20
valid_ens[:3] = [0.16172719 0.86248882 0.02396834]
Adding mse_ens_j_i to mse_ens_j: 0.4196529179804514 + 0 = 0.4196529179804514 
Epoch 20,  mse = 0.4196529179804514
valid_ens[:3] = [0.16172719 0.86248882 0.02396834]
Adding mse_ens_j_i to mse_ens_j: 0.414549427395806 + 0 = 0.414549427395806 
Epoch 21,  mse = 0.414549427395806
valid_ens[:3] = [0.16172719 0.86248882 0.02396834]
Adding mse_ens_j_i to mse_ens_j: 0.4096134105515669 + 0 = 0.4096134105515669 
Epoch 22,  mse = 0.4096134105515669
valid_ens[:3] = [0.16172719 0.86248882 0.02396834]
Adding mse_ens_j_i to mse_ens_j: 0.4048400338018366 + 0 = 0.4048400338018366 
Epoch 23,  mse = 0.4048400338018366
valid_ens[:3] = [0.16172719 0.86248882 0.02396834]
Adding mse_ens_j_i to mse_ens_j: 0.40022446748713414 + 0 = 0.40022446748713414 
Epoch 24,  mse = 0.40022446748713414
valid_ens[:3] = [0.16172719 0.86248882 0.02396834]
Adding mse_ens_j_i to mse_ens_j: 0.39576189958038926 + 0 = 0.39576189958038926 
Epoch 25,  mse = 0.39576189958038926
valid_ens[:3] = [0.16172719 0.86248882 0.02396834]
Adding mse_ens_j_i to mse_ens_j: 0.3914475499399419 + 0 = 0.3914475499399419 
Epoch 26,  mse = 0.3914475499399419
valid_ens[:3] = [0.16172719 0.86248882 0.02396834]
Adding mse_ens_j_i to mse_ens_j: 0.3872766827981537 + 0 = 0.3872766827981537 
Epoch 27,  mse = 0.3872766827981537
valid_ens[:3] = [0.16172719 0.86248882 0.02396834]
Adding mse_ens_j_i to mse_ens_j: 0.383244617826665 + 0 = 0.383244617826665 
Epoch 28,  mse = 0.383244617826665
valid_ens[:3] = [0.16172719 0.86248882 0.02396834]
Adding mse_ens_j_i to mse_ens_j: 0.37934674158395154 + 0 = 0.37934674158395154 
Epoch 29,  mse = 0.37934674158395154
valid_ens[:3] = [0.16172719 0.86248882 0.02396834]
Adding mse_ens_j_i to mse_ens_j: 0.37557851578269613 + 0 = 0.37557851578269613 
Epoch 30,  mse = 0.37557851578269613
valid_ens[:3] = [0.16172719 0.86248882 0.02396834]
Adding mse_ens_j_i to mse_ens_j: 0.3719354865352278 + 0 = 0.3719354865352278 
Epoch 31,  mse = 0.3719354865352278
valid_ens[:3] = [0.16172719 0.86248882 0.02396834]
Adding mse_ens_j_i to mse_ens_j: 0.3684132912991332 + 0 = 0.3684132912991332 
Epoch 32,  mse = 0.3684132912991332
valid_ens[:3] = [0.16172719 0.86248882 0.02396834]
Adding mse_ens_j_i to mse_ens_j: 0.36500766490950737 + 0 = 0.36500766490950737 
Epoch 33,  mse = 0.36500766490950737
valid_ens[:3] = [0.16172719 0.86248882 0.02396834]
Adding mse_ens_j_i to mse_ens_j: 0.36171444502349837 + 0 = 0.36171444502349837 
Epoch 34,  mse = 0.36171444502349837
valid_ens[:3] = [0.16172719 0.86248882 0.02396834]
Adding mse_ens_j_i to mse_ens_j: 0.35852957680695957 + 0 = 0.35852957680695957 
Epoch 35,  mse = 0.35852957680695957
valid_ens[:3] = [0.16172719 0.86248882 0.02396834]
Adding mse_ens_j_i to mse_ens_j: 0.35544911599880896 + 0 = 0.35544911599880896 
Epoch 36,  mse = 0.35544911599880896
valid_ens[:3] = [0.16172719 0.86248882 0.02396834]
Adding mse_ens_j_i to mse_ens_j: 0.35246923158918614 + 0 = 0.35246923158918614 
Epoch 37,  mse = 0.35246923158918614
valid_ens[:3] = [0.16172719 0.86248882 0.02396834]
Adding mse_ens_j_i to mse_ens_j: 0.34958620792869766 + 0 = 0.34958620792869766 
Epoch 38,  mse = 0.34958620792869766
valid_ens[:3] = [0.16172719 0.86248882 0.02396834]
Adding mse_ens_j_i to mse_ens_j: 0.3467964457320851 + 0 = 0.3467964457320851 
Epoch 39,  mse = 0.3467964457320851
Epoch 40
valid_ens[:3] = [0.16172719 0.86248882 0.02396834]
Adding mse_ens_j_i to mse_ens_j: 0.3440964624359559 + 0 = 0.3440964624359559 
Epoch 40,  mse = 0.3440964624359559
valid_ens[:3] = [0.16172719 0.86248882 0.02396834]
Adding mse_ens_j_i to mse_ens_j: 0.3414828927823991 + 0 = 0.3414828927823991 
Epoch 41,  mse = 0.3414828927823991
valid_ens[:3] = [0.16172719 0.86248882 0.02396834]
Adding mse_ens_j_i to mse_ens_j: 0.3389524871673788 + 0 = 0.3389524871673788 
Epoch 42,  mse = 0.3389524871673788
valid_ens[:3] = [0.16172719 0.86248882 0.02396834]
Adding mse_ens_j_i to mse_ens_j: 0.33650211165149274 + 0 = 0.33650211165149274 
Epoch 43,  mse = 0.33650211165149274
valid_ens[:3] = [0.16172719 0.86248882 0.02396834]
Adding mse_ens_j_i to mse_ens_j: 0.3341287458154411 + 0 = 0.3341287458154411 
Epoch 44,  mse = 0.3341287458154411
valid_ens[:3] = [0.16172719 0.86248882 0.02396834]
Adding mse_ens_j_i to mse_ens_j: 0.33182948124897027 + 0 = 0.33182948124897027 
Epoch 45,  mse = 0.33182948124897027
valid_ens[:3] = [0.16172719 0.86248882 0.02396834]
Adding mse_ens_j_i to mse_ens_j: 0.329601519355475 + 0 = 0.329601519355475 
Epoch 46,  mse = 0.329601519355475
valid_ens[:3] = [0.16172719 0.86248882 0.02396834]
Adding mse_ens_j_i to mse_ens_j: 0.3274421688212581 + 0 = 0.3274421688212581 
Epoch 47,  mse = 0.3274421688212581
valid_ens[:3] = [0.16172719 0.86248882 0.02396834]
Adding mse_ens_j_i to mse_ens_j: 0.3253488432094371 + 0 = 0.3253488432094371 
Epoch 48,  mse = 0.3253488432094371
valid_ens[:3] = [0.16172719 0.86248882 0.02396834]
Adding mse_ens_j_i to mse_ens_j: 0.32331905809622224 + 0 = 0.32331905809622224 
Epoch 49,  mse = 0.32331905809622224
valid_ens[:3] = [0.16172719 0.86248882 0.02396834]
Adding mse_ens_j_i to mse_ens_j: 0.3213504282596584 + 0 = 0.3213504282596584 
Epoch 50,  mse = 0.3213504282596584
valid_ens[:3] = [0.16172719 0.86248882 0.02396834]
Adding mse_ens_j_i to mse_ens_j: 0.3194406645535334 + 0 = 0.3194406645535334 
Epoch 51,  mse = 0.3194406645535334
valid_ens[:3] = [0.16172719 0.86248882 0.02396834]
Adding mse_ens_j_i to mse_ens_j: 0.3175875708323595 + 0 = 0.3175875708323595 
Epoch 52,  mse = 0.3175875708323595
valid_ens[:3] = [0.16172719 0.86248882 0.02396834]
Adding mse_ens_j_i to mse_ens_j: 0.31578904089527216 + 0 = 0.31578904089527216 
Epoch 53,  mse = 0.31578904089527216
valid_ens[:3] = [0.16172719 0.86248882 0.02396834]
Adding mse_ens_j_i to mse_ens_j: 0.3140430553236367 + 0 = 0.3140430553236367 
Epoch 54,  mse = 0.3140430553236367
valid_ens[:3] = [0.16172719 0.86248882 0.02396834]
Adding mse_ens_j_i to mse_ens_j: 0.3123476782374229 + 0 = 0.3123476782374229 
Epoch 55,  mse = 0.3123476782374229
valid_ens[:3] = [0.16172719 0.86248882 0.02396834]
Adding mse_ens_j_i to mse_ens_j: 0.31070105432159406 + 0 = 0.31070105432159406 
Epoch 56,  mse = 0.31070105432159406
valid_ens[:3] = [0.16172719 0.86248882 0.02396834]
Adding mse_ens_j_i to mse_ens_j: 0.3091014055950107 + 0 = 0.3091014055950107 
Epoch 57,  mse = 0.3091014055950107
valid_ens[:3] = [0.16172719 0.86248882 0.02396834]
Adding mse_ens_j_i to mse_ens_j: 0.3075470284048978 + 0 = 0.3075470284048978 
Epoch 58,  mse = 0.3075470284048978
valid_ens[:3] = [0.16172719 0.86248882 0.02396834]
Adding mse_ens_j_i to mse_ens_j: 0.3060362904618305 + 0 = 0.3060362904618305 
Epoch 59,  mse = 0.3060362904618305
Epoch 60
valid_ens[:3] = [0.16172719 0.86248882 0.02396834]
Adding mse_ens_j_i to mse_ens_j: 0.30456762774149226 + 0 = 0.30456762774149226 
Epoch 60,  mse = 0.30456762774149226
valid_ens[:3] = [0.16172719 0.86248882 0.02396834]
Adding mse_ens_j_i to mse_ens_j: 0.3031395419932115 + 0 = 0.3031395419932115 
Epoch 61,  mse = 0.3031395419932115
valid_ens[:3] = [0.16172719 0.86248882 0.02396834]
Adding mse_ens_j_i to mse_ens_j: 0.3017505975051328 + 0 = 0.3017505975051328 
Epoch 62,  mse = 0.3017505975051328
valid_ens[:3] = [0.16172719 0.86248882 0.02396834]
Adding mse_ens_j_i to mse_ens_j: 0.30039941879884896 + 0 = 0.30039941879884896 
Epoch 63,  mse = 0.30039941879884896
valid_ens[:3] = [0.16172719 0.86248882 0.02396834]
Adding mse_ens_j_i to mse_ens_j: 0.29908468783102926 + 0 = 0.29908468783102926 
Epoch 64,  mse = 0.29908468783102926
valid_ens[:3] = [0.16172719 0.86248882 0.02396834]
Adding mse_ens_j_i to mse_ens_j: 0.29780514144955844 + 0 = 0.29780514144955844 
Epoch 65,  mse = 0.29780514144955844
valid_ens[:3] = [0.16172719 0.86248882 0.02396834]
Adding mse_ens_j_i to mse_ens_j: 0.2965595691130899 + 0 = 0.2965595691130899 
Epoch 66,  mse = 0.2965595691130899
valid_ens[:3] = [0.16172719 0.86248882 0.02396834]
Adding mse_ens_j_i to mse_ens_j: 0.29534681046308997 + 0 = 0.29534681046308997 
Epoch 67,  mse = 0.29534681046308997
valid_ens[:3] = [0.16172719 0.86248882 0.02396834]
Adding mse_ens_j_i to mse_ens_j: 0.2941657531329766 + 0 = 0.2941657531329766 
Epoch 68,  mse = 0.2941657531329766
valid_ens[:3] = [0.16172719 0.86248882 0.02396834]
Adding mse_ens_j_i to mse_ens_j: 0.293015330537618 + 0 = 0.293015330537618 
Epoch 69,  mse = 0.293015330537618
valid_ens[:3] = [0.16172719 0.86248882 0.02396834]
Adding mse_ens_j_i to mse_ens_j: 0.2918945199113333 + 0 = 0.2918945199113333 
Epoch 70,  mse = 0.2918945199113333
valid_ens[:3] = [0.16172719 0.86248882 0.02396834]
Adding mse_ens_j_i to mse_ens_j: 0.2908023402517953 + 0 = 0.2908023402517953 
Epoch 71,  mse = 0.2908023402517953
valid_ens[:3] = [0.16172719 0.86248882 0.02396834]
Adding mse_ens_j_i to mse_ens_j: 0.2897378504578126 + 0 = 0.2897378504578126 
Epoch 72,  mse = 0.2897378504578126
valid_ens[:3] = [0.16172719 0.86248882 0.02396834]
Adding mse_ens_j_i to mse_ens_j: 0.2887001475696492 + 0 = 0.2887001475696492 
Epoch 73,  mse = 0.2887001475696492
valid_ens[:3] = [0.16172719 0.86248882 0.02396834]
Adding mse_ens_j_i to mse_ens_j: 0.2876883649989852 + 0 = 0.2876883649989852 
Epoch 74,  mse = 0.2876883649989852
valid_ens[:3] = [0.16172719 0.86248882 0.02396834]
Adding mse_ens_j_i to mse_ens_j: 0.2867016709179911 + 0 = 0.2867016709179911 
Epoch 75,  mse = 0.2867016709179911
valid_ens[:3] = [0.16172719 0.86248882 0.02396834]
Adding mse_ens_j_i to mse_ens_j: 0.2857392667359723 + 0 = 0.2857392667359723 
Epoch 76,  mse = 0.2857392667359723
valid_ens[:3] = [0.16172719 0.86248882 0.02396834]
Adding mse_ens_j_i to mse_ens_j: 0.28480038546410164 + 0 = 0.28480038546410164 
Epoch 77,  mse = 0.28480038546410164
valid_ens[:3] = [0.16172719 0.86248882 0.02396834]
Adding mse_ens_j_i to mse_ens_j: 0.2838842904902051 + 0 = 0.2838842904902051 
Epoch 78,  mse = 0.2838842904902051
valid_ens[:3] = [0.16172719 0.86248882 0.02396834]
Adding mse_ens_j_i to mse_ens_j: 0.28299027407320804 + 0 = 0.28299027407320804 
Epoch 79,  mse = 0.28299027407320804
Epoch 80
valid_ens[:3] = [0.16172719 0.86248882 0.02396834]
Adding mse_ens_j_i to mse_ens_j: 0.2821176561168714 + 0 = 0.2821176561168714 
Epoch 80,  mse = 0.2821176561168714
valid_ens[:3] = [0.16172719 0.86248882 0.02396834]
Adding mse_ens_j_i to mse_ens_j: 0.28126578295208915 + 0 = 0.28126578295208915 
Epoch 81,  mse = 0.28126578295208915
valid_ens[:3] = [0.16172719 0.86248882 0.02396834]
Adding mse_ens_j_i to mse_ens_j: 0.2804340261390522 + 0 = 0.2804340261390522 
Epoch 82,  mse = 0.2804340261390522
valid_ens[:3] = [0.16172719 0.86248882 0.02396834]
Adding mse_ens_j_i to mse_ens_j: 0.27962178136910293 + 0 = 0.27962178136910293 
Epoch 83,  mse = 0.27962178136910293
valid_ens[:3] = [0.16172719 0.86248882 0.02396834]
Adding mse_ens_j_i to mse_ens_j: 0.27882846737727585 + 0 = 0.27882846737727585 
Epoch 84,  mse = 0.27882846737727585
valid_ens[:3] = [0.16172719 0.86248882 0.02396834]
Adding mse_ens_j_i to mse_ens_j: 0.2780535250010159 + 0 = 0.2780535250010159 
Epoch 85,  mse = 0.2780535250010159
valid_ens[:3] = [0.16172719 0.86248882 0.02396834]
Adding mse_ens_j_i to mse_ens_j: 0.27729641614732037 + 0 = 0.27729641614732037 
Epoch 86,  mse = 0.27729641614732037
valid_ens[:3] = [0.16172719 0.86248882 0.02396834]
Adding mse_ens_j_i to mse_ens_j: 0.2765566228944697 + 0 = 0.2765566228944697 
Epoch 87,  mse = 0.2765566228944697
valid_ens[:3] = [0.16172719 0.86248882 0.02396834]
Adding mse_ens_j_i to mse_ens_j: 0.2758336467036169 + 0 = 0.2758336467036169 
Epoch 88,  mse = 0.2758336467036169
valid_ens[:3] = [0.16172719 0.86248882 0.02396834]
Adding mse_ens_j_i to mse_ens_j: 0.275127007441954 + 0 = 0.275127007441954 
Epoch 89,  mse = 0.275127007441954
valid_ens[:3] = [0.16172719 0.86248882 0.02396834]
Adding mse_ens_j_i to mse_ens_j: 0.2744362426909582 + 0 = 0.2744362426909582 
Epoch 90,  mse = 0.2744362426909582
valid_ens[:3] = [0.16172719 0.86248882 0.02396834]
Adding mse_ens_j_i to mse_ens_j: 0.27376090700241634 + 0 = 0.27376090700241634 
Epoch 91,  mse = 0.27376090700241634
valid_ens[:3] = [0.16172719 0.86248882 0.02396834]
Adding mse_ens_j_i to mse_ens_j: 0.27310057114919095 + 0 = 0.27310057114919095 
Epoch 92,  mse = 0.27310057114919095
valid_ens[:3] = [0.16172719 0.86248882 0.02396834]
Adding mse_ens_j_i to mse_ens_j: 0.2724548214071382 + 0 = 0.2724548214071382 
Epoch 93,  mse = 0.2724548214071382
valid_ens[:3] = [0.16172719 0.86248882 0.02396834]
Adding mse_ens_j_i to mse_ens_j: 0.27182325895667514 + 0 = 0.27182325895667514 
Epoch 94,  mse = 0.27182325895667514
valid_ens[:3] = [0.16172719 0.86248882 0.02396834]
Adding mse_ens_j_i to mse_ens_j: 0.27120549927037574 + 0 = 0.27120549927037574 
Epoch 95,  mse = 0.27120549927037574
valid_ens[:3] = [0.16172719 0.86248882 0.02396834]
Adding mse_ens_j_i to mse_ens_j: 0.2706011714611723 + 0 = 0.2706011714611723 
Epoch 96,  mse = 0.2706011714611723
valid_ens[:3] = [0.16172719 0.86248882 0.02396834]
Adding mse_ens_j_i to mse_ens_j: 0.27000991771839333 + 0 = 0.27000991771839333 
Epoch 97,  mse = 0.27000991771839333
valid_ens[:3] = [0.16172719 0.86248882 0.02396834]
Adding mse_ens_j_i to mse_ens_j: 0.2694313928722853 + 0 = 0.2694313928722853 
Epoch 98,  mse = 0.2694313928722853
valid_ens[:3] = [0.16172719 0.86248882 0.02396834]
Adding mse_ens_j_i to mse_ens_j: 0.26886526373308944 + 0 = 0.26886526373308944 
Epoch 99,  mse = 0.26886526373308944
Epoch 100
valid_ens[:3] = [0.16172719 0.86248882 0.02396834]
Adding mse_ens_j_i to mse_ens_j: 0.268311208674407 + 0 = 0.268311208674407 
Epoch 100,  mse = 0.268311208674407
valid_ens[:3] = [0.16172719 0.86248882 0.02396834]
Adding mse_ens_j_i to mse_ens_j: 0.2677689171746491 + 0 = 0.2677689171746491 
Epoch 101,  mse = 0.2677689171746491
valid_ens[:3] = [0.16172719 0.86248882 0.02396834]
Adding mse_ens_j_i to mse_ens_j: 0.2672380893275283 + 0 = 0.2672380893275283 
Epoch 102,  mse = 0.2672380893275283
valid_ens[:3] = [0.16172719 0.86248882 0.02396834]
Adding mse_ens_j_i to mse_ens_j: 0.26671843540521506 + 0 = 0.26671843540521506 
Epoch 103,  mse = 0.26671843540521506
valid_ens[:3] = [0.16172719 0.86248882 0.02396834]
Adding mse_ens_j_i to mse_ens_j: 0.2662096755026159 + 0 = 0.2662096755026159 
Epoch 104,  mse = 0.2662096755026159
valid_ens[:3] = [0.16172719 0.86248882 0.02396834]
Adding mse_ens_j_i to mse_ens_j: 0.2657115390780134 + 0 = 0.2657115390780134 
Epoch 105,  mse = 0.2657115390780134
valid_ens[:3] = [0.16172719 0.86248882 0.02396834]
Adding mse_ens_j_i to mse_ens_j: 0.2652237646065796 + 0 = 0.2652237646065796 
Epoch 106,  mse = 0.2652237646065796
valid_ens[:3] = [0.16172719 0.86248882 0.02396834]
Adding mse_ens_j_i to mse_ens_j: 0.2647460992280387 + 0 = 0.2647460992280387 
Epoch 107,  mse = 0.2647460992280387
valid_ens[:3] = [0.16172719 0.86248882 0.02396834]
Adding mse_ens_j_i to mse_ens_j: 0.264278298369439 + 0 = 0.264278298369439 
Epoch 108,  mse = 0.264278298369439
valid_ens[:3] = [0.16172719 0.86248882 0.02396834]
Adding mse_ens_j_i to mse_ens_j: 0.2638201254616394 + 0 = 0.2638201254616394 
Epoch 109,  mse = 0.2638201254616394
valid_ens[:3] = [0.16172719 0.86248882 0.02396834]
Adding mse_ens_j_i to mse_ens_j: 0.2633713515422355 + 0 = 0.2633713515422355 
Epoch 110,  mse = 0.2633713515422355
valid_ens[:3] = [0.16172719 0.86248882 0.02396834]
Adding mse_ens_j_i to mse_ens_j: 0.2629317550830994 + 0 = 0.2629317550830994 
Epoch 111,  mse = 0.2629317550830994
valid_ens[:3] = [0.16172719 0.86248882 0.02396834]
Adding mse_ens_j_i to mse_ens_j: 0.26250112152386834 + 0 = 0.26250112152386834 
Epoch 112,  mse = 0.26250112152386834
valid_ens[:3] = [0.16172719 0.86248882 0.02396834]
Adding mse_ens_j_i to mse_ens_j: 0.2620792431565911 + 0 = 0.2620792431565911 
Epoch 113,  mse = 0.2620792431565911
valid_ens[:3] = [0.16172719 0.86248882 0.02396834]
Adding mse_ens_j_i to mse_ens_j: 0.26166591876596024 + 0 = 0.26166591876596024 
Epoch 114,  mse = 0.26166591876596024
valid_ens[:3] = [0.16172719 0.86248882 0.02396834]
Adding mse_ens_j_i to mse_ens_j: 0.26126095338948174 + 0 = 0.26126095338948174 
Epoch 115,  mse = 0.26126095338948174
valid_ens[:3] = [0.16172719 0.86248882 0.02396834]
Adding mse_ens_j_i to mse_ens_j: 0.26086415808061136 + 0 = 0.26086415808061136 
Epoch 116,  mse = 0.26086415808061136
valid_ens[:3] = [0.16172719 0.86248882 0.02396834]
Adding mse_ens_j_i to mse_ens_j: 0.26047534968801644 + 0 = 0.26047534968801644 
Epoch 117,  mse = 0.26047534968801644
valid_ens[:3] = [0.16172719 0.86248882 0.02396834]
Adding mse_ens_j_i to mse_ens_j: 0.26009435057176117 + 0 = 0.26009435057176117 
Epoch 118,  mse = 0.26009435057176117
valid_ens[:3] = [0.16172719 0.86248882 0.02396834]
Adding mse_ens_j_i to mse_ens_j: 0.25972098847900466 + 0 = 0.25972098847900466 
Epoch 119,  mse = 0.25972098847900466
Epoch 120
valid_ens[:3] = [0.16172719 0.86248882 0.02396834]
Adding mse_ens_j_i to mse_ens_j: 0.25935509623598896 + 0 = 0.25935509623598896 
Epoch 120,  mse = 0.25935509623598896
valid_ens[:3] = [0.16172719 0.86248882 0.02396834]
Adding mse_ens_j_i to mse_ens_j: 0.25899651161963283 + 0 = 0.25899651161963283 
Epoch 121,  mse = 0.25899651161963283
valid_ens[:3] = [0.16172719 0.86248882 0.02396834]
Adding mse_ens_j_i to mse_ens_j: 0.25864507714296514 + 0 = 0.25864507714296514 
Epoch 122,  mse = 0.25864507714296514
valid_ens[:3] = [0.16172719 0.86248882 0.02396834]
Adding mse_ens_j_i to mse_ens_j: 0.2583006398602576 + 0 = 0.2583006398602576 
Epoch 123,  mse = 0.2583006398602576
valid_ens[:3] = [0.16172719 0.86248882 0.02396834]
Adding mse_ens_j_i to mse_ens_j: 0.2579630512102702 + 0 = 0.2579630512102702 
Epoch 124,  mse = 0.2579630512102702
valid_ens[:3] = [0.16172719 0.86248882 0.02396834]
Adding mse_ens_j_i to mse_ens_j: 0.2576321668418763 + 0 = 0.2576321668418763 
Epoch 125,  mse = 0.2576321668418763
valid_ens[:3] = [0.16172719 0.86248882 0.02396834]
Adding mse_ens_j_i to mse_ens_j: 0.2573078464329274 + 0 = 0.2573078464329274 
Epoch 126,  mse = 0.2573078464329274
valid_ens[:3] = [0.16172719 0.86248882 0.02396834]
Adding mse_ens_j_i to mse_ens_j: 0.2569899535721859 + 0 = 0.2569899535721859 
Epoch 127,  mse = 0.2569899535721859
valid_ens[:3] = [0.16172719 0.86248882 0.02396834]
Adding mse_ens_j_i to mse_ens_j: 0.2566783555769466 + 0 = 0.2566783555769466 
Epoch 128,  mse = 0.2566783555769466
valid_ens[:3] = [0.16172719 0.86248882 0.02396834]
Adding mse_ens_j_i to mse_ens_j: 0.25637292336810547 + 0 = 0.25637292336810547 
Epoch 129,  mse = 0.25637292336810547
valid_ens[:3] = [0.16172719 0.86248882 0.02396834]
Adding mse_ens_j_i to mse_ens_j: 0.25607353132925786 + 0 = 0.25607353132925786 
Epoch 130,  mse = 0.25607353132925786
valid_ens[:3] = [0.16172719 0.86248882 0.02396834]
Adding mse_ens_j_i to mse_ens_j: 0.25578005716736346 + 0 = 0.25578005716736346 
Epoch 131,  mse = 0.25578005716736346
valid_ens[:3] = [0.16172719 0.86248882 0.02396834]
Adding mse_ens_j_i to mse_ens_j: 0.25549238180838824 + 0 = 0.25549238180838824 
Epoch 132,  mse = 0.25549238180838824
valid_ens[:3] = [0.16172719 0.86248882 0.02396834]
Adding mse_ens_j_i to mse_ens_j: 0.25521038924185946 + 0 = 0.25521038924185946 
Epoch 133,  mse = 0.25521038924185946
valid_ens[:3] = [0.16172719 0.86248882 0.02396834]
Adding mse_ens_j_i to mse_ens_j: 0.25493396644740757 + 0 = 0.25493396644740757 
Epoch 134,  mse = 0.25493396644740757
valid_ens[:3] = [0.16172719 0.86248882 0.02396834]
Adding mse_ens_j_i to mse_ens_j: 0.2546630032426998 + 0 = 0.2546630032426998 
Epoch 135,  mse = 0.2546630032426998
valid_ens[:3] = [0.16172719 0.86248882 0.02396834]
Adding mse_ens_j_i to mse_ens_j: 0.25439739222078617 + 0 = 0.25439739222078617 
Epoch 136,  mse = 0.25439739222078617
valid_ens[:3] = [0.16172719 0.86248882 0.02396834]
Adding mse_ens_j_i to mse_ens_j: 0.2541370286024506 + 0 = 0.2541370286024506 
Epoch 137,  mse = 0.2541370286024506
valid_ens[:3] = [0.16172719 0.86248882 0.02396834]
Adding mse_ens_j_i to mse_ens_j: 0.25388181017946604 + 0 = 0.25388181017946604 
Epoch 138,  mse = 0.25388181017946604
valid_ens[:3] = [0.16172719 0.86248882 0.02396834]
Adding mse_ens_j_i to mse_ens_j: 0.25363163718510284 + 0 = 0.25363163718510284 
Epoch 139,  mse = 0.25363163718510284
Epoch 140
valid_ens[:3] = [0.16172719 0.86248882 0.02396834]
Adding mse_ens_j_i to mse_ens_j: 0.25338641223528513 + 0 = 0.25338641223528513 
Epoch 140,  mse = 0.25338641223528513
valid_ens[:3] = [0.16172719 0.86248882 0.02396834]
Adding mse_ens_j_i to mse_ens_j: 0.2531460402366529 + 0 = 0.2531460402366529 
Epoch 141,  mse = 0.2531460402366529
valid_ens[:3] = [0.16172719 0.86248882 0.02396834]
Adding mse_ens_j_i to mse_ens_j: 0.25291042828213456 + 0 = 0.25291042828213456 
Epoch 142,  mse = 0.25291042828213456
valid_ens[:3] = [0.16172719 0.86248882 0.02396834]
Adding mse_ens_j_i to mse_ens_j: 0.25267948560780845 + 0 = 0.25267948560780845 
Epoch 143,  mse = 0.25267948560780845
valid_ens[:3] = [0.16172719 0.86248882 0.02396834]
Adding mse_ens_j_i to mse_ens_j: 0.25245312349157284 + 0 = 0.25245312349157284 
Epoch 144,  mse = 0.25245312349157284
valid_ens[:3] = [0.16172719 0.86248882 0.02396834]
Adding mse_ens_j_i to mse_ens_j: 0.25223125518839123 + 0 = 0.25223125518839123 
Epoch 145,  mse = 0.25223125518839123
valid_ens[:3] = [0.16172719 0.86248882 0.02396834]
Adding mse_ens_j_i to mse_ens_j: 0.25201379586522293 + 0 = 0.25201379586522293 
Epoch 146,  mse = 0.25201379586522293
valid_ens[:3] = [0.16172719 0.86248882 0.02396834]
Adding mse_ens_j_i to mse_ens_j: 0.2518006625440659 + 0 = 0.2518006625440659 
Epoch 147,  mse = 0.2518006625440659
valid_ens[:3] = [0.16172719 0.86248882 0.02396834]
Adding mse_ens_j_i to mse_ens_j: 0.25159177401267296 + 0 = 0.25159177401267296 
Epoch 148,  mse = 0.25159177401267296
valid_ens[:3] = [0.16172719 0.86248882 0.02396834]
Adding mse_ens_j_i to mse_ens_j: 0.2513870507971568 + 0 = 0.2513870507971568 
Epoch 149,  mse = 0.2513870507971568
valid_ens[:3] = [0.16172719 0.86248882 0.02396834]
Adding mse_ens_j_i to mse_ens_j: 0.2511864150748602 + 0 = 0.2511864150748602 
Epoch 150,  mse = 0.2511864150748602
valid_ens[:3] = [0.16172719 0.86248882 0.02396834]
Adding mse_ens_j_i to mse_ens_j: 0.25098979064983407 + 0 = 0.25098979064983407 
Epoch 151,  mse = 0.25098979064983407
valid_ens[:3] = [0.16172719 0.86248882 0.02396834]
Adding mse_ens_j_i to mse_ens_j: 0.25079710287463713 + 0 = 0.25079710287463713 
Epoch 152,  mse = 0.25079710287463713
valid_ens[:3] = [0.16172719 0.86248882 0.02396834]
Adding mse_ens_j_i to mse_ens_j: 0.2506082786158636 + 0 = 0.2506082786158636 
Epoch 153,  mse = 0.2506082786158636
valid_ens[:3] = [0.16172719 0.86248882 0.02396834]
Adding mse_ens_j_i to mse_ens_j: 0.25042324620080203 + 0 = 0.25042324620080203 
Epoch 154,  mse = 0.25042324620080203
valid_ens[:3] = [0.16172719 0.86248882 0.02396834]
Adding mse_ens_j_i to mse_ens_j: 0.2502419353767849 + 0 = 0.2502419353767849 
Epoch 155,  mse = 0.2502419353767849
valid_ens[:3] = [0.16172719 0.86248882 0.02396834]
Adding mse_ens_j_i to mse_ens_j: 0.25006427725753905 + 0 = 0.25006427725753905 
Epoch 156,  mse = 0.25006427725753905
valid_ens[:3] = [0.16172719 0.86248882 0.02396834]
Adding mse_ens_j_i to mse_ens_j: 0.2498902042884357 + 0 = 0.2498902042884357 
Epoch 157,  mse = 0.2498902042884357
valid_ens[:3] = [0.16172719 0.86248882 0.02396834]
Adding mse_ens_j_i to mse_ens_j: 0.24971965022002726 + 0 = 0.24971965022002726 
Epoch 158,  mse = 0.24971965022002726
valid_ens[:3] = [0.16172719 0.86248882 0.02396834]
Adding mse_ens_j_i to mse_ens_j: 0.24955255004530838 + 0 = 0.24955255004530838 
Epoch 159,  mse = 0.24955255004530838
Epoch 160
valid_ens[:3] = [0.16172719 0.86248882 0.02396834]
Adding mse_ens_j_i to mse_ens_j: 0.24938883998303635 + 0 = 0.24938883998303635 
Epoch 160,  mse = 0.24938883998303635
valid_ens[:3] = [0.16172719 0.86248882 0.02396834]
Adding mse_ens_j_i to mse_ens_j: 0.2492284574323015 + 0 = 0.2492284574323015 
Epoch 161,  mse = 0.2492284574323015
valid_ens[:3] = [0.16172719 0.86248882 0.02396834]
Adding mse_ens_j_i to mse_ens_j: 0.2490713409459395 + 0 = 0.2490713409459395 
Epoch 162,  mse = 0.2490713409459395
valid_ens[:3] = [0.16172719 0.86248882 0.02396834]
Adding mse_ens_j_i to mse_ens_j: 0.2489174302013763 + 0 = 0.2489174302013763 
Epoch 163,  mse = 0.2489174302013763
valid_ens[:3] = [0.16172719 0.86248882 0.02396834]
Adding mse_ens_j_i to mse_ens_j: 0.2487666659607101 + 0 = 0.2487666659607101 
Epoch 164,  mse = 0.2487666659607101
valid_ens[:3] = [0.16172719 0.86248882 0.02396834]
Adding mse_ens_j_i to mse_ens_j: 0.24861899005451474 + 0 = 0.24861899005451474 
Epoch 165,  mse = 0.24861899005451474
valid_ens[:3] = [0.16172719 0.86248882 0.02396834]
Adding mse_ens_j_i to mse_ens_j: 0.24847434534918678 + 0 = 0.24847434534918678 
Epoch 166,  mse = 0.24847434534918678
valid_ens[:3] = [0.16172719 0.86248882 0.02396834]
Adding mse_ens_j_i to mse_ens_j: 0.24833267571585238 + 0 = 0.24833267571585238 
Epoch 167,  mse = 0.24833267571585238
valid_ens[:3] = [0.16172719 0.86248882 0.02396834]
Adding mse_ens_j_i to mse_ens_j: 0.24819392601391818 + 0 = 0.24819392601391818 
Epoch 168,  mse = 0.24819392601391818
valid_ens[:3] = [0.16172719 0.86248882 0.02396834]
Adding mse_ens_j_i to mse_ens_j: 0.2480580420714056 + 0 = 0.2480580420714056 
Epoch 169,  mse = 0.2480580420714056
valid_ens[:3] = [0.16172719 0.86248882 0.02396834]
Adding mse_ens_j_i to mse_ens_j: 0.24792497063874377 + 0 = 0.24792497063874377 
Epoch 170,  mse = 0.24792497063874377
valid_ens[:3] = [0.16172719 0.86248882 0.02396834]
Adding mse_ens_j_i to mse_ens_j: 0.24779465939848513 + 0 = 0.24779465939848513 
Epoch 171,  mse = 0.24779465939848513
valid_ens[:3] = [0.16172719 0.86248882 0.02396834]
Adding mse_ens_j_i to mse_ens_j: 0.247667056929804 + 0 = 0.247667056929804 
Epoch 172,  mse = 0.247667056929804
valid_ens[:3] = [0.16172719 0.86248882 0.02396834]
Adding mse_ens_j_i to mse_ens_j: 0.24754211267758947 + 0 = 0.24754211267758947 
Epoch 173,  mse = 0.24754211267758947
valid_ens[:3] = [0.16172719 0.86248882 0.02396834]
Adding mse_ens_j_i to mse_ens_j: 0.24741977696097514 + 0 = 0.24741977696097514 
Epoch 174,  mse = 0.24741977696097514
valid_ens[:3] = [0.16172719 0.86248882 0.02396834]
Adding mse_ens_j_i to mse_ens_j: 0.24730000092480772 + 0 = 0.24730000092480772 
Epoch 175,  mse = 0.24730000092480772
valid_ens[:3] = [0.16172719 0.86248882 0.02396834]
Adding mse_ens_j_i to mse_ens_j: 0.24718273655507944 + 0 = 0.24718273655507944 
Epoch 176,  mse = 0.24718273655507944
valid_ens[:3] = [0.16172719 0.86248882 0.02396834]
Adding mse_ens_j_i to mse_ens_j: 0.24706793662490437 + 0 = 0.24706793662490437 
Epoch 177,  mse = 0.24706793662490437
valid_ens[:3] = [0.16172719 0.86248882 0.02396834]
Adding mse_ens_j_i to mse_ens_j: 0.24695555471752378 + 0 = 0.24695555471752378 
Epoch 178,  mse = 0.24695555471752378
valid_ens[:3] = [0.16172719 0.86248882 0.02396834]
Adding mse_ens_j_i to mse_ens_j: 0.2468455451756433 + 0 = 0.2468455451756433 
Epoch 179,  mse = 0.2468455451756433
Epoch 180
valid_ens[:3] = [0.16172719 0.86248882 0.02396834]
Adding mse_ens_j_i to mse_ens_j: 0.24673786311443777 + 0 = 0.24673786311443777 
Epoch 180,  mse = 0.24673786311443777
valid_ens[:3] = [0.16172719 0.86248882 0.02396834]
Adding mse_ens_j_i to mse_ens_j: 0.24663246439574726 + 0 = 0.24663246439574726 
Epoch 181,  mse = 0.24663246439574726
valid_ens[:3] = [0.16172719 0.86248882 0.02396834]
Adding mse_ens_j_i to mse_ens_j: 0.24652930561156297 + 0 = 0.24652930561156297 
Epoch 182,  mse = 0.24652930561156297
valid_ens[:3] = [0.16172719 0.86248882 0.02396834]
Adding mse_ens_j_i to mse_ens_j: 0.2464283440807534 + 0 = 0.2464283440807534 
Epoch 183,  mse = 0.2464283440807534
valid_ens[:3] = [0.16172719 0.86248882 0.02396834]
Adding mse_ens_j_i to mse_ens_j: 0.24632953782398362 + 0 = 0.24632953782398362 
Epoch 184,  mse = 0.24632953782398362
valid_ens[:3] = [0.16172719 0.86248882 0.02396834]
Adding mse_ens_j_i to mse_ens_j: 0.2462328455665398 + 0 = 0.2462328455665398 
Epoch 185,  mse = 0.2462328455665398
valid_ens[:3] = [0.16172719 0.86248882 0.02396834]
Adding mse_ens_j_i to mse_ens_j: 0.2461382267106119 + 0 = 0.2461382267106119 
Epoch 186,  mse = 0.2461382267106119
valid_ens[:3] = [0.16172719 0.86248882 0.02396834]
Adding mse_ens_j_i to mse_ens_j: 0.24604564134214355 + 0 = 0.24604564134214355 
Epoch 187,  mse = 0.24604564134214355
valid_ens[:3] = [0.16172719 0.86248882 0.02396834]
Adding mse_ens_j_i to mse_ens_j: 0.2459550502045161 + 0 = 0.2459550502045161 
Epoch 188,  mse = 0.2459550502045161
valid_ens[:3] = [0.16172719 0.86248882 0.02396834]
Adding mse_ens_j_i to mse_ens_j: 0.24586641469311682 + 0 = 0.24586641469311682 
Epoch 189,  mse = 0.24586641469311682
valid_ens[:3] = [0.16172719 0.86248882 0.02396834]
Adding mse_ens_j_i to mse_ens_j: 0.24577969685513573 + 0 = 0.24577969685513573 
Epoch 190,  mse = 0.24577969685513573
valid_ens[:3] = [0.16172719 0.86248882 0.02396834]
Adding mse_ens_j_i to mse_ens_j: 0.24569485935985577 + 0 = 0.24569485935985577 
Epoch 191,  mse = 0.24569485935985577
valid_ens[:3] = [0.16172719 0.86248882 0.02396834]
Adding mse_ens_j_i to mse_ens_j: 0.24561186550252362 + 0 = 0.24561186550252362 
Epoch 192,  mse = 0.24561186550252362
valid_ens[:3] = [0.16172719 0.86248882 0.02396834]
Adding mse_ens_j_i to mse_ens_j: 0.24553067920079683 + 0 = 0.24553067920079683 
Epoch 193,  mse = 0.24553067920079683
valid_ens[:3] = [0.16172719 0.86248882 0.02396834]
Adding mse_ens_j_i to mse_ens_j: 0.2454512649691239 + 0 = 0.2454512649691239 
Epoch 194,  mse = 0.2454512649691239
valid_ens[:3] = [0.16172719 0.86248882 0.02396834]
Adding mse_ens_j_i to mse_ens_j: 0.24537358791920677 + 0 = 0.24537358791920677 
Epoch 195,  mse = 0.24537358791920677
valid_ens[:3] = [0.16172719 0.86248882 0.02396834]
Adding mse_ens_j_i to mse_ens_j: 0.24529761375722314 + 0 = 0.24529761375722314 
Epoch 196,  mse = 0.24529761375722314
valid_ens[:3] = [0.16172719 0.86248882 0.02396834]
Adding mse_ens_j_i to mse_ens_j: 0.2452233087624626 + 0 = 0.2452233087624626 
Epoch 197,  mse = 0.2452233087624626
valid_ens[:3] = [0.16172719 0.86248882 0.02396834]
Adding mse_ens_j_i to mse_ens_j: 0.24515063978976054 + 0 = 0.24515063978976054 
Epoch 198,  mse = 0.24515063978976054
valid_ens[:3] = [0.16172719 0.86248882 0.02396834]
Adding mse_ens_j_i to mse_ens_j: 0.24507957425231086 + 0 = 0.24507957425231086 
Epoch 199,  mse = 0.24507957425231086
Calculating weights
+-------------------------+-----------+------------------+---------+-------------+---------+---------+--------------+
| name                    | class     | transform        | prior   | trainable   | shape   | dtype   |        value |
+=========================+===========+==================+=========+=============+=========+=========+==============+
| GPR.kernel.variance     | Parameter | Softplus         |         | True        | ()      | float64 | 0.221759     |
+-------------------------+-----------+------------------+---------+-------------+---------+---------+--------------+
| GPR.kernel.degree       | Parameter | Identity         |         | False       | ()      | float64 | 2            |
+-------------------------+-----------+------------------+---------+-------------+---------+---------+--------------+
| GPR.kernel.offset       | Parameter | Softplus         |         | False       | ()      | float64 | 2.22507e-308 |
+-------------------------+-----------+------------------+---------+-------------+---------+---------+--------------+
| GPR.likelihood.variance | Parameter | Softplus + Shift |         | True        | ()      | float64 | 0.000564919  |
+-------------------------+-----------+------------------+---------+-------------+---------+---------+--------------+
Predicting final energies
Training time outside of epochs in training cell  : 1.211
Training time per epoch                           : 1.474
Prediction time                                   : 0.391
Stored the hyperparameters and mse values for plotting under n=1000
The title axes are not assigned correctly. Currently fixing.
Our observation noise variance implies our reference error is +/- 0.00483 /atom
Calculated the following error statistics: ('rmse', 'mae', 'mxae', 'r2', 'logvae', 'm', 'b')
Calculated the following error statistics: ('rmse', 'mae', 'mxae', 'r2', 'logvae', 'm', 'b')
Calculated the following error statistics: ('rmse', 'mae', 'mxae', 'r2', 'logvae', 'm', 'b')
Checking if outliers exists among energy predictions.
Outliers of error defined to exist outside the range (25th percentile - 1.5*25th-75th percentile range, 75th percentile + 1.5*25th-75th percentile range), i.e. (-51.02, 51.92).
Additionally, error was not considered an outlier if it fell outside that range, but was within 0.2 * 25th-75th percentile range ( = 5.15) of non-outlier error
7/400 error were found to be outliers.
Cropping energy plots determined to be unnecessary.
                               Global Energy Global Energy/Atom   Local Energy
Units                               kcal/mol      kcal/mol/Atom  kcal/mol/Atom
Root Mean Squared Error            23.472185           1.955309       2.487804
Mean Absolute Error                17.010412           1.239576       1.779785
Max Absolute Error                102.157053          14.593865      17.381836
r²                                  0.992053           0.931681        0.78582
Variance of Log Absolute Error      1.591351           1.764789       1.417503
Linear Fit Slope                    1.038514           0.731172       0.756423
Linear Fit y-Intercept              62.44327         -27.156357     -24.566442
Filename '/home/sstafford/Documents/Python/miniGAP/minigap/results/QM7_with_hyperparameter_training/energy_prediction_plots.png' selected.
Filename '/home/sstafford/Documents/Python/miniGAP/minigap/results/QM7_with_hyperparameter_training/energy_errors.csv' selected.
