

░░░░░░░░░░░░░░░░░░░░░░░░░░░░░░░░░░░░░░░░░░░░░░░░░░░░░░░░░░░░░░░░░░░░░░░░░░░░░░░
░░░░░░░░░░░░░░░░░░░░░░░░░░░░░░░░░░░░░░░░░░░░░░░░░░░░░░░░░░░░░░░░░░░░░░░░░░░░░░░
░░███████████████████████████████████████████████████████████████████████████░░
░░██████████████████████████████████           ██████     ██████           ██░░
░░██████████████████████████████████   █████   ████         ████   █████   ██░░
░░██████████████████████████████████   █████   ███    ███    ███   █████   ██░░
░░██████████████████████████████████   ███████████   █████   ███   █████   ██░░
░░██████████████████████████████████   ███████████   █████   ███           ██░░
░░███████████████  ████████████  ███   ███     ███           ███   ██████████░░
░░██          ████████      ████████   █████   ███   █████   ███   ██████████░░
░░██  ██  ██  ███  ███  ██  ███  ███   █████   ███   █████   ███   ██████████░░
░░██  ██  ██  ███  ███  ██  ███  ███           ███   █████   ███   ██████████░░
░░███████████████████████████████████████████████████████████████████████████░░
░░░░░░░░░░░░░░░░░░░░░░░░░░░░░░░░░░░░░░░░░░░░░░░░░░░░░░░░░░░░░░░░░░░░░░░░░░░░░░░
░░░░░░░░░░░░░░░░░░░░░░░░░░░░░░░░░░░░░░░░░░░░░░░░░░░░░░░░░░░░░░░░░░░░░░░░░░░░░░░
░░░░░                                                                     ░░░░░
░░░░░  version 0.0.1                                                      ░░░░░
░░░░░                                                                     ░░░░░
░░░░░  script created on 2021/12/17                                       ░░░░░
░░░░░                                                                     ░░░░░
░░░░░  GitHub Repository HTTPS://GITHUB.COM/ALVAROVM/MINIGAP              ░░░░░
░░░░░                                                                     ░░░░░
░░░░░░░░░░░░░░░░░░░░░░░░░░░░░░░░░░░░░░░░░░░░░░░░░░░░░░░░░░░░░░░░░░░░░░░░░░░░░░░
░░░░░░░░░░░░░░░░░░░░░░░░░░░░░░░░░░░░░░░░░░░░░░░░░░░░░░░░░░░░░░░░░░░░░░░░░░░░░░░
░░░░░                                                                     ░░░░░
░░░░░  Authors                                                            ░░░░░
░░░░░                                                                     ░░░░░
░░░░░  Sean Stafford                                                      ░░░░░
░░░░░  Dr. Álvaro Vázquez-Mayagoitia                                      ░░░░░
░░░░░  Dr. Murat Keçeli                                                   ░░░░░
░░░░░  Dr. Jose L. Mendoza-Cortes                                         ░░░░░
░░░░░                                                                     ░░░░░
░░░░░░░░░░░░░░░░░░░░░░░░░░░░░░░░░░░░░░░░░░░░░░░░░░░░░░░░░░░░░░░░░░░░░░░░░░░░░░░
░░░░░░░░░░░░░░░░░░░░░░░░░░░░░░░░░░░░░░░░░░░░░░░░░░░░░░░░░░░░░░░░░░░░░░░░░░░░░░░
░░░░░                                                                     ░░░░░
░░░░░  Copyright 2021 Argonne UChicago LLC                                ░░░░░
░░░░░                                                                     ░░░░░
░░░░░░░░░░░░░░░░░░░░░░░░░░░░░░░░░░░░░░░░░░░░░░░░░░░░░░░░░░░░░░░░░░░░░░░░░░░░░░░
░░░░░░░░░░░░░░░░░░░░░░░░░░░░░░░░░░░░░░░░░░░░░░░░░░░░░░░░░░░░░░░░░░░░░░░░░░░░░░░


Input settings for this calculation stored in /home/sstafford/Documents/Python/miniGAP/minigap/results/Alcohol/miniGAP.settings
Stack size set to unlimited
1 GPU(s) recognized by tensorflow: [PhysicalDevice(name='/physical_device:GPU:0', device_type='GPU')]
Now generating MD trajectory of 1000 C2H6O structures at 0 K using VelocityVerlet dynamics and the EMT calculator
Filename '/home/sstafford/Documents/Python/miniGAP/minigap/results/Alcohol/C2H6O_VelocityVerlet.traj' selected.
Step 100: Energy per atom: Epot = 0.298eV  Ekin = 0.149eV  Etot = 0.447eV
Step 200: Energy per atom: Epot = 0.316eV  Ekin = 0.131eV  Etot = 0.447eV
Step 300: Energy per atom: Epot = 0.362eV  Ekin = 0.085eV  Etot = 0.447eV
Step 400: Energy per atom: Epot = 0.261eV  Ekin = 0.186eV  Etot = 0.447eV
Step 500: Energy per atom: Epot = 0.343eV  Ekin = 0.105eV  Etot = 0.447eV
Step 600: Energy per atom: Epot = 0.339eV  Ekin = 0.108eV  Etot = 0.447eV
Step 700: Energy per atom: Epot = 0.377eV  Ekin = 0.070eV  Etot = 0.447eV
Step 800: Energy per atom: Epot = 0.357eV  Ekin = 0.090eV  Etot = 0.447eV
Step 900: Energy per atom: Epot = 0.338eV  Ekin = 0.109eV  Etot = 0.447eV
Step 999: Energy per atom: Epot = 0.380eV  Ekin = 0.067eV  Etot = 0.447eV
Compiling structures into list took 5.18 seconds
Generating animation frame 0 (0% complete)
Generating animation frame 10 (10% complete)
Generating animation frame 20 (20% complete)
Generating animation frame 30 (30% complete)
Generating animation frame 40 (40% complete)
Generating animation frame 50 (50% complete)
Generating animation frame 60 (60% complete)
Generating animation frame 70 (70% complete)
Generating animation frame 80 (80% complete)
Generating animation frame 90 (90% complete)
Generating animation frame 100 (100% complete)
Filename '/home/sstafford/Documents/Python/miniGAP/minigap/results/Alcohol/structure_animation.mp4' selected.
Generating animation frame 0 (0% complete)
Generating animation frame 10 (10% complete)
Generating animation frame 20 (20% complete)
Generating animation frame 30 (30% complete)
Generating animation frame 40 (40% complete)
Generating animation frame 50 (50% complete)
Generating animation frame 60 (60% complete)
Generating animation frame 70 (70% complete)
Generating animation frame 80 (80% complete)
Generating animation frame 90 (90% complete)
Generating animation frame 100 (100% complete)
Created animation of the structural dataset used in this calculation in the results directory. This might be useful to verify the correct structures are being used.
Created animation of structures in 4.88 seconds 
Gathered energy, force and structure info in 1.94 seconds
Completed the initial setup of miniGAP (including compiling structural data) in 14.63 seconds
Generated SOAP descriptors and derivatives in 10.61 seconds
Split the 1000-structure dataset into a 600-structure training dataset and a 400-structure test dataset.
The test dataset will be set aside until the model is trained and ready for prediction.
Reformatted data to build model in 0.10 seconds.
Not using any sparsity.
Using a degree 2 polynomial kernel.
Alert: Double check the training validity for degree =/= 1 when not using predict_f
Training using 4860 atoms without batching.
Calculating weights
+-------------------------+-----------+------------------+---------+-------------+---------+---------+--------------+
| name                    | class     | transform        | prior   | trainable   | shape   | dtype   |        value |
+=========================+===========+==================+=========+=============+=========+=========+==============+
| GPR.kernel.variance     | Parameter | Softplus         |         | True        | ()      | float64 | 1            |
+-------------------------+-----------+------------------+---------+-------------+---------+---------+--------------+
| GPR.kernel.degree       | Parameter | Identity         |         | False       | ()      | float64 | 2            |
+-------------------------+-----------+------------------+---------+-------------+---------+---------+--------------+
| GPR.kernel.offset       | Parameter | Softplus         |         | False       | ()      | float64 | 2.22507e-308 |
+-------------------------+-----------+------------------+---------+-------------+---------+---------+--------------+
| GPR.likelihood.variance | Parameter | Softplus + Shift |         | True        | ()      | float64 | 0.0001       |
+-------------------------+-----------+------------------+---------+-------------+---------+---------+--------------+
Predicting final energies
Predicting final forces
Training time outside of epochs in training cell  : 0.845
Prediction time                                   : 0.747
Stored the hyperparameters and mse values for plotting under n=1000
Our observation noise variance implies our reference error is +/- 0.255 /atom
Calculated the following error statistics: ('rmse', 'mae', 'mxae', 'r2', 'logvae', 'm', 'b')
Calculated the following error statistics: ('rmse', 'mae', 'mxae', 'r2', 'logvae', 'm', 'b')
Calculated the following error statistics: ('rmse', 'mae', 'mxae', 'r2', 'logvae', 'm', 'b')
Checking if outliers exists among energy predictions.
Outliers of error defined to exist outside the range (25th percentile - 1.5*25th-75th percentile range, 75th percentile + 1.5*25th-75th percentile range), i.e. (-0.04, 0.04).
Additionally, error was not considered an outlier if it fell outside that range, but was within 0.2 * 25th-75th percentile range ( = 0.00) of non-outlier error
9/400 error were found to be outliers.
Cropping energy plots determined to be unnecessary.
                               Global Energy Global Energy/Atom Local Energy
Units                                     eV            eV/Atom      eV/Atom
Root Mean Squared Error             0.016811           0.001868     0.003182
Mean Absolute Error                 0.012721           0.001413     0.001856
Max Absolute Error                  0.055811           0.006201     0.023855
r²                                  0.998273           0.998273          1.0
Variance of Log Absolute Error       1.23208            1.23208     1.816643
Linear Fit Slope                    0.995369           0.995369     1.000002
Linear Fit y-Intercept              0.013662           0.001518    -0.000054
Filename '/home/sstafford/Documents/Python/miniGAP/minigap/results/Alcohol/energy_prediction_plots.png' selected.
Filename '/home/sstafford/Documents/Python/miniGAP/minigap/results/Alcohol/energy_errors.csv' selected.
/home/sstafford/Documents/Python/miniGAP/minigap/code/analysis_helpers.py:87: RuntimeWarning: divide by zero encountered in log
  error_statistics[stat] = np.var(np.log(abs_errors), axis=0)
/home/sstafford/anaconda3/envs/minigap/lib/python3.9/site-packages/numpy/core/_methods.py:229: RuntimeWarning: invalid value encountered in subtract
  x = asanyarray(arr - arrmean)
Calculated the following error statistics: ('rmse', 'mae', 'mxae', 'r2', 'logvae', 'm', 'b')
Checking if outliers exists among Cartesian force components predictions.
Outliers of error defined to exist outside the range (25th percentile - 1.5*25th-75th percentile range, 75th percentile + 1.5*25th-75th percentile range), i.e. (-14.53, 14.95).
Additionally, error was not considered an outlier if it fell outside that range, but was within 0.2 * 25th-75th percentile range ( = 1.47) of non-outlier error
148/10800 error were found to be outliers.
Checking if outliers exists among force magnitude predictions.
Outliers of error defined to exist outside the range (25th percentile - 1.5*25th-75th percentile range, 75th percentile + 1.5*25th-75th percentile range), i.e. (-19.76, 47.23).
Additionally, error was not considered an outlier if it fell outside that range, but was within 0.2 * 25th-75th percentile range ( = 3.35) of non-outlier error
105/3600 error were found to be outliers.
Checking if outliers exists among force angle predictions.
Outliers of error defined to exist outside the range (25th percentile - 1.5*25th-75th percentile range, 75th percentile + 1.5*25th-75th percentile range), i.e. (-0.00, 0.00).
Additionally, error was not considered an outlier if it fell outside that range, but was within 0.2 * 25th-75th percentile range ( = 0.00) of non-outlier error
1634/3600 error were found to be outliers.
                                        Fx         Fy         Fz        |F|           θ
Units                               eV/ang     eV/ang     eV/ang     eV/ang           °
Root Mean Squared Error          30.214545  16.328847   7.787729  34.267896   30.493693
Mean Absolute Error               14.52951  10.978921   2.418839  19.366667   17.091476
Max Absolute Error              220.673191  58.689861  57.480012  221.47271  147.647953
r²                                 0.06477   0.015017   0.037597   0.079908    0.116286
Variance of Log Absolute Error    1.694885   2.246398        NaN   1.747391         NaN
Linear Fit Slope                  4.784388   1.390755   2.346805   6.043798    0.223346
Linear Fit y-Intercept           -2.761471   2.199441       -0.0  10.152093   69.898895
Filename '/home/sstafford/Documents/Python/miniGAP/minigap/results/Alcohol/force_prediction_plots.png' selected.
Filename '/home/sstafford/Documents/Python/miniGAP/minigap/results/Alcohol/force_errors.csv' selected.
