Logging all output starting now into /home/sstafford/Documents/Python/miniGAP/minigap/results/Benzene_12_06_2021/miniGAP.log
Input settings for this calculation stored in /home/sstafford/Documents/Python/miniGAP/minigap/results/Benzene_12_06_2021/miniGAP.settings
Stack size set to unlimited
1 GPU(s) recognized by tensorflow: [PhysicalDevice(name='/physical_device:GPU:0', device_type='GPU')]
Now generating MD trajectory of 600 C6H6 structures at 0 K using VelocityVerlet dynamics and the EMT calculator
Filename '/home/sstafford/Documents/Python/miniGAP/minigap/results/Benzene_12_06_2021/C6H6_VelocityVerlet.traj' selected.
Step 60: Energy per atom: Epot = 0.322eV  Ekin = 0.031eV  Etot = 0.353eV
Step 120: Energy per atom: Epot = 0.218eV  Ekin = 0.135eV  Etot = 0.353eV
Step 180: Energy per atom: Epot = 0.186eV  Ekin = 0.167eV  Etot = 0.353eV
Step 240: Energy per atom: Epot = 0.243eV  Ekin = 0.110eV  Etot = 0.353eV
Step 300: Energy per atom: Epot = 0.309eV  Ekin = 0.044eV  Etot = 0.353eV
Step 360: Energy per atom: Epot = 0.338eV  Ekin = 0.015eV  Etot = 0.353eV
Step 420: Energy per atom: Epot = 0.267eV  Ekin = 0.086eV  Etot = 0.353eV
Step 480: Energy per atom: Epot = 0.235eV  Ekin = 0.117eV  Etot = 0.353eV
Step 540: Energy per atom: Epot = 0.219eV  Ekin = 0.134eV  Etot = 0.353eV
Step 599: Energy per atom: Epot = 0.257eV  Ekin = 0.096eV  Etot = 0.353eV
Compiling structures into list took 3.61 seconds
Generating animation frame 0 (0% complete)
Generating animation frame 10 (10% complete)
Generating animation frame 20 (20% complete)
Generating animation frame 30 (30% complete)
Generating animation frame 40 (40% complete)
Generating animation frame 50 (50% complete)
Generating animation frame 60 (60% complete)
Generating animation frame 70 (70% complete)
Generating animation frame 80 (80% complete)
Generating animation frame 90 (90% complete)
Generating animation frame 100 (100% complete)
Filename '/home/sstafford/Documents/Python/miniGAP/minigap/results/Benzene_12_06_2021/structure_animation.mp4' selected.
Generating animation frame 0 (0% complete)
Generating animation frame 10 (10% complete)
Generating animation frame 20 (20% complete)
Generating animation frame 30 (30% complete)
Generating animation frame 40 (40% complete)
Generating animation frame 50 (50% complete)
Generating animation frame 60 (60% complete)
Generating animation frame 70 (70% complete)
Generating animation frame 80 (80% complete)
Generating animation frame 90 (90% complete)
Generating animation frame 100 (100% complete)
Created animation of the structural dataset used in this calculation in the results directory. This might be useful to verify the correct structures are being used.
Created animation of structures in 5.02099609375 seconds 
Gathered energy, force and structure info in 1.47 seconds
Completed the initial setup of miniGAP (including compiling structural data) in 12.40 seconds
Generated SOAP descriptors and derivatives in 12.10 seconds
Reformatted data to build model in 0.06 seconds.
Not using any sparsity.
Using a degree 2 polynomial kernel.
Alert: Double check the training validity for degree =/= 1 when not using predict_f
Training using 5832 atoms without batching.
Epoch 0
Using older approach (not converted to tf.function yet)
+-------------------------+------------------+------------------+---------+-------------+-------------+---------+-----------------------------------------------------+
| name                    | class            | transform        | prior   | trainable   | shape       | dtype   | value                                               |
+=========================+==================+==================+=========+=============+=============+=========+=====================================================+
| GPR.kernel.variance     | Parameter        | Softplus         |         | True        | ()          | float64 | 1.0084320677679102                                  |
+-------------------------+------------------+------------------+---------+-------------+-------------+---------+-----------------------------------------------------+
| GPR.kernel.degree       | Parameter        | Identity         |         | False       | ()          | float64 | 2.0                                                 |
+-------------------------+------------------+------------------+---------+-------------+-------------+---------+-----------------------------------------------------+
| GPR.kernel.offset       | Parameter        | Softplus         |         | False       | ()          | float64 | 2.2250738585072626e-308                             |
+-------------------------+------------------+------------------+---------+-------------+-------------+---------+-----------------------------------------------------+
| GPR.likelihood.variance | Parameter        | Softplus + Shift |         | True        | ()          | float64 | 9.880178467558973e-05                               |
+-------------------------+------------------+------------------+---------+-------------+-------------+---------+-----------------------------------------------------+
| GPR.data[0]             | ResourceVariable |                  |         | False       | (5832, 680) | float64 | [[5.43025019e-01, 5.25331158e-01, 3.24292567e-01... |
+-------------------------+------------------+------------------+---------+-------------+-------------+---------+-----------------------------------------------------+
| GPR.data[1]             | ResourceVariable |                  |         | False       | (5832, 1)   | float64 | [[-0.42586158...                                    |
+-------------------------+------------------+------------------+---------+-------------+-------------+---------+-----------------------------------------------------+
Adding mse_ens_j_i to mse_ens_j: 3.988930372116793e-06 + 0 = 3.988930372116793e-06 
Epoch 0,  mse = 3.988930372116793e-06
Using older approach (not converted to tf.function yet)
+-------------------------+------------------+------------------+---------+-------------+-------------+---------+-----------------------------------------------------+
| name                    | class            | transform        | prior   | trainable   | shape       | dtype   | value                                               |
+=========================+==================+==================+=========+=============+=============+=========+=====================================================+
| GPR.kernel.variance     | Parameter        | Softplus         |         | True        | ()          | float64 | 1.0177616822245061                                  |
+-------------------------+------------------+------------------+---------+-------------+-------------+---------+-----------------------------------------------------+
| GPR.kernel.degree       | Parameter        | Identity         |         | False       | ()          | float64 | 2.0                                                 |
+-------------------------+------------------+------------------+---------+-------------+-------------+---------+-----------------------------------------------------+
| GPR.kernel.offset       | Parameter        | Softplus         |         | False       | ()          | float64 | 2.2250738585072626e-308                             |
+-------------------------+------------------+------------------+---------+-------------+-------------+---------+-----------------------------------------------------+
| GPR.likelihood.variance | Parameter        | Softplus + Shift |         | True        | ()          | float64 | 9.74759621507282e-05                                |
+-------------------------+------------------+------------------+---------+-------------+-------------+---------+-----------------------------------------------------+
| GPR.data[0]             | ResourceVariable |                  |         | False       | (5832, 680) | float64 | [[5.38582108e-01, 5.31474951e-01, 3.13140696e-01... |
+-------------------------+------------------+------------------+---------+-------------+-------------+---------+-----------------------------------------------------+
| GPR.data[1]             | ResourceVariable |                  |         | False       | (5832, 1)   | float64 | [[-0.42923838...                                    |
+-------------------------+------------------+------------------+---------+-------------+-------------+---------+-----------------------------------------------------+
Adding mse_ens_j_i to mse_ens_j: 3.848318992615788e-06 + 0 = 3.848318992615788e-06 
Epoch 1,  mse = 3.848318992615788e-06
Epoch 2
Using older approach (not converted to tf.function yet)
+-------------------------+------------------+------------------+---------+-------------+-------------+---------+-----------------------------------------------------+
| name                    | class            | transform        | prior   | trainable   | shape       | dtype   | value                                               |
+=========================+==================+==================+=========+=============+=============+=========+=====================================================+
| GPR.kernel.variance     | Parameter        | Softplus         |         | True        | ()          | float64 | 1.0275478585250417                                  |
+-------------------------+------------------+------------------+---------+-------------+-------------+---------+-----------------------------------------------------+
| GPR.kernel.degree       | Parameter        | Identity         |         | False       | ()          | float64 | 2.0                                                 |
+-------------------------+------------------+------------------+---------+-------------+-------------+---------+-----------------------------------------------------+
| GPR.kernel.offset       | Parameter        | Softplus         |         | False       | ()          | float64 | 2.2250738585072626e-308                             |
+-------------------------+------------------+------------------+---------+-------------+-------------+---------+-----------------------------------------------------+
| GPR.likelihood.variance | Parameter        | Softplus + Shift |         | True        | ()          | float64 | 9.609916910742579e-05                               |
+-------------------------+------------------+------------------+---------+-------------+-------------+---------+-----------------------------------------------------+
| GPR.data[0]             | ResourceVariable |                  |         | False       | (5832, 680) | float64 | [[5.13673857e-04, 1.63033144e-03, 1.27873895e-04... |
+-------------------------+------------------+------------------+---------+-------------+-------------+---------+-----------------------------------------------------+
| GPR.data[1]             | ResourceVariable |                  |         | False       | (5832, 1)   | float64 | [[0.08291617...                                     |
+-------------------------+------------------+------------------+---------+-------------+-------------+---------+-----------------------------------------------------+
Adding mse_ens_j_i to mse_ens_j: 3.6991495264106155e-06 + 0 = 3.6991495264106155e-06 
Epoch 2,  mse = 3.6991495264106155e-06
Using older approach (not converted to tf.function yet)
+-------------------------+------------------+------------------+---------+-------------+-------------+---------+-------------------------------------------------------+
| name                    | class            | transform        | prior   | trainable   | shape       | dtype   | value                                                 |
+=========================+==================+==================+=========+=============+=============+=========+=======================================================+
| GPR.kernel.variance     | Parameter        | Softplus         |         | True        | ()          | float64 | 1.0376183878277372                                    |
+-------------------------+------------------+------------------+---------+-------------+-------------+---------+-------------------------------------------------------+
| GPR.kernel.degree       | Parameter        | Identity         |         | False       | ()          | float64 | 2.0                                                   |
+-------------------------+------------------+------------------+---------+-------------+-------------+---------+-------------------------------------------------------+
| GPR.kernel.offset       | Parameter        | Softplus         |         | False       | ()          | float64 | 2.2250738585072626e-308                               |
+-------------------------+------------------+------------------+---------+-------------+-------------+---------+-------------------------------------------------------+
| GPR.likelihood.variance | Parameter        | Softplus + Shift |         | True        | ()          | float64 | 9.470205108180678e-05                                 |
+-------------------------+------------------+------------------+---------+-------------+-------------+---------+-------------------------------------------------------+
| GPR.data[0]             | ResourceVariable |                  |         | False       | (5832, 680) | float64 | [[2.52476984e-05, -2.57956813e-04, -3.54316388e-04... |
+-------------------------+------------------+------------------+---------+-------------+-------------+---------+-------------------------------------------------------+
| GPR.data[1]             | ResourceVariable |                  |         | False       | (5832, 1)   | float64 | [[0.13128212...                                       |
+-------------------------+------------------+------------------+---------+-------------+-------------+---------+-------------------------------------------------------+
Adding mse_ens_j_i to mse_ens_j: 3.550203929845721e-06 + 0 = 3.550203929845721e-06 
Epoch 3,  mse = 3.550203929845721e-06
Epoch 4
Using older approach (not converted to tf.function yet)
+-------------------------+------------------+------------------+---------+-------------+-------------+---------+-----------------------------------------------------+
| name                    | class            | transform        | prior   | trainable   | shape       | dtype   | value                                               |
+=========================+==================+==================+=========+=============+=============+=========+=====================================================+
| GPR.kernel.variance     | Parameter        | Softplus         |         | True        | ()          | float64 | 1.0478794835676282                                  |
+-------------------------+------------------+------------------+---------+-------------+-------------+---------+-----------------------------------------------------+
| GPR.kernel.degree       | Parameter        | Identity         |         | False       | ()          | float64 | 2.0                                                 |
+-------------------------+------------------+------------------+---------+-------------+-------------+---------+-----------------------------------------------------+
| GPR.kernel.offset       | Parameter        | Softplus         |         | False       | ()          | float64 | 2.2250738585072626e-308                             |
+-------------------------+------------------+------------------+---------+-------------+-------------+---------+-----------------------------------------------------+
| GPR.likelihood.variance | Parameter        | Softplus + Shift |         | True        | ()          | float64 | 9.33010633562155e-05                                |
+-------------------------+------------------+------------------+---------+-------------+-------------+---------+-----------------------------------------------------+
| GPR.data[0]             | ResourceVariable |                  |         | False       | (5832, 680) | float64 | [[3.60201737e-04, 1.39613250e-03, 3.03209284e-04... |
+-------------------------+------------------+------------------+---------+-------------+-------------+---------+-----------------------------------------------------+
| GPR.data[1]             | ResourceVariable |                  |         | False       | (5832, 1)   | float64 | [[-0.42923838...                                    |
+-------------------------+------------------+------------------+---------+-------------+-------------+---------+-----------------------------------------------------+
Adding mse_ens_j_i to mse_ens_j: 3.404748157524871e-06 + 0 = 3.404748157524871e-06 
Epoch 4,  mse = 3.404748157524871e-06
Using older approach (not converted to tf.function yet)
+-------------------------+------------------+------------------+---------+-------------+-------------+---------+-----------------------------------------------------+
| name                    | class            | transform        | prior   | trainable   | shape       | dtype   | value                                               |
+=========================+==================+==================+=========+=============+=============+=========+=====================================================+
| GPR.kernel.variance     | Parameter        | Softplus         |         | True        | ()          | float64 | 1.0582702124581536                                  |
+-------------------------+------------------+------------------+---------+-------------+-------------+---------+-----------------------------------------------------+
| GPR.kernel.degree       | Parameter        | Identity         |         | False       | ()          | float64 | 2.0                                                 |
+-------------------------+------------------+------------------+---------+-------------+-------------+---------+-----------------------------------------------------+
| GPR.kernel.offset       | Parameter        | Softplus         |         | False       | ()          | float64 | 2.2250738585072626e-308                             |
+-------------------------+------------------+------------------+---------+-------------+-------------+---------+-----------------------------------------------------+
| GPR.likelihood.variance | Parameter        | Softplus + Shift |         | True        | ()          | float64 | 9.190643170509413e-05                               |
+-------------------------+------------------+------------------+---------+-------------+-------------+---------+-----------------------------------------------------+
| GPR.data[0]             | ResourceVariable |                  |         | False       | (5832, 680) | float64 | [[5.43718796e-01, 5.24659520e-01, 3.23368003e-01... |
+-------------------------+------------------+------------------+---------+-------------+-------------+---------+-----------------------------------------------------+
| GPR.data[1]             | ResourceVariable |                  |         | False       | (5832, 1)   | float64 | [[-1.31411786...                                    |
+-------------------------+------------------+------------------+---------+-------------+-------------+---------+-----------------------------------------------------+
Adding mse_ens_j_i to mse_ens_j: 3.264318624239953e-06 + 0 = 3.264318624239953e-06 
Epoch 5,  mse = 3.264318624239953e-06
Epoch 6
Using older approach (not converted to tf.function yet)
+-------------------------+------------------+------------------+---------+-------------+-------------+---------+-----------------------------------------------------+
| name                    | class            | transform        | prior   | trainable   | shape       | dtype   | value                                               |
+=========================+==================+==================+=========+=============+=============+=========+=====================================================+
| GPR.kernel.variance     | Parameter        | Softplus         |         | True        | ()          | float64 | 1.0687463528722074                                  |
+-------------------------+------------------+------------------+---------+-------------+-------------+---------+-----------------------------------------------------+
| GPR.kernel.degree       | Parameter        | Identity         |         | False       | ()          | float64 | 2.0                                                 |
+-------------------------+------------------+------------------+---------+-------------+-------------+---------+-----------------------------------------------------+
| GPR.kernel.offset       | Parameter        | Softplus         |         | False       | ()          | float64 | 2.2250738585072626e-308                             |
+-------------------------+------------------+------------------+---------+-------------+-------------+---------+-----------------------------------------------------+
| GPR.likelihood.variance | Parameter        | Softplus + Shift |         | True        | ()          | float64 | 9.052507591534566e-05                               |
+-------------------------+------------------+------------------+---------+-------------+-------------+---------+-----------------------------------------------------+
| GPR.data[0]             | ResourceVariable |                  |         | False       | (5832, 680) | float64 | [[5.40265531e-01, 5.28862955e-01, 3.19846456e-01... |
+-------------------------+------------------+------------------+---------+-------------+-------------+---------+-----------------------------------------------------+
| GPR.data[1]             | ResourceVariable |                  |         | False       | (5832, 1)   | float64 | [[-1.22595601...                                    |
+-------------------------+------------------+------------------+---------+-------------+-------------+---------+-----------------------------------------------------+
Adding mse_ens_j_i to mse_ens_j: 3.1296841679652586e-06 + 0 = 3.1296841679652586e-06 
Epoch 6,  mse = 3.1296841679652586e-06
Using older approach (not converted to tf.function yet)
+-------------------------+------------------+------------------+---------+-------------+-------------+---------+-----------------------------------------------------+
| name                    | class            | transform        | prior   | trainable   | shape       | dtype   | value                                               |
+=========================+==================+==================+=========+=============+=============+=========+=====================================================+
| GPR.kernel.variance     | Parameter        | Softplus         |         | True        | ()          | float64 | 1.0792733662797676                                  |
+-------------------------+------------------+------------------+---------+-------------+-------------+---------+-----------------------------------------------------+
| GPR.kernel.degree       | Parameter        | Identity         |         | False       | ()          | float64 | 2.0                                                 |
+-------------------------+------------------+------------------+---------+-------------+-------------+---------+-----------------------------------------------------+
| GPR.kernel.offset       | Parameter        | Softplus         |         | False       | ()          | float64 | 2.2250738585072626e-308                             |
+-------------------------+------------------+------------------+---------+-------------+-------------+---------+-----------------------------------------------------+
| GPR.likelihood.variance | Parameter        | Softplus + Shift |         | True        | ()          | float64 | 8.916192929518498e-05                               |
+-------------------------+------------------+------------------+---------+-------------+-------------+---------+-----------------------------------------------------+
| GPR.data[0]             | ResourceVariable |                  |         | False       | (5832, 680) | float64 | [[5.44893535e-01, 5.24252730e-01, 3.14285620e-01... |
+-------------------------+------------------+------------------+---------+-------------+-------------+---------+-----------------------------------------------------+
| GPR.data[1]             | ResourceVariable |                  |         | False       | (5832, 1)   | float64 | [[0.2674414...                                      |
+-------------------------+------------------+------------------+---------+-------------+-------------+---------+-----------------------------------------------------+
Adding mse_ens_j_i to mse_ens_j: 3.0012076602804547e-06 + 0 = 3.0012076602804547e-06 
Epoch 7,  mse = 3.0012076602804547e-06
Epoch 8
Using older approach (not converted to tf.function yet)
+-------------------------+------------------+------------------+---------+-------------+-------------+---------+------------------------------------------------------+
| name                    | class            | transform        | prior   | trainable   | shape       | dtype   | value                                                |
+=========================+==================+==================+=========+=============+=============+=========+======================================================+
| GPR.kernel.variance     | Parameter        | Softplus         |         | True        | ()          | float64 | 1.0898229119395941                                   |
+-------------------------+------------------+------------------+---------+-------------+-------------+---------+------------------------------------------------------+
| GPR.kernel.degree       | Parameter        | Identity         |         | False       | ()          | float64 | 2.0                                                  |
+-------------------------+------------------+------------------+---------+-------------+-------------+---------+------------------------------------------------------+
| GPR.kernel.offset       | Parameter        | Softplus         |         | False       | ()          | float64 | 2.2250738585072626e-308                              |
+-------------------------+------------------+------------------+---------+-------------+-------------+---------+------------------------------------------------------+
| GPR.likelihood.variance | Parameter        | Softplus + Shift |         | True        | ()          | float64 | 8.782061983667123e-05                                |
+-------------------------+------------------+------------------+---------+-------------+-------------+---------+------------------------------------------------------+
| GPR.data[0]             | ResourceVariable |                  |         | False       | (5832, 680) | float64 | [[1.89448823e-04, 1.18486197e-03, -5.24921775e-04... |
+-------------------------+------------------+------------------+---------+-------------+-------------+---------+------------------------------------------------------+
| GPR.data[1]             | ResourceVariable |                  |         | False       | (5832, 1)   | float64 | [[-0.69456018...                                     |
+-------------------------+------------------+------------------+---------+-------------+-------------+---------+------------------------------------------------------+
Adding mse_ens_j_i to mse_ens_j: 2.8790139932224683e-06 + 0 = 2.8790139932224683e-06 
Epoch 8,  mse = 2.8790139932224683e-06
Using older approach (not converted to tf.function yet)
+-------------------------+------------------+------------------+---------+-------------+-------------+---------+-------------------------------------------------------+
| name                    | class            | transform        | prior   | trainable   | shape       | dtype   | value                                                 |
+=========================+==================+==================+=========+=============+=============+=========+=======================================================+
| GPR.kernel.variance     | Parameter        | Softplus         |         | True        | ()          | float64 | 1.100370956122477                                     |
+-------------------------+------------------+------------------+---------+-------------+-------------+---------+-------------------------------------------------------+
| GPR.kernel.degree       | Parameter        | Identity         |         | False       | ()          | float64 | 2.0                                                   |
+-------------------------+------------------+------------------+---------+-------------+-------------+---------+-------------------------------------------------------+
| GPR.kernel.offset       | Parameter        | Softplus         |         | False       | ()          | float64 | 2.2250738585072626e-308                               |
+-------------------------+------------------+------------------+---------+-------------+-------------+---------+-------------------------------------------------------+
| GPR.likelihood.variance | Parameter        | Softplus + Shift |         | True        | ()          | float64 | 8.650385784225099e-05                                 |
+-------------------------+------------------+------------------+---------+-------------+-------------+---------+-------------------------------------------------------+
| GPR.data[0]             | ResourceVariable |                  |         | False       | (5832, 680) | float64 | [[1.16300440e-05, -1.67377252e-04, -3.17256037e-04... |
+-------------------------+------------------+------------------+---------+-------------+-------------+---------+-------------------------------------------------------+
| GPR.data[1]             | ResourceVariable |                  |         | False       | (5832, 1)   | float64 | [[1.26319483...                                       |
+-------------------------+------------------+------------------+---------+-------------+-------------+---------+-------------------------------------------------------+
Adding mse_ens_j_i to mse_ens_j: 2.7630796029094082e-06 + 0 = 2.7630796029094082e-06 
Epoch 9,  mse = 2.7630796029094082e-06
Calculating weights
+-------------------------+-----------+------------------+---------+-------------+---------+---------+--------------+
| name                    | class     | transform        | prior   | trainable   | shape   | dtype   |        value |
+=========================+===========+==================+=========+=============+=========+=========+==============+
| GPR.kernel.variance     | Parameter | Softplus         |         | True        | ()      | float64 | 1.10037      |
+-------------------------+-----------+------------------+---------+-------------+---------+---------+--------------+
| GPR.kernel.degree       | Parameter | Identity         |         | False       | ()      | float64 | 2            |
+-------------------------+-----------+------------------+---------+-------------+---------+---------+--------------+
| GPR.kernel.offset       | Parameter | Softplus         |         | False       | ()      | float64 | 2.22507e-308 |
+-------------------------+-----------+------------------+---------+-------------+---------+---------+--------------+
| GPR.likelihood.variance | Parameter | Softplus + Shift |         | True        | ()      | float64 | 8.65039e-05  |
+-------------------------+-----------+------------------+---------+-------------+---------+---------+--------------+
Predicting final energies
Predicting final forces
Training time outside of epochs in training cell  : 0.810
Training time per epoch                           : 0.520
Prediction time                                   : 0.118
Stored the hyperparameters and mse values for plotting under n=600
The title axes are not assigned correctly. Currently fixing.
Our observation noise variance implies our reference error is +/- 0.000393 /atom
                         Local Energy  Global Energy
Root Mean Squared Error      0.000059       0.000056
Mean Absolute Error          0.000046       0.000044
Max Absolute Error           0.000173       0.000140
r²                           0.999999       0.999999
Least-squares regresion for Fx(x) produces the line line m x+b with m = 5.03754 and b = 0.00000 which has r2 = 0.98209 
Least-squares regresion for Fy(y) produces the line line m y+b with m = 5.03754 and b = 0.00000 which has r2 = 0.98209 
/home/sstafford/anaconda3/envs/minigap/lib/python3.9/site-packages/numpy/lib/polynomial.py:659: RuntimeWarning: invalid value encountered in true_divide
  lhs /= scale
