Logging all output starting now into /home/sstafford/Documents/Python/miniGAP/minigap/results/O2_12_06_2021/miniGAP.log
Input settings for this calculation stored in /home/sstafford/Documents/Python/miniGAP/minigap/results/O2_12_06_2021/miniGAP.settings
Stack size set to unlimited
1 GPU(s) recognized by tensorflow: [PhysicalDevice(name='/physical_device:GPU:0', device_type='GPU')]
According to EMT calculator:
Oxygen atom energy:  4.60 eV
Oxygen molecule energy:  0.77 eV
Atomization energy:  8.43 eV
Now generating MD trajectory of 600 O₂ molecules at 0 K using VelocityVerlet dynamics and the EMT calculator
Filename '/home/sstafford/Documents/Python/miniGAP/minigap/results/O2_12_06_2021/O2_VelocityVerlet.traj' selected.
Step 60: Energy per atom: Epot = 0.328eV  Ekin = 0.058eV (T=271K) Etot = 0.386eV
Step 120: Energy per atom: Epot = 0.347eV  Ekin = 0.039eV (T=183K) Etot = 0.386eV
Step 180: Energy per atom: Epot = 0.367eV  Ekin = 0.019eV (T= 89K) Etot = 0.386eV
Step 240: Energy per atom: Epot = 0.316eV  Ekin = 0.070eV (T=326K) Etot = 0.386eV
Step 300: Energy per atom: Epot = 0.383eV  Ekin = 0.004eV (T= 17K) Etot = 0.386eV
Step 360: Energy per atom: Epot = 0.345eV  Ekin = 0.042eV (T=195K) Etot = 0.386eV
Step 420: Energy per atom: Epot = 0.328eV  Ekin = 0.059eV (T=272K) Etot = 0.386eV
Step 480: Energy per atom: Epot = 0.382eV  Ekin = 0.004eV (T= 21K) Etot = 0.386eV
Step 540: Energy per atom: Epot = 0.312eV  Ekin = 0.074eV (T=344K) Etot = 0.386eV
Step 599: Energy per atom: Epot = 0.371eV  Ekin = 0.015eV (T= 71K) Etot = 0.386eV
Compiling structures into list took 1.47 seconds
Generating animation frame 0 (0% complete)
Generating animation frame 10 (10% complete)
Generating animation frame 20 (20% complete)
Generating animation frame 30 (30% complete)
Generating animation frame 40 (40% complete)
Generating animation frame 50 (50% complete)
Generating animation frame 60 (60% complete)
Generating animation frame 70 (70% complete)
Generating animation frame 80 (80% complete)
Generating animation frame 90 (90% complete)
Generating animation frame 100 (100% complete)
Filename '/home/sstafford/Documents/Python/miniGAP/minigap/results/O2_12_06_2021/structure_animation.mp4' selected.
Generating animation frame 0 (0% complete)
Generating animation frame 10 (10% complete)
Generating animation frame 20 (20% complete)
Generating animation frame 30 (30% complete)
Generating animation frame 40 (40% complete)
Generating animation frame 50 (50% complete)
Generating animation frame 60 (60% complete)
Generating animation frame 70 (70% complete)
Generating animation frame 80 (80% complete)
Generating animation frame 90 (90% complete)
Generating animation frame 100 (100% complete)
Created animation of the structural dataset used in this calculation in the results directory. This might be useful to verify the correct structures are being used.
Created animation of structures in 2.3764662742614746 seconds 
Gathered energy, force and structure info in 0.30 seconds
Completed the initial setup of miniGAP (including compiling structural data) in 6.49 seconds
Generated SOAP descriptors and derivatives in 0.27 seconds
Reformatted data to build model in 0.00 seconds.
Not using any sparsity.
Using a degree 2 polynomial kernel.
Alert: Double check the training validity for degree =/= 1 when not using predict_f
Training using 972 atoms without batching.
Epoch 0
Using older approach (not converted to tf.function yet)
+-------------------------+------------------+------------------+---------+-------------+------------+---------+-----------------------------------------------------+
| name                    | class            | transform        | prior   | trainable   | shape      | dtype   | value                                               |
+=========================+==================+==================+=========+=============+============+=========+=====================================================+
| GPR.kernel.variance     | Parameter        | Softplus         |         | True        | ()         | float64 | 1.0081550370931596                                  |
+-------------------------+------------------+------------------+---------+-------------+------------+---------+-----------------------------------------------------+
| GPR.kernel.degree       | Parameter        | Identity         |         | False       | ()         | float64 | 2.0                                                 |
+-------------------------+------------------+------------------+---------+-------------+------------+---------+-----------------------------------------------------+
| GPR.kernel.offset       | Parameter        | Softplus         |         | False       | ()         | float64 | 2.2250738585072626e-308                             |
+-------------------------+------------------+------------------+---------+-------------+------------+---------+-----------------------------------------------------+
| GPR.likelihood.variance | Parameter        | Softplus + Shift |         | True        | ()         | float64 | 9.884716532585913e-05                               |
+-------------------------+------------------+------------------+---------+-------------+------------+---------+-----------------------------------------------------+
| GPR.data[0]             | ResourceVariable |                  |         | False       | (972, 180) | float64 | [[5.00790445e-01, 4.42110653e-01, 3.59932404e-01... |
+-------------------------+------------------+------------------+---------+-------------+------------+---------+-----------------------------------------------------+
| GPR.data[1]             | ResourceVariable |                  |         | False       | (972, 1)   | float64 | [[-0.88205067...                                    |
+-------------------------+------------------+------------------+---------+-------------+------------+---------+-----------------------------------------------------+
Adding mse_ens_j_i to mse_ens_j: 2.2447208555707762e-05 + 0 = 2.2447208555707762e-05 
Epoch 0,  mse = 2.2447208555707762e-05
Using older approach (not converted to tf.function yet)
+-------------------------+------------------+------------------+---------+-------------+------------+---------+-----------------------------------------------------+
| name                    | class            | transform        | prior   | trainable   | shape      | dtype   | value                                               |
+=========================+==================+==================+=========+=============+============+=========+=====================================================+
| GPR.kernel.variance     | Parameter        | Softplus         |         | True        | ()         | float64 | 1.0173143922371328                                  |
+-------------------------+------------------+------------------+---------+-------------+------------+---------+-----------------------------------------------------+
| GPR.kernel.degree       | Parameter        | Identity         |         | False       | ()         | float64 | 2.0                                                 |
+-------------------------+------------------+------------------+---------+-------------+------------+---------+-----------------------------------------------------+
| GPR.kernel.offset       | Parameter        | Softplus         |         | False       | ()         | float64 | 2.2250738585072626e-308                             |
+-------------------------+------------------+------------------+---------+-------------+------------+---------+-----------------------------------------------------+
| GPR.likelihood.variance | Parameter        | Softplus + Shift |         | True        | ()         | float64 | 9.75492864699003e-05                                |
+-------------------------+------------------+------------------+---------+-------------+------------+---------+-----------------------------------------------------+
| GPR.data[0]             | ResourceVariable |                  |         | False       | (972, 180) | float64 | [[5.16475281e-01, 4.42395144e-01, 3.37167074e-01... |
+-------------------------+------------------+------------------+---------+-------------+------------+---------+-----------------------------------------------------+
| GPR.data[1]             | ResourceVariable |                  |         | False       | (972, 1)   | float64 | [[-1.32179251...                                    |
+-------------------------+------------------+------------------+---------+-------------+------------+---------+-----------------------------------------------------+
Adding mse_ens_j_i to mse_ens_j: 2.2320919137208638e-05 + 0 = 2.2320919137208638e-05 
Epoch 1,  mse = 2.2320919137208638e-05
Epoch 2
Using older approach (not converted to tf.function yet)
+-------------------------+------------------+------------------+---------+-------------+------------+---------+-----------------------------------------------------+
| name                    | class            | transform        | prior   | trainable   | shape      | dtype   | value                                               |
+=========================+==================+==================+=========+=============+============+=========+=====================================================+
| GPR.kernel.variance     | Parameter        | Softplus         |         | True        | ()         | float64 | 1.0270335063754001                                  |
+-------------------------+------------------+------------------+---------+-------------+------------+---------+-----------------------------------------------------+
| GPR.kernel.degree       | Parameter        | Identity         |         | False       | ()         | float64 | 2.0                                                 |
+-------------------------+------------------+------------------+---------+-------------+------------+---------+-----------------------------------------------------+
| GPR.kernel.offset       | Parameter        | Softplus         |         | False       | ()         | float64 | 2.2250738585072626e-308                             |
+-------------------------+------------------+------------------+---------+-------------+------------+---------+-----------------------------------------------------+
| GPR.likelihood.variance | Parameter        | Softplus + Shift |         | True        | ()         | float64 | 9.618348011549342e-05                               |
+-------------------------+------------------+------------------+---------+-------------+------------+---------+-----------------------------------------------------+
| GPR.data[0]             | ResourceVariable |                  |         | False       | (972, 180) | float64 | [[4.94590562e-01, 4.43337502e-01, 3.68153715e-01... |
+-------------------------+------------------+------------------+---------+-------------+------------+---------+-----------------------------------------------------+
| GPR.data[1]             | ResourceVariable |                  |         | False       | (972, 1)   | float64 | [[-0.14690868...                                    |
+-------------------------+------------------+------------------+---------+-------------+------------+---------+-----------------------------------------------------+
Adding mse_ens_j_i to mse_ens_j: 2.2177459918271275e-05 + 0 = 2.2177459918271275e-05 
Epoch 2,  mse = 2.2177459918271275e-05
Using older approach (not converted to tf.function yet)
+-------------------------+------------------+------------------+---------+-------------+------------+---------+-----------------------------------------------------+
| name                    | class            | transform        | prior   | trainable   | shape      | dtype   | value                                               |
+=========================+==================+==================+=========+=============+============+=========+=====================================================+
| GPR.kernel.variance     | Parameter        | Softplus         |         | True        | ()         | float64 | 1.0371452934391834                                  |
+-------------------------+------------------+------------------+---------+-------------+------------+---------+-----------------------------------------------------+
| GPR.kernel.degree       | Parameter        | Identity         |         | False       | ()         | float64 | 2.0                                                 |
+-------------------------+------------------+------------------+---------+-------------+------------+---------+-----------------------------------------------------+
| GPR.kernel.offset       | Parameter        | Softplus         |         | False       | ()         | float64 | 2.2250738585072626e-308                             |
+-------------------------+------------------+------------------+---------+-------------+------------+---------+-----------------------------------------------------+
| GPR.likelihood.variance | Parameter        | Softplus + Shift |         | True        | ()         | float64 | 9.47804461395674e-05                                |
+-------------------------+------------------+------------------+---------+-------------+------------+---------+-----------------------------------------------------+
| GPR.data[0]             | ResourceVariable |                  |         | False       | (972, 180) | float64 | [[5.12577142e-01, 4.41865035e-01, 3.43153377e-01... |
+-------------------------+------------------+------------------+---------+-------------+------------+---------+-----------------------------------------------------+
| GPR.data[1]             | ResourceVariable |                  |         | False       | (972, 1)   | float64 | [[-1.40189294...                                    |
+-------------------------+------------------+------------------+---------+-------------+------------+---------+-----------------------------------------------------+
Adding mse_ens_j_i to mse_ens_j: 2.2023917923444424e-05 + 0 = 2.2023917923444424e-05 
Epoch 3,  mse = 2.2023917923444424e-05
Epoch 4
Using older approach (not converted to tf.function yet)
+-------------------------+------------------+------------------+---------+-------------+------------+---------+-----------------------------------------------------+
| name                    | class            | transform        | prior   | trainable   | shape      | dtype   | value                                               |
+=========================+==================+==================+=========+=============+============+=========+=====================================================+
| GPR.kernel.variance     | Parameter        | Softplus         |         | True        | ()         | float64 | 1.0475654549961955                                  |
+-------------------------+------------------+------------------+---------+-------------+------------+---------+-----------------------------------------------------+
| GPR.kernel.degree       | Parameter        | Identity         |         | False       | ()         | float64 | 2.0                                                 |
+-------------------------+------------------+------------------+---------+-------------+------------+---------+-----------------------------------------------------+
| GPR.kernel.offset       | Parameter        | Softplus         |         | False       | ()         | float64 | 2.2250738585072626e-308                             |
+-------------------------+------------------+------------------+---------+-------------+------------+---------+-----------------------------------------------------+
| GPR.likelihood.variance | Parameter        | Softplus + Shift |         | True        | ()         | float64 | 9.335634071660585e-05                               |
+-------------------------+------------------+------------------+---------+-------------+------------+---------+-----------------------------------------------------+
| GPR.data[0]             | ResourceVariable |                  |         | False       | (972, 180) | float64 | [[5.17116357e-01, 4.42512932e-01, 3.36157335e-01... |
+-------------------------+------------------+------------------+---------+-------------+------------+---------+-----------------------------------------------------+
| GPR.data[1]             | ResourceVariable |                  |         | False       | (972, 1)   | float64 | [[-1.2961254...                                     |
+-------------------------+------------------+------------------+---------+-------------+------------+---------+-----------------------------------------------------+
Adding mse_ens_j_i to mse_ens_j: 2.186287897944324e-05 + 0 = 2.186287897944324e-05 
Epoch 4,  mse = 2.186287897944324e-05
Using older approach (not converted to tf.function yet)
+-------------------------+------------------+------------------+---------+-------------+------------+---------+-----------------------------------------------------+
| name                    | class            | transform        | prior   | trainable   | shape      | dtype   | value                                               |
+=========================+==================+==================+=========+=============+============+=========+=====================================================+
| GPR.kernel.variance     | Parameter        | Softplus         |         | True        | ()         | float64 | 1.0582449039522241                                  |
+-------------------------+------------------+------------------+---------+-------------+------------+---------+-----------------------------------------------------+
| GPR.kernel.degree       | Parameter        | Identity         |         | False       | ()         | float64 | 2.0                                                 |
+-------------------------+------------------+------------------+---------+-------------+------------+---------+-----------------------------------------------------+
| GPR.kernel.offset       | Parameter        | Softplus         |         | False       | ()         | float64 | 2.2250738585072626e-308                             |
+-------------------------+------------------+------------------+---------+-------------+------------+---------+-----------------------------------------------------+
| GPR.likelihood.variance | Parameter        | Softplus + Shift |         | True        | ()         | float64 | 9.192091464376216e-05                               |
+-------------------------+------------------+------------------+---------+-------------+------------+---------+-----------------------------------------------------+
| GPR.data[0]             | ResourceVariable |                  |         | False       | (972, 180) | float64 | [[4.95559955e-01, 4.43094493e-01, 3.66889630e-01... |
+-------------------------+------------------+------------------+---------+-------------+------------+---------+-----------------------------------------------------+
| GPR.data[1]             | ResourceVariable |                  |         | False       | (972, 1)   | float64 | [[-0.28379124...                                    |
+-------------------------+------------------+------------------+---------+-------------+------------+---------+-----------------------------------------------------+
Adding mse_ens_j_i to mse_ens_j: 2.1695571199492112e-05 + 0 = 2.1695571199492112e-05 
Epoch 5,  mse = 2.1695571199492112e-05
Epoch 6
Using older approach (not converted to tf.function yet)
+-------------------------+------------------+------------------+---------+-------------+------------+---------+-----------------------------------------------------+
| name                    | class            | transform        | prior   | trainable   | shape      | dtype   | value                                               |
+=========================+==================+==================+=========+=============+============+=========+=====================================================+
| GPR.kernel.variance     | Parameter        | Softplus         |         | True        | ()         | float64 | 1.0691525772207675                                  |
+-------------------------+------------------+------------------+---------+-------------+------------+---------+-----------------------------------------------------+
| GPR.kernel.degree       | Parameter        | Identity         |         | False       | ()         | float64 | 2.0                                                 |
+-------------------------+------------------+------------------+---------+-------------+------------+---------+-----------------------------------------------------+
| GPR.kernel.offset       | Parameter        | Softplus         |         | False       | ()         | float64 | 2.2250738585072626e-308                             |
+-------------------------+------------------+------------------+---------+-------------+------------+---------+-----------------------------------------------------+
| GPR.likelihood.variance | Parameter        | Softplus + Shift |         | True        | ()         | float64 | 9.048055121625946e-05                               |
+-------------------------+------------------+------------------+---------+-------------+------------+---------+-----------------------------------------------------+
| GPR.data[0]             | ResourceVariable |                  |         | False       | (972, 180) | float64 | [[4.85849759e-01, 4.46443736e-01, 3.79281850e-01... |
+-------------------------+------------------+------------------+---------+-------------+------------+---------+-----------------------------------------------------+
| GPR.data[1]             | ResourceVariable |                  |         | False       | (972, 1)   | float64 | [[1.48700398...                                     |
+-------------------------+------------------+------------------+---------+-------------+------------+---------+-----------------------------------------------------+
Adding mse_ens_j_i to mse_ens_j: 2.152264399897295e-05 + 0 = 2.152264399897295e-05 
Epoch 6,  mse = 2.152264399897295e-05
Using older approach (not converted to tf.function yet)
+-------------------------+------------------+------------------+---------+-------------+------------+---------+-----------------------------------------------------+
| name                    | class            | transform        | prior   | trainable   | shape      | dtype   | value                                               |
+=========================+==================+==================+=========+=============+============+=========+=====================================================+
| GPR.kernel.variance     | Parameter        | Softplus         |         | True        | ()         | float64 | 1.0802677780070553                                  |
+-------------------------+------------------+------------------+---------+-------------+------------+---------+-----------------------------------------------------+
| GPR.kernel.degree       | Parameter        | Identity         |         | False       | ()         | float64 | 2.0                                                 |
+-------------------------+------------------+------------------+---------+-------------+------------+---------+-----------------------------------------------------+
| GPR.kernel.offset       | Parameter        | Softplus         |         | False       | ()         | float64 | 2.2250738585072626e-308                             |
+-------------------------+------------------+------------------+---------+-------------+------------+---------+-----------------------------------------------------+
| GPR.likelihood.variance | Parameter        | Softplus + Shift |         | True        | ()         | float64 | 8.903965729244732e-05                               |
+-------------------------+------------------+------------------+---------+-------------+------------+---------+-----------------------------------------------------+
| GPR.data[0]             | ResourceVariable |                  |         | False       | (972, 180) | float64 | [[5.30570587e-01, 4.47240464e-01, 3.12863565e-01... |
+-------------------------+------------------+------------------+---------+-------------+------------+---------+-----------------------------------------------------+
| GPR.data[1]             | ResourceVariable |                  |         | False       | (972, 1)   | float64 | [[0.16273979...                                     |
+-------------------------+------------------+------------------+---------+-------------+------------+---------+-----------------------------------------------------+
Adding mse_ens_j_i to mse_ens_j: 2.1344452393750375e-05 + 0 = 2.1344452393750375e-05 
Epoch 7,  mse = 2.1344452393750375e-05
Epoch 8
Using older approach (not converted to tf.function yet)
+-------------------------+------------------+------------------+---------+-------------+------------+---------+-----------------------------------------------------+
| name                    | class            | transform        | prior   | trainable   | shape      | dtype   | value                                               |
+=========================+==================+==================+=========+=============+============+=========+=====================================================+
| GPR.kernel.variance     | Parameter        | Softplus         |         | True        | ()         | float64 | 1.0915762683215935                                  |
+-------------------------+------------------+------------------+---------+-------------+------------+---------+-----------------------------------------------------+
| GPR.kernel.degree       | Parameter        | Identity         |         | False       | ()         | float64 | 2.0                                                 |
+-------------------------+------------------+------------------+---------+-------------+------------+---------+-----------------------------------------------------+
| GPR.kernel.offset       | Parameter        | Softplus         |         | False       | ()         | float64 | 2.2250738585072626e-308                             |
+-------------------------+------------------+------------------+---------+-------------+------------+---------+-----------------------------------------------------+
| GPR.likelihood.variance | Parameter        | Softplus + Shift |         | True        | ()         | float64 | 8.760139000479735e-05                               |
+-------------------------+------------------+------------------+---------+-------------+------------+---------+-----------------------------------------------------+
| GPR.data[0]             | ResourceVariable |                  |         | False       | (972, 180) | float64 | [[4.95559955e-01, 4.43094493e-01, 3.66889630e-01... |
+-------------------------+------------------+------------------+---------+-------------+------------+---------+-----------------------------------------------------+
| GPR.data[1]             | ResourceVariable |                  |         | False       | (972, 1)   | float64 | [[-0.28379124...                                    |
+-------------------------+------------------+------------------+---------+-------------+------------+---------+-----------------------------------------------------+
Adding mse_ens_j_i to mse_ens_j: 2.116118474932661e-05 + 0 = 2.116118474932661e-05 
Epoch 8,  mse = 2.116118474932661e-05
Using older approach (not converted to tf.function yet)
+-------------------------+------------------+------------------+---------+-------------+------------+---------+-----------------------------------------------------+
| name                    | class            | transform        | prior   | trainable   | shape      | dtype   | value                                               |
+=========================+==================+==================+=========+=============+============+=========+=====================================================+
| GPR.kernel.variance     | Parameter        | Softplus         |         | True        | ()         | float64 | 1.1030680721710344                                  |
+-------------------------+------------------+------------------+---------+-------------+------------+---------+-----------------------------------------------------+
| GPR.kernel.degree       | Parameter        | Identity         |         | False       | ()         | float64 | 2.0                                                 |
+-------------------------+------------------+------------------+---------+-------------+------------+---------+-----------------------------------------------------+
| GPR.kernel.offset       | Parameter        | Softplus         |         | False       | ()         | float64 | 2.2250738585072626e-308                             |
+-------------------------+------------------+------------------+---------+-------------+------------+---------+-----------------------------------------------------+
| GPR.likelihood.variance | Parameter        | Softplus + Shift |         | True        | ()         | float64 | 8.61680734915026e-05                                |
+-------------------------+------------------+------------------+---------+-------------+------------+---------+-----------------------------------------------------+
| GPR.data[0]             | ResourceVariable |                  |         | False       | (972, 180) | float64 | [[5.08260044e-01, 4.41638266e-01, 3.49506708e-01... |
+-------------------------+------------------+------------------+---------+-------------+------------+---------+-----------------------------------------------------+
| GPR.data[1]             | ResourceVariable |                  |         | False       | (972, 1)   | float64 | [[-1.3428785...                                     |
+-------------------------+------------------+------------------+---------+-------------+------------+---------+-----------------------------------------------------+
Adding mse_ens_j_i to mse_ens_j: 2.0972928358977798e-05 + 0 = 2.0972928358977798e-05 
Epoch 9,  mse = 2.0972928358977798e-05
Calculating weights
+-------------------------+-----------+------------------+---------+-------------+---------+---------+--------------+
| name                    | class     | transform        | prior   | trainable   | shape   | dtype   |        value |
+=========================+===========+==================+=========+=============+=========+=========+==============+
| GPR.kernel.variance     | Parameter | Softplus         |         | True        | ()      | float64 | 1.10307      |
+-------------------------+-----------+------------------+---------+-------------+---------+---------+--------------+
| GPR.kernel.degree       | Parameter | Identity         |         | False       | ()      | float64 | 2            |
+-------------------------+-----------+------------------+---------+-------------+---------+---------+--------------+
| GPR.kernel.offset       | Parameter | Softplus         |         | False       | ()      | float64 | 2.22507e-308 |
+-------------------------+-----------+------------------+---------+-------------+---------+---------+--------------+
| GPR.likelihood.variance | Parameter | Softplus + Shift |         | True        | ()      | float64 | 8.61681e-05  |
+-------------------------+-----------+------------------+---------+-------------+---------+---------+--------------+
Predicting final energies
Predicting final forces
Training time outside of epochs in training cell  : 0.684
Training time per epoch                           : 0.120
Prediction time                                   : 0.022
Stored the hyperparameters and mse values for plotting under n=600
The title axes are not assigned correctly. Currently fixing.
Our observation noise variance implies our reference error is +/- 0.000238 /atom
                         Local Energy  Global Energy
Root Mean Squared Error      0.000120       0.000120
Mean Absolute Error          0.000111       0.000111
Max Absolute Error           0.000199       0.000199
r²                           0.999992       0.999992
/home/sstafford/anaconda3/envs/minigap/lib/python3.9/site-packages/numpy/lib/polynomial.py:659: RuntimeWarning: invalid value encountered in true_divide
  lhs /= scale
/home/sstafford/anaconda3/envs/minigap/lib/python3.9/site-packages/numpy/lib/polynomial.py:659: RuntimeWarning: invalid value encountered in true_divide
  lhs /= scale
Least-squares regresion for Fz(z) produces the line line m z+b with m = 0.99019 and b = -0.00000 which has r2 = 0.99996 
