Logging all output starting now into /home/sstafford/Documents/Python/miniGAP/minigap/results/H2_12_06_2021/miniGAP.log
Input settings for this calculation stored in /home/sstafford/Documents/Python/miniGAP/minigap/results/H2_12_06_2021/miniGAP.settings
Stack size set to unlimited
1 GPU(s) recognized by tensorflow: [PhysicalDevice(name='/physical_device:GPU:0', device_type='GPU')]
According to EMT calculator:
Hydrogen atom energy:  3.21 eV
Hydrogen molecule energy:  3.83 eV
Atomization energy:  2.59 eV
Now generating MD trajectory of 600 H₂ molecules at 0 K using VelocityVerlet dynamics and the EMT calculator
Filename '/home/sstafford/Documents/Python/miniGAP/minigap/results/H2_12_06_2021/H2_VelocityVerlet.traj' selected.
Step 60: Energy per atom: Epot = 1.813eV  Ekin = 0.100eV (T=463K) Etot = 1.913eV
Step 120: Energy per atom: Epot = 1.479eV  Ekin = 0.434eV (T=2016K) Etot = 1.913eV
Step 180: Energy per atom: Epot = 0.867eV  Ekin = 1.045eV (T=4853K) Etot = 1.912eV
Step 240: Energy per atom: Epot = 0.631eV  Ekin = 1.276eV (T=5923K) Etot = 1.907eV
Step 300: Energy per atom: Epot = 1.918eV  Ekin = 0.000eV (T=  2K) Etot = 1.918eV
Step 360: Energy per atom: Epot = 0.647eV  Ekin = 1.260eV (T=5847K) Etot = 1.907eV
Step 420: Energy per atom: Epot = 0.852eV  Ekin = 1.060eV (T=4920K) Etot = 1.912eV
Step 480: Energy per atom: Epot = 1.468eV  Ekin = 0.445eV (T=2064K) Etot = 1.913eV
Step 540: Energy per atom: Epot = 1.809eV  Ekin = 0.104eV (T=483K) Etot = 1.913eV
Step 599: Energy per atom: Epot = 1.911eV  Ekin = 0.002eV (T=  7K) Etot = 1.913eV
Compiling structures into list took 1.51 seconds
Generating animation frame 0 (0% complete)
Generating animation frame 10 (10% complete)
Generating animation frame 20 (20% complete)
Generating animation frame 30 (30% complete)
Generating animation frame 40 (40% complete)
Generating animation frame 50 (50% complete)
Generating animation frame 60 (60% complete)
Generating animation frame 70 (70% complete)
Generating animation frame 80 (80% complete)
Generating animation frame 90 (90% complete)
Generating animation frame 100 (100% complete)
Filename '/home/sstafford/Documents/Python/miniGAP/minigap/results/H2_12_06_2021/structure_animation.mp4' selected.
Generating animation frame 0 (0% complete)
Generating animation frame 10 (10% complete)
Generating animation frame 20 (20% complete)
Generating animation frame 30 (30% complete)
Generating animation frame 40 (40% complete)
Generating animation frame 50 (50% complete)
Generating animation frame 60 (60% complete)
Generating animation frame 70 (70% complete)
Generating animation frame 80 (80% complete)
Generating animation frame 90 (90% complete)
Generating animation frame 100 (100% complete)
Created animation of the structural dataset used in this calculation in the results directory. This might be useful to verify the correct structures are being used.
Created animation of structures in 2.4092533588409424 seconds 
Gathered energy, force and structure info in 0.36 seconds
Completed the initial setup of miniGAP (including compiling structural data) in 6.59 seconds
Generated SOAP descriptors and derivatives in 0.28 seconds
Reformatted data to build model in 0.00 seconds.
Not using any sparsity.
Using a degree 2 polynomial kernel.
Alert: Double check the training validity for degree =/= 1 when not using predict_f
Training using 972 atoms without batching.
Epoch 0
Using older approach (not converted to tf.function yet)
+-------------------------+------------------+------------------+---------+-------------+------------+---------+-----------------------------------------------------+
| name                    | class            | transform        | prior   | trainable   | shape      | dtype   | value                                               |
+=========================+==================+==================+=========+=============+============+=========+=====================================================+
| GPR.kernel.variance     | Parameter        | Softplus         |         | True        | ()         | float64 | 1.001914300325181                                   |
+-------------------------+------------------+------------------+---------+-------------+------------+---------+-----------------------------------------------------+
| GPR.kernel.degree       | Parameter        | Identity         |         | False       | ()         | float64 | 2.0                                                 |
+-------------------------+------------------+------------------+---------+-------------+------------+---------+-----------------------------------------------------+
| GPR.kernel.offset       | Parameter        | Softplus         |         | False       | ()         | float64 | 2.2250738585072626e-308                             |
+-------------------------+------------------+------------------+---------+-------------+------------+---------+-----------------------------------------------------+
| GPR.likelihood.variance | Parameter        | Softplus + Shift |         | True        | ()         | float64 | 9.975771147608805e-05                               |
+-------------------------+------------------+------------------+---------+-------------+------------+---------+-----------------------------------------------------+
| GPR.data[0]             | ResourceVariable |                  |         | False       | (972, 180) | float64 | [[5.07350787e-01, 4.41637540e-01, 3.50811733e-01... |
+-------------------------+------------------+------------------+---------+-------------+------------+---------+-----------------------------------------------------+
| GPR.data[1]             | ResourceVariable |                  |         | False       | (972, 1)   | float64 | [[0.31634663...                                     |
+-------------------------+------------------+------------------+---------+-------------+------------+---------+-----------------------------------------------------+
Adding mse_ens_j_i to mse_ens_j: 5.830805059869068e-07 + 0 = 5.830805059869068e-07 
Epoch 0,  mse = 5.830805059869068e-07
Using older approach (not converted to tf.function yet)
+-------------------------+------------------+------------------+---------+-------------+------------+---------+-----------------------------------------------------+
| name                    | class            | transform        | prior   | trainable   | shape      | dtype   | value                                               |
+=========================+==================+==================+=========+=============+============+=========+=====================================================+
| GPR.kernel.variance     | Parameter        | Softplus         |         | True        | ()         | float64 | 1.0044571522762424                                  |
+-------------------------+------------------+------------------+---------+-------------+------------+---------+-----------------------------------------------------+
| GPR.kernel.degree       | Parameter        | Identity         |         | False       | ()         | float64 | 2.0                                                 |
+-------------------------+------------------+------------------+---------+-------------+------------+---------+-----------------------------------------------------+
| GPR.kernel.offset       | Parameter        | Softplus         |         | False       | ()         | float64 | 2.2250738585072626e-308                             |
+-------------------------+------------------+------------------+---------+-------------+------------+---------+-----------------------------------------------------+
| GPR.likelihood.variance | Parameter        | Softplus + Shift |         | True        | ()         | float64 | 9.943349732856484e-05                               |
+-------------------------+------------------+------------------+---------+-------------+------------+---------+-----------------------------------------------------+
| GPR.data[0]             | ResourceVariable |                  |         | False       | (972, 180) | float64 | [[5.23460607e-01, 4.44174771e-01, 3.25722527e-01... |
+-------------------------+------------------+------------------+---------+-------------+------------+---------+-----------------------------------------------------+
| GPR.data[1]             | ResourceVariable |                  |         | False       | (972, 1)   | float64 | [[0.78418921...                                     |
+-------------------------+------------------+------------------+---------+-------------+------------+---------+-----------------------------------------------------+
Adding mse_ens_j_i to mse_ens_j: 5.803008956942738e-07 + 0 = 5.803008956942738e-07 
Epoch 1,  mse = 5.803008956942738e-07
Epoch 2
Using older approach (not converted to tf.function yet)
+-------------------------+------------------+------------------+---------+-------------+------------+---------+-----------------------------------------------------+
| name                    | class            | transform        | prior   | trainable   | shape      | dtype   | value                                               |
+=========================+==================+==================+=========+=============+============+=========+=====================================================+
| GPR.kernel.variance     | Parameter        | Softplus         |         | True        | ()         | float64 | 1.0074305100425403                                  |
+-------------------------+------------------+------------------+---------+-------------+------------+---------+-----------------------------------------------------+
| GPR.kernel.degree       | Parameter        | Identity         |         | False       | ()         | float64 | 2.0                                                 |
+-------------------------+------------------+------------------+---------+-------------+------------+---------+-----------------------------------------------------+
| GPR.kernel.offset       | Parameter        | Softplus         |         | False       | ()         | float64 | 2.2250738585072626e-308                             |
+-------------------------+------------------+------------------+---------+-------------+------------+---------+-----------------------------------------------------+
| GPR.likelihood.variance | Parameter        | Softplus + Shift |         | True        | ()         | float64 | 9.905328667080512e-05                               |
+-------------------------+------------------+------------------+---------+-------------+------------+---------+-----------------------------------------------------+
| GPR.data[0]             | ResourceVariable |                  |         | False       | (972, 180) | float64 | [[4.65943869e-01, 5.95477855e-01, 4.76617723e-01... |
+-------------------------+------------------+------------------+---------+-------------+------------+---------+-----------------------------------------------------+
| GPR.data[1]             | ResourceVariable |                  |         | False       | (972, 1)   | float64 | [[-1.54264437...                                    |
+-------------------------+------------------+------------------+---------+-------------+------------+---------+-----------------------------------------------------+
Adding mse_ens_j_i to mse_ens_j: 5.766251497158772e-07 + 0 = 5.766251497158772e-07 
Epoch 2,  mse = 5.766251497158772e-07
Using older approach (not converted to tf.function yet)
+-------------------------+------------------+------------------+---------+-------------+------------+---------+-----------------------------------------------------+
| name                    | class            | transform        | prior   | trainable   | shape      | dtype   | value                                               |
+=========================+==================+==================+=========+=============+============+=========+=====================================================+
| GPR.kernel.variance     | Parameter        | Softplus         |         | True        | ()         | float64 | 1.0107353643117145                                  |
+-------------------------+------------------+------------------+---------+-------------+------------+---------+-----------------------------------------------------+
| GPR.kernel.degree       | Parameter        | Identity         |         | False       | ()         | float64 | 2.0                                                 |
+-------------------------+------------------+------------------+---------+-------------+------------+---------+-----------------------------------------------------+
| GPR.kernel.offset       | Parameter        | Softplus         |         | False       | ()         | float64 | 2.2250738585072626e-308                             |
+-------------------------+------------------+------------------+---------+-------------+------------+---------+-----------------------------------------------------+
| GPR.likelihood.variance | Parameter        | Softplus + Shift |         | True        | ()         | float64 | 9.863047915818391e-05                               |
+-------------------------+------------------+------------------+---------+-------------+------------+---------+-----------------------------------------------------+
| GPR.data[0]             | ResourceVariable |                  |         | False       | (972, 180) | float64 | [[5.25135570e-01, 4.44773777e-01, 3.22817081e-01... |
+-------------------------+------------------+------------------+---------+-------------+------------+---------+-----------------------------------------------------+
| GPR.data[1]             | ResourceVariable |                  |         | False       | (972, 1)   | float64 | [[0.83548105...                                     |
+-------------------------+------------------+------------------+---------+-------------+------------+---------+-----------------------------------------------------+
Adding mse_ens_j_i to mse_ens_j: 5.723609209345971e-07 + 0 = 5.723609209345971e-07 
Epoch 3,  mse = 5.723609209345971e-07
Epoch 4
Using older approach (not converted to tf.function yet)
+-------------------------+------------------+------------------+---------+-------------+------------+---------+-----------------------------------------------------+
| name                    | class            | transform        | prior   | trainable   | shape      | dtype   | value                                               |
+=========================+==================+==================+=========+=============+============+=========+=====================================================+
| GPR.kernel.variance     | Parameter        | Softplus         |         | True        | ()         | float64 | 1.014310092801684                                   |
+-------------------------+------------------+------------------+---------+-------------+------------+---------+-----------------------------------------------------+
| GPR.kernel.degree       | Parameter        | Identity         |         | False       | ()         | float64 | 2.0                                                 |
+-------------------------+------------------+------------------+---------+-------------+------------+---------+-----------------------------------------------------+
| GPR.kernel.offset       | Parameter        | Softplus         |         | False       | ()         | float64 | 2.2250738585072626e-308                             |
+-------------------------+------------------+------------------+---------+-------------+------------+---------+-----------------------------------------------------+
| GPR.likelihood.variance | Parameter        | Softplus + Shift |         | True        | ()         | float64 | 9.817365893508686e-05                               |
+-------------------------+------------------+------------------+---------+-------------+------------+---------+-----------------------------------------------------+
| GPR.data[0]             | ResourceVariable |                  |         | False       | (972, 180) | float64 | [[5.08407739e-01, 6.84626382e-01, 5.12540811e-01... |
+-------------------------+------------------+------------------+---------+-------------+------------+---------+-----------------------------------------------------+
| GPR.data[1]             | ResourceVariable |                  |         | False       | (972, 1)   | float64 | [[-0.73985189...                                    |
+-------------------------+------------------+------------------+---------+-------------+------------+---------+-----------------------------------------------------+
Adding mse_ens_j_i to mse_ens_j: 5.676685537762438e-07 + 0 = 5.676685537762438e-07 
Epoch 4,  mse = 5.676685537762438e-07
Using older approach (not converted to tf.function yet)
+-------------------------+------------------+------------------+---------+-------------+------------+---------+-----------------------------------------------------+
| name                    | class            | transform        | prior   | trainable   | shape      | dtype   | value                                               |
+=========================+==================+==================+=========+=============+============+=========+=====================================================+
| GPR.kernel.variance     | Parameter        | Softplus         |         | True        | ()         | float64 | 1.018111800409862                                   |
+-------------------------+------------------+------------------+---------+-------------+------------+---------+-----------------------------------------------------+
| GPR.kernel.degree       | Parameter        | Identity         |         | False       | ()         | float64 | 2.0                                                 |
+-------------------------+------------------+------------------+---------+-------------+------------+---------+-----------------------------------------------------+
| GPR.kernel.offset       | Parameter        | Softplus         |         | False       | ()         | float64 | 2.2250738585072626e-308                             |
+-------------------------+------------------+------------------+---------+-------------+------------+---------+-----------------------------------------------------+
| GPR.likelihood.variance | Parameter        | Softplus + Shift |         | True        | ()         | float64 | 9.768895140341994e-05                               |
+-------------------------+------------------+------------------+---------+-------------+------------+---------+-----------------------------------------------------+
| GPR.data[0]             | ResourceVariable |                  |         | False       | (972, 180) | float64 | [[5.19444037e-01, 7.03670977e-01, 5.20200637e-01... |
+-------------------------+------------------+------------------+---------+-------------+------------+---------+-----------------------------------------------------+
| GPR.data[1]             | ResourceVariable |                  |         | False       | (972, 1)   | float64 | [[-0.48904295...                                    |
+-------------------------+------------------+------------------+---------+-------------+------------+---------+-----------------------------------------------------+
Adding mse_ens_j_i to mse_ens_j: 5.626513098515183e-07 + 0 = 5.626513098515183e-07 
Epoch 5,  mse = 5.626513098515183e-07
Epoch 6
Using older approach (not converted to tf.function yet)
+-------------------------+------------------+------------------+---------+-------------+------------+---------+-----------------------------------------------------+
| name                    | class            | transform        | prior   | trainable   | shape      | dtype   | value                                               |
+=========================+==================+==================+=========+=============+============+=========+=====================================================+
| GPR.kernel.variance     | Parameter        | Softplus         |         | True        | ()         | float64 | 1.0221084719200955                                  |
+-------------------------+------------------+------------------+---------+-------------+------------+---------+-----------------------------------------------------+
| GPR.kernel.degree       | Parameter        | Identity         |         | False       | ()         | float64 | 2.0                                                 |
+-------------------------+------------------+------------------+---------+-------------+------------+---------+-----------------------------------------------------+
| GPR.kernel.offset       | Parameter        | Softplus         |         | False       | ()         | float64 | 2.2250738585072626e-308                             |
+-------------------------+------------------+------------------+---------+-------------+------------+---------+-----------------------------------------------------+
| GPR.likelihood.variance | Parameter        | Softplus + Shift |         | True        | ()         | float64 | 9.718102359734327e-05                               |
+-------------------------+------------------+------------------+---------+-------------+------------+---------+-----------------------------------------------------+
| GPR.data[0]             | ResourceVariable |                  |         | False       | (972, 180) | float64 | [[4.52638889e-01, 5.49598387e-01, 4.57351077e-01... |
+-------------------------+------------------+------------------+---------+-------------+------------+---------+-----------------------------------------------------+
| GPR.data[1]             | ResourceVariable |                  |         | False       | (972, 1)   | float64 | [[-1.66346909...                                    |
+-------------------------+------------------+------------------+---------+-------------+------------+---------+-----------------------------------------------------+
Adding mse_ens_j_i to mse_ens_j: 5.573829283800576e-07 + 0 = 5.573829283800576e-07 
Epoch 6,  mse = 5.573829283800576e-07
Using older approach (not converted to tf.function yet)
+-------------------------+------------------+------------------+---------+-------------+------------+---------+-----------------------------------------------------+
| name                    | class            | transform        | prior   | trainable   | shape      | dtype   | value                                               |
+=========================+==================+==================+=========+=============+============+=========+=====================================================+
| GPR.kernel.variance     | Parameter        | Softplus         |         | True        | ()         | float64 | 1.0262750342950004                                  |
+-------------------------+------------------+------------------+---------+-------------+------------+---------+-----------------------------------------------------+
| GPR.kernel.degree       | Parameter        | Identity         |         | False       | ()         | float64 | 2.0                                                 |
+-------------------------+------------------+------------------+---------+-------------+------------+---------+-----------------------------------------------------+
| GPR.kernel.offset       | Parameter        | Softplus         |         | False       | ()         | float64 | 2.2250738585072626e-308                             |
+-------------------------+------------------+------------------+---------+-------------+------------+---------+-----------------------------------------------------+
| GPR.likelihood.variance | Parameter        | Softplus + Shift |         | True        | ()         | float64 | 9.665359103998772e-05                               |
+-------------------------+------------------+------------------+---------+-------------+------------+---------+-----------------------------------------------------+
| GPR.data[0]             | ResourceVariable |                  |         | False       | (972, 180) | float64 | [[4.91359820e-01, 4.44289289e-01, 3.72318149e-01... |
+-------------------------+------------------+------------------+---------+-------------+------------+---------+-----------------------------------------------------+
| GPR.data[1]             | ResourceVariable |                  |         | False       | (972, 1)   | float64 | [[-0.12747163...                                    |
+-------------------------+------------------+------------------+---------+-------------+------------+---------+-----------------------------------------------------+
Adding mse_ens_j_i to mse_ens_j: 5.519193963280201e-07 + 0 = 5.519193963280201e-07 
Epoch 7,  mse = 5.519193963280201e-07
Epoch 8
Using older approach (not converted to tf.function yet)
+-------------------------+------------------+------------------+---------+-------------+------------+---------+-----------------------------------------------------+
| name                    | class            | transform        | prior   | trainable   | shape      | dtype   | value                                               |
+=========================+==================+==================+=========+=============+============+=========+=====================================================+
| GPR.kernel.variance     | Parameter        | Softplus         |         | True        | ()         | float64 | 1.0305911445831697                                  |
+-------------------------+------------------+------------------+---------+-------------+------------+---------+-----------------------------------------------------+
| GPR.kernel.degree       | Parameter        | Identity         |         | False       | ()         | float64 | 2.0                                                 |
+-------------------------+------------------+------------------+---------+-------------+------------+---------+-----------------------------------------------------+
| GPR.kernel.offset       | Parameter        | Softplus         |         | False       | ()         | float64 | 2.2250738585072626e-308                             |
+-------------------------+------------------+------------------+---------+-------------+------------+---------+-----------------------------------------------------+
| GPR.likelihood.variance | Parameter        | Softplus + Shift |         | True        | ()         | float64 | 9.610970543425101e-05                               |
+-------------------------+------------------+------------------+---------+-------------+------------+---------+-----------------------------------------------------+
| GPR.data[0]             | ResourceVariable |                  |         | False       | (972, 180) | float64 | [[5.19444037e-01, 7.03670977e-01, 5.20200637e-01... |
+-------------------------+------------------+------------------+---------+-------------+------------+---------+-----------------------------------------------------+
| GPR.data[1]             | ResourceVariable |                  |         | False       | (972, 1)   | float64 | [[-0.48904295...                                    |
+-------------------------+------------------+------------------+---------+-------------+------------+---------+-----------------------------------------------------+
Adding mse_ens_j_i to mse_ens_j: 5.463049300864977e-07 + 0 = 5.463049300864977e-07 
Epoch 8,  mse = 5.463049300864977e-07
Using older approach (not converted to tf.function yet)
+-------------------------+------------------+------------------+---------+-------------+------------+---------+-----------------------------------------------------+
| name                    | class            | transform        | prior   | trainable   | shape      | dtype   | value                                               |
+=========================+==================+==================+=========+=============+============+=========+=====================================================+
| GPR.kernel.variance     | Parameter        | Softplus         |         | True        | ()         | float64 | 1.0350398451508984                                  |
+-------------------------+------------------+------------------+---------+-------------+------------+---------+-----------------------------------------------------+
| GPR.kernel.degree       | Parameter        | Identity         |         | False       | ()         | float64 | 2.0                                                 |
+-------------------------+------------------+------------------+---------+-------------+------------+---------+-----------------------------------------------------+
| GPR.kernel.offset       | Parameter        | Softplus         |         | False       | ()         | float64 | 2.2250738585072626e-308                             |
+-------------------------+------------------+------------------+---------+-------------+------------+---------+-----------------------------------------------------+
| GPR.likelihood.variance | Parameter        | Softplus + Shift |         | True        | ()         | float64 | 9.555193153466177e-05                               |
+-------------------------+------------------+------------------+---------+-------------+------------+---------+-----------------------------------------------------+
| GPR.data[0]             | ResourceVariable |                  |         | False       | (972, 180) | float64 | [[5.36376505e-01, 4.50919419e-01, 3.01125748e-01... |
+-------------------------+------------------+------------------+---------+-------------+------------+---------+-----------------------------------------------------+
| GPR.data[1]             | ResourceVariable |                  |         | False       | (972, 1)   | float64 | [[1.20390463...                                     |
+-------------------------+------------------+------------------+---------+-------------+------------+---------+-----------------------------------------------------+
Adding mse_ens_j_i to mse_ens_j: 5.405753981961427e-07 + 0 = 5.405753981961427e-07 
Epoch 9,  mse = 5.405753981961427e-07
Calculating weights
+-------------------------+-----------+------------------+---------+-------------+---------+---------+--------------+
| name                    | class     | transform        | prior   | trainable   | shape   | dtype   |        value |
+=========================+===========+==================+=========+=============+=========+=========+==============+
| GPR.kernel.variance     | Parameter | Softplus         |         | True        | ()      | float64 | 1.03504      |
+-------------------------+-----------+------------------+---------+-------------+---------+---------+--------------+
| GPR.kernel.degree       | Parameter | Identity         |         | False       | ()      | float64 | 2            |
+-------------------------+-----------+------------------+---------+-------------+---------+---------+--------------+
| GPR.kernel.offset       | Parameter | Softplus         |         | False       | ()      | float64 | 2.22507e-308 |
+-------------------------+-----------+------------------+---------+-------------+---------+---------+--------------+
| GPR.likelihood.variance | Parameter | Softplus + Shift |         | True        | ()      | float64 | 9.55519e-05  |
+-------------------------+-----------+------------------+---------+-------------+---------+---------+--------------+
Predicting final energies
Predicting final forces
Training time outside of epochs in training cell  : 0.660
Training time per epoch                           : 0.124
Prediction time                                   : 0.024
Stored the hyperparameters and mse values for plotting under n=600
The title axes are not assigned correctly. Currently fixing.
Our observation noise variance implies our reference error is +/- 0.00469 /atom
                         Local Energy  Global Energy
Root Mean Squared Error      0.000275       0.000275
Mean Absolute Error          0.000190       0.000190
Max Absolute Error           0.000946       0.000946
r²                           1.000000       1.000000
/home/sstafford/anaconda3/envs/minigap/lib/python3.9/site-packages/numpy/lib/polynomial.py:659: RuntimeWarning: invalid value encountered in true_divide
  lhs /= scale
/home/sstafford/anaconda3/envs/minigap/lib/python3.9/site-packages/numpy/lib/polynomial.py:659: RuntimeWarning: invalid value encountered in true_divide
  lhs /= scale
Least-squares regresion for Fz(z) produces the line line m z+b with m = 0.99896 and b = -0.00000 which has r2 = 0.99999 
