Logging all output starting now into /home/sstafford/Documents/Python/miniGAP/minigap/results/N2_12_06_2021/miniGAP.log
Input settings for this calculation stored in /home/sstafford/Documents/Python/miniGAP/minigap/results/N2_12_06_2021/miniGAP.settings
Stack size set to unlimited
1 GPU(s) recognized by tensorflow: [PhysicalDevice(name='/physical_device:GPU:0', device_type='GPU')]
According to EMT calculator:
Nitrogen atom energy:  5.10 eV
Nitrogen molecule energy:  0.88 eV
Atomization energy:  9.32 eV
Now generating MD trajectory of 600 N₂ molecules at 0 K using VelocityVerlet dynamics and the EMT calculator
Filename '/home/sstafford/Documents/Python/miniGAP/minigap/results/N2_12_06_2021/N2_VelocityVerlet.traj' selected.
Step 60: Energy per atom: Epot = 0.188eV  Ekin = 0.249eV (T=1158K) Etot = 0.438eV
Step 120: Energy per atom: Epot = 0.354eV  Ekin = 0.084eV (T=390K) Etot = 0.438eV
Step 180: Energy per atom: Epot = 0.191eV  Ekin = 0.247eV (T=1146K) Etot = 0.438eV
Step 240: Energy per atom: Epot = 0.308eV  Ekin = 0.129eV (T=599K) Etot = 0.438eV
Step 300: Energy per atom: Epot = 0.396eV  Ekin = 0.041eV (T=191K) Etot = 0.438eV
Step 360: Energy per atom: Epot = 0.131eV  Ekin = 0.306eV (T=1421K) Etot = 0.438eV
Step 420: Energy per atom: Epot = 0.437eV  Ekin = 0.001eV (T=  3K) Etot = 0.438eV
Step 480: Energy per atom: Epot = 0.132eV  Ekin = 0.305eV (T=1417K) Etot = 0.438eV
Step 540: Energy per atom: Epot = 0.408eV  Ekin = 0.030eV (T=139K) Etot = 0.438eV
Step 599: Energy per atom: Epot = 0.296eV  Ekin = 0.142eV (T=658K) Etot = 0.438eV
Compiling structures into list took 2.93 seconds
Generating animation frame 0 (0% complete)
Generating animation frame 10 (10% complete)
Generating animation frame 20 (20% complete)
Generating animation frame 30 (30% complete)
Generating animation frame 40 (40% complete)
Generating animation frame 50 (50% complete)
Generating animation frame 60 (60% complete)
Generating animation frame 70 (70% complete)
Generating animation frame 80 (80% complete)
Generating animation frame 90 (90% complete)
Generating animation frame 100 (100% complete)
Filename '/home/sstafford/Documents/Python/miniGAP/minigap/results/N2_12_06_2021/structure_animation.mp4' selected.
Generating animation frame 0 (0% complete)
Generating animation frame 10 (10% complete)
Generating animation frame 20 (20% complete)
Generating animation frame 30 (30% complete)
Generating animation frame 40 (40% complete)
Generating animation frame 50 (50% complete)
Generating animation frame 60 (60% complete)
Generating animation frame 70 (70% complete)
Generating animation frame 80 (80% complete)
Generating animation frame 90 (90% complete)
Generating animation frame 100 (100% complete)
Created animation of the structural dataset used in this calculation in the results directory. This might be useful to verify the correct structures are being used.
Created animation of structures in 2.3951239585876465 seconds 
Gathered energy, force and structure info in 0.31 seconds
Completed the initial setup of miniGAP (including compiling structural data) in 7.93 seconds
Generated SOAP descriptors and derivatives in 0.27 seconds
Reformatted data to build model in 0.00 seconds.
Not using any sparsity.
Using a degree 2 polynomial kernel.
Alert: Double check the training validity for degree =/= 1 when not using predict_f
Training using 972 atoms without batching.
Epoch 0
Using older approach (not converted to tf.function yet)
+-------------------------+------------------+------------------+---------+-------------+------------+---------+-----------------------------------------------------+
| name                    | class            | transform        | prior   | trainable   | shape      | dtype   | value                                               |
+=========================+==================+==================+=========+=============+============+=========+=====================================================+
| GPR.kernel.variance     | Parameter        | Softplus         |         | True        | ()         | float64 | 1.0042881200117513                                  |
+-------------------------+------------------+------------------+---------+-------------+------------+---------+-----------------------------------------------------+
| GPR.kernel.degree       | Parameter        | Identity         |         | False       | ()         | float64 | 2.0                                                 |
+-------------------------+------------------+------------------+---------+-------------+------------+---------+-----------------------------------------------------+
| GPR.kernel.offset       | Parameter        | Softplus         |         | False       | ()         | float64 | 2.2250738585072626e-308                             |
+-------------------------+------------------+------------------+---------+-------------+------------+---------+-----------------------------------------------------+
| GPR.likelihood.variance | Parameter        | Softplus + Shift |         | True        | ()         | float64 | 9.943475731279949e-05                               |
+-------------------------+------------------+------------------+---------+-------------+------------+---------+-----------------------------------------------------+
| GPR.data[0]             | ResourceVariable |                  |         | False       | (972, 180) | float64 | [[5.25104036e-01, 4.44761839e-01, 3.22872429e-01... |
+-------------------------+------------------+------------------+---------+-------------+------------+---------+-----------------------------------------------------+
| GPR.data[1]             | ResourceVariable |                  |         | False       | (972, 1)   | float64 | [[0.19122804...                                     |
+-------------------------+------------------+------------------+---------+-------------+------------+---------+-----------------------------------------------------+
Adding mse_ens_j_i to mse_ens_j: 1.5298855784118687e-06 + 0 = 1.5298855784118687e-06 
Epoch 0,  mse = 1.5298855784118687e-06
Using older approach (not converted to tf.function yet)
+-------------------------+------------------+------------------+---------+-------------+------------+---------+-----------------------------------------------------+
| name                    | class            | transform        | prior   | trainable   | shape      | dtype   | value                                               |
+=========================+==================+==================+=========+=============+============+=========+=====================================================+
| GPR.kernel.variance     | Parameter        | Softplus         |         | True        | ()         | float64 | 1.0095917665044118                                  |
+-------------------------+------------------+------------------+---------+-------------+------------+---------+-----------------------------------------------------+
| GPR.kernel.degree       | Parameter        | Identity         |         | False       | ()         | float64 | 2.0                                                 |
+-------------------------+------------------+------------------+---------+-------------+------------+---------+-----------------------------------------------------+
| GPR.kernel.offset       | Parameter        | Softplus         |         | False       | ()         | float64 | 2.2250738585072626e-308                             |
+-------------------------+------------------+------------------+---------+-------------+------------+---------+-----------------------------------------------------+
| GPR.likelihood.variance | Parameter        | Softplus + Shift |         | True        | ()         | float64 | 9.872855354801662e-05                               |
+-------------------------+------------------+------------------+---------+-------------+------------+---------+-----------------------------------------------------+
| GPR.data[0]             | ResourceVariable |                  |         | False       | (972, 180) | float64 | [[4.86805627e-01, 4.46019508e-01, 3.78083849e-01... |
+-------------------------+------------------+------------------+---------+-------------+------------+---------+-----------------------------------------------------+
| GPR.data[1]             | ResourceVariable |                  |         | False       | (972, 1)   | float64 | [[-1.47124461...                                    |
+-------------------------+------------------+------------------+---------+-------------+------------+---------+-----------------------------------------------------+
Adding mse_ens_j_i to mse_ens_j: 1.5117919754356876e-06 + 0 = 1.5117919754356876e-06 
Epoch 1,  mse = 1.5117919754356876e-06
Epoch 2
Using older approach (not converted to tf.function yet)
+-------------------------+------------------+------------------+---------+-------------+------------+---------+-----------------------------------------------------+
| name                    | class            | transform        | prior   | trainable   | shape      | dtype   | value                                               |
+=========================+==================+==================+=========+=============+============+=========+=====================================================+
| GPR.kernel.variance     | Parameter        | Softplus         |         | True        | ()         | float64 | 1.0155119439501674                                  |
+-------------------------+------------------+------------------+---------+-------------+------------+---------+-----------------------------------------------------+
| GPR.kernel.degree       | Parameter        | Identity         |         | False       | ()         | float64 | 2.0                                                 |
+-------------------------+------------------+------------------+---------+-------------+------------+---------+-----------------------------------------------------+
| GPR.kernel.offset       | Parameter        | Softplus         |         | False       | ()         | float64 | 2.2250738585072626e-308                             |
+-------------------------+------------------+------------------+---------+-------------+------------+---------+-----------------------------------------------------+
| GPR.likelihood.variance | Parameter        | Softplus + Shift |         | True        | ()         | float64 | 9.793932342684132e-05                               |
+-------------------------+------------------+------------------+---------+-------------+------------+---------+-----------------------------------------------------+
| GPR.data[0]             | ResourceVariable |                  |         | False       | (972, 180) | float64 | [[5.14960021e-01, 4.42151489e-01, 3.39524527e-01... |
+-------------------------+------------------+------------------+---------+-------------+------------+---------+-----------------------------------------------------+
| GPR.data[1]             | ResourceVariable |                  |         | False       | (972, 1)   | float64 | [[-0.51412216...                                    |
+-------------------------+------------------+------------------+---------+-------------+------------+---------+-----------------------------------------------------+
Adding mse_ens_j_i to mse_ens_j: 1.4897033981090391e-06 + 0 = 1.4897033981090391e-06 
Epoch 2,  mse = 1.4897033981090391e-06
Using older approach (not converted to tf.function yet)
+-------------------------+------------------+------------------+---------+-------------+------------+---------+-----------------------------------------------------+
| name                    | class            | transform        | prior   | trainable   | shape      | dtype   | value                                               |
+=========================+==================+==================+=========+=============+============+=========+=====================================================+
| GPR.kernel.variance     | Parameter        | Softplus         |         | True        | ()         | float64 | 1.0218680241575655                                  |
+-------------------------+------------------+------------------+---------+-------------+------------+---------+-----------------------------------------------------+
| GPR.kernel.degree       | Parameter        | Identity         |         | False       | ()         | float64 | 2.0                                                 |
+-------------------------+------------------+------------------+---------+-------------+------------+---------+-----------------------------------------------------+
| GPR.kernel.offset       | Parameter        | Softplus         |         | False       | ()         | float64 | 2.2250738585072626e-308                             |
+-------------------------+------------------+------------------+---------+-------------+------------+---------+-----------------------------------------------------+
| GPR.likelihood.variance | Parameter        | Softplus + Shift |         | True        | ()         | float64 | 9.709465581810275e-05                               |
+-------------------------+------------------+------------------+---------+-------------+------------+---------+-----------------------------------------------------+
| GPR.data[0]             | ResourceVariable |                  |         | False       | (972, 180) | float64 | [[5.34600162e-01, 4.49662281e-01, 3.04860302e-01... |
+-------------------------+------------------+------------------+---------+-------------+------------+---------+-----------------------------------------------------+
| GPR.data[1]             | ResourceVariable |                  |         | False       | (972, 1)   | float64 | [[1.10737818...                                     |
+-------------------------+------------------+------------------+---------+-------------+------------+---------+-----------------------------------------------------+
Adding mse_ens_j_i to mse_ens_j: 1.4655151753255777e-06 + 0 = 1.4655151753255777e-06 
Epoch 3,  mse = 1.4655151753255777e-06
Epoch 4
Using older approach (not converted to tf.function yet)
+-------------------------+------------------+------------------+---------+-------------+------------+---------+-----------------------------------------------------+
| name                    | class            | transform        | prior   | trainable   | shape      | dtype   | value                                               |
+=========================+==================+==================+=========+=============+============+=========+=====================================================+
| GPR.kernel.variance     | Parameter        | Softplus         |         | True        | ()         | float64 | 1.0285553698221592                                  |
+-------------------------+------------------+------------------+---------+-------------+------------+---------+-----------------------------------------------------+
| GPR.kernel.degree       | Parameter        | Identity         |         | False       | ()         | float64 | 2.0                                                 |
+-------------------------+------------------+------------------+---------+-------------+------------+---------+-----------------------------------------------------+
| GPR.kernel.offset       | Parameter        | Softplus         |         | False       | ()         | float64 | 2.2250738585072626e-308                             |
+-------------------------+------------------+------------------+---------+-------------+------------+---------+-----------------------------------------------------+
| GPR.likelihood.variance | Parameter        | Softplus + Shift |         | True        | ()         | float64 | 9.621109339920726e-05                               |
+-------------------------+------------------+------------------+---------+-------------+------------+---------+-----------------------------------------------------+
| GPR.data[0]             | ResourceVariable |                  |         | False       | (972, 180) | float64 | [[5.23037347e-01, 4.44034518e-01, 3.26445954e-01... |
+-------------------------+------------------+------------------+---------+-------------+------------+---------+-----------------------------------------------------+
| GPR.data[1]             | ResourceVariable |                  |         | False       | (972, 1)   | float64 | [[0.02802985...                                     |
+-------------------------+------------------+------------------+---------+-------------+------------+---------+-----------------------------------------------------+
Adding mse_ens_j_i to mse_ens_j: 1.4401192703703675e-06 + 0 = 1.4401192703703675e-06 
Epoch 4,  mse = 1.4401192703703675e-06
Using older approach (not converted to tf.function yet)
+-------------------------+------------------+------------------+---------+-------------+------------+---------+-----------------------------------------------------+
| name                    | class            | transform        | prior   | trainable   | shape      | dtype   | value                                               |
+=========================+==================+==================+=========+=============+============+=========+=====================================================+
| GPR.kernel.variance     | Parameter        | Softplus         |         | True        | ()         | float64 | 1.0355050638686731                                  |
+-------------------------+------------------+------------------+---------+-------------+------------+---------+-----------------------------------------------------+
| GPR.kernel.degree       | Parameter        | Identity         |         | False       | ()         | float64 | 2.0                                                 |
+-------------------------+------------------+------------------+---------+-------------+------------+---------+-----------------------------------------------------+
| GPR.kernel.offset       | Parameter        | Softplus         |         | False       | ()         | float64 | 2.2250738585072626e-308                             |
+-------------------------+------------------+------------------+---------+-------------+------------+---------+-----------------------------------------------------+
| GPR.likelihood.variance | Parameter        | Softplus + Shift |         | True        | ()         | float64 | 9.529977416828583e-05                               |
+-------------------------+------------------+------------------+---------+-------------+------------+---------+-----------------------------------------------------+
| GPR.data[0]             | ResourceVariable |                  |         | False       | (972, 180) | float64 | [[4.49681576e-01, 5.03699676e-01, 4.35319576e-01... |
+-------------------------+------------------+------------------+---------+-------------+------------+---------+-----------------------------------------------------+
| GPR.data[1]             | ResourceVariable |                  |         | False       | (972, 1)   | float64 | [[1.07700877...                                     |
+-------------------------+------------------+------------------+---------+-------------+------------+---------+-----------------------------------------------------+
Adding mse_ens_j_i to mse_ens_j: 1.4140386814344914e-06 + 0 = 1.4140386814344914e-06 
Epoch 5,  mse = 1.4140386814344914e-06
Epoch 6
Using older approach (not converted to tf.function yet)
+-------------------------+------------------+------------------+---------+-------------+------------+---------+-----------------------------------------------------+
| name                    | class            | transform        | prior   | trainable   | shape      | dtype   | value                                               |
+=========================+==================+==================+=========+=============+============+=========+=====================================================+
| GPR.kernel.variance     | Parameter        | Softplus         |         | True        | ()         | float64 | 1.042667883905198                                   |
+-------------------------+------------------+------------------+---------+-------------+------------+---------+-----------------------------------------------------+
| GPR.kernel.degree       | Parameter        | Identity         |         | False       | ()         | float64 | 2.0                                                 |
+-------------------------+------------------+------------------+---------+-------------+------------+---------+-----------------------------------------------------+
| GPR.kernel.offset       | Parameter        | Softplus         |         | False       | ()         | float64 | 2.2250738585072626e-308                             |
+-------------------------+------------------+------------------+---------+-------------+------------+---------+-----------------------------------------------------+
| GPR.likelihood.variance | Parameter        | Softplus + Shift |         | True        | ()         | float64 | 9.436874196377255e-05                               |
+-------------------------+------------------+------------------+---------+-------------+------------+---------+-----------------------------------------------------+
| GPR.data[0]             | ResourceVariable |                  |         | False       | (972, 180) | float64 | [[4.50703912e-01, 4.96337075e-01, 4.31147401e-01... |
+-------------------------+------------------+------------------+---------+-------------+------------+---------+-----------------------------------------------------+
| GPR.data[1]             | ResourceVariable |                  |         | False       | (972, 1)   | float64 | [[0.61647062...                                     |
+-------------------------+------------------+------------------+---------+-------------+------------+---------+-----------------------------------------------------+
Adding mse_ens_j_i to mse_ens_j: 1.387613739586646e-06 + 0 = 1.387613739586646e-06 
Epoch 6,  mse = 1.387613739586646e-06
Using older approach (not converted to tf.function yet)
+-------------------------+------------------+------------------+---------+-------------+------------+---------+-----------------------------------------------------+
| name                    | class            | transform        | prior   | trainable   | shape      | dtype   | value                                               |
+=========================+==================+==================+=========+=============+============+=========+=====================================================+
| GPR.kernel.variance     | Parameter        | Softplus         |         | True        | ()         | float64 | 1.0500066392242908                                  |
+-------------------------+------------------+------------------+---------+-------------+------------+---------+-----------------------------------------------------+
| GPR.kernel.degree       | Parameter        | Identity         |         | False       | ()         | float64 | 2.0                                                 |
+-------------------------+------------------+------------------+---------+-------------+------------+---------+-----------------------------------------------------+
| GPR.kernel.offset       | Parameter        | Softplus         |         | False       | ()         | float64 | 2.2250738585072626e-308                             |
+-------------------------+------------------+------------------+---------+-------------+------------+---------+-----------------------------------------------------+
| GPR.likelihood.variance | Parameter        | Softplus + Shift |         | True        | ()         | float64 | 9.342408186626826e-05                               |
+-------------------------+------------------+------------------+---------+-------------+------------+---------+-----------------------------------------------------+
| GPR.data[0]             | ResourceVariable |                  |         | False       | (972, 180) | float64 | [[5.31284302e-01, 4.47629445e-01, 3.11488928e-01... |
+-------------------------+------------------+------------------+---------+-------------+------------+---------+-----------------------------------------------------+
| GPR.data[1]             | ResourceVariable |                  |         | False       | (972, 1)   | float64 | [[0.75217691...                                     |
+-------------------------+------------------+------------------+---------+-------------+------------+---------+-----------------------------------------------------+
Adding mse_ens_j_i to mse_ens_j: 1.3610792173886438e-06 + 0 = 1.3610792173886438e-06 
Epoch 7,  mse = 1.3610792173886438e-06
Epoch 8
Using older approach (not converted to tf.function yet)
+-------------------------+------------------+------------------+---------+-------------+------------+---------+-----------------------------------------------------+
| name                    | class            | transform        | prior   | trainable   | shape      | dtype   | value                                               |
+=========================+==================+==================+=========+=============+============+=========+=====================================================+
| GPR.kernel.variance     | Parameter        | Softplus         |         | True        | ()         | float64 | 1.0574920479002996                                  |
+-------------------------+------------------+------------------+---------+-------------+------------+---------+-----------------------------------------------------+
| GPR.kernel.degree       | Parameter        | Identity         |         | False       | ()         | float64 | 2.0                                                 |
+-------------------------+------------------+------------------+---------+-------------+------------+---------+-----------------------------------------------------+
| GPR.kernel.offset       | Parameter        | Softplus         |         | False       | ()         | float64 | 2.2250738585072626e-308                             |
+-------------------------+------------------+------------------+---------+-------------+------------+---------+-----------------------------------------------------+
| GPR.likelihood.variance | Parameter        | Softplus + Shift |         | True        | ()         | float64 | 9.247054787410596e-05                               |
+-------------------------+------------------+------------------+---------+-------------+------------+---------+-----------------------------------------------------+
| GPR.data[0]             | ResourceVariable |                  |         | False       | (972, 180) | float64 | [[4.49681576e-01, 5.03699676e-01, 4.35319576e-01... |
+-------------------------+------------------+------------------+---------+-------------+------------+---------+-----------------------------------------------------+
| GPR.data[1]             | ResourceVariable |                  |         | False       | (972, 1)   | float64 | [[1.07700877...                                     |
+-------------------------+------------------+------------------+---------+-------------+------------+---------+-----------------------------------------------------+
Adding mse_ens_j_i to mse_ens_j: 1.3346027757243624e-06 + 0 = 1.3346027757243624e-06 
Epoch 8,  mse = 1.3346027757243624e-06
Using older approach (not converted to tf.function yet)
+-------------------------+------------------+------------------+---------+-------------+------------+---------+-----------------------------------------------------+
| name                    | class            | transform        | prior   | trainable   | shape      | dtype   | value                                               |
+=========================+==================+==================+=========+=============+============+=========+=====================================================+
| GPR.kernel.variance     | Parameter        | Softplus         |         | True        | ()         | float64 | 1.0651003262002687                                  |
+-------------------------+------------------+------------------+---------+-------------+------------+---------+-----------------------------------------------------+
| GPR.kernel.degree       | Parameter        | Identity         |         | False       | ()         | float64 | 2.0                                                 |
+-------------------------+------------------+------------------+---------+-------------+------------+---------+-----------------------------------------------------+
| GPR.kernel.offset       | Parameter        | Softplus         |         | False       | ()         | float64 | 2.2250738585072626e-308                             |
+-------------------------+------------------+------------------+---------+-------------+------------+---------+-----------------------------------------------------+
| GPR.likelihood.variance | Parameter        | Softplus + Shift |         | True        | ()         | float64 | 9.151194024038192e-05                               |
+-------------------------+------------------+------------------+---------+-------------+------------+---------+-----------------------------------------------------+
| GPR.data[0]             | ResourceVariable |                  |         | False       | (972, 180) | float64 | [[5.32165817e-01, 4.48132741e-01, 3.09766763e-01... |
+-------------------------+------------------+------------------+---------+-------------+------------+---------+-----------------------------------------------------+
| GPR.data[1]             | ResourceVariable |                  |         | False       | (972, 1)   | float64 | [[0.84243345...                                     |
+-------------------------+------------------+------------------+---------+-------------+------------+---------+-----------------------------------------------------+
Adding mse_ens_j_i to mse_ens_j: 1.30830659916041e-06 + 0 = 1.30830659916041e-06 
Epoch 9,  mse = 1.30830659916041e-06
Calculating weights
+-------------------------+-----------+------------------+---------+-------------+---------+---------+--------------+
| name                    | class     | transform        | prior   | trainable   | shape   | dtype   |        value |
+=========================+===========+==================+=========+=============+=========+=========+==============+
| GPR.kernel.variance     | Parameter | Softplus         |         | True        | ()      | float64 | 1.0651       |
+-------------------------+-----------+------------------+---------+-------------+---------+---------+--------------+
| GPR.kernel.degree       | Parameter | Identity         |         | False       | ()      | float64 | 2            |
+-------------------------+-----------+------------------+---------+-------------+---------+---------+--------------+
| GPR.kernel.offset       | Parameter | Softplus         |         | False       | ()      | float64 | 2.22507e-308 |
+-------------------------+-----------+------------------+---------+-------------+---------+---------+--------------+
| GPR.likelihood.variance | Parameter | Softplus + Shift |         | True        | ()      | float64 | 9.15119e-05  |
+-------------------------+-----------+------------------+---------+-------------+---------+---------+--------------+
Predicting final energies
Predicting final forces
Training time outside of epochs in training cell  : 0.657
Training time per epoch                           : 0.120
Prediction time                                   : 0.023
Stored the hyperparameters and mse values for plotting under n=600
The title axes are not assigned correctly. Currently fixing.
Our observation noise variance implies our reference error is +/- 0.00104 /atom
                         Local Energy  Global Energy
Root Mean Squared Error      0.000104       0.000104
Mean Absolute Error          0.000085       0.000085
Max Absolute Error           0.000209       0.000209
r²                           1.000000       1.000000
/home/sstafford/anaconda3/envs/minigap/lib/python3.9/site-packages/numpy/lib/polynomial.py:659: RuntimeWarning: invalid value encountered in true_divide
  lhs /= scale
/home/sstafford/anaconda3/envs/minigap/lib/python3.9/site-packages/numpy/lib/polynomial.py:659: RuntimeWarning: invalid value encountered in true_divide
  lhs /= scale
Least-squares regresion for Fz(z) produces the line line m z+b with m = 0.99951 and b = 0.00000 which has r2 = 0.99999 
