Logging all output starting now into /home/sstafford/Documents/Python/miniGAP/minigap/results/Ethane_12_06_2021/miniGAP.log
Input settings for this calculation stored in /home/sstafford/Documents/Python/miniGAP/minigap/results/Ethane_12_06_2021/miniGAP.settings
Stack size set to unlimited
1 GPU(s) recognized by tensorflow: [PhysicalDevice(name='/physical_device:GPU:0', device_type='GPU')]
Now generating MD trajectory of 600 C2H6 structures at 0 K using VelocityVerlet dynamics and the EMT calculator
Filename '/home/sstafford/Documents/Python/miniGAP/minigap/results/Ethane_12_06_2021/C2H6_VelocityVerlet.traj' selected.
Step 60: Energy per atom: Epot = 0.354eV  Ekin = 0.031eV  Etot = 0.385eV
Step 120: Energy per atom: Epot = 0.240eV  Ekin = 0.145eV  Etot = 0.385eV
Step 180: Energy per atom: Epot = 0.217eV  Ekin = 0.168eV  Etot = 0.385eV
Step 240: Energy per atom: Epot = 0.293eV  Ekin = 0.092eV  Etot = 0.385eV
Step 300: Energy per atom: Epot = 0.187eV  Ekin = 0.198eV  Etot = 0.385eV
Step 360: Energy per atom: Epot = 0.313eV  Ekin = 0.072eV  Etot = 0.385eV
Step 420: Energy per atom: Epot = 0.376eV  Ekin = 0.009eV  Etot = 0.385eV
Step 480: Energy per atom: Epot = 0.372eV  Ekin = 0.013eV  Etot = 0.385eV
Step 540: Energy per atom: Epot = 0.268eV  Ekin = 0.117eV  Etot = 0.385eV
Step 599: Energy per atom: Epot = 0.209eV  Ekin = 0.176eV  Etot = 0.385eV
Compiling structures into list took 2.36 seconds
Generating animation frame 0 (0% complete)
Generating animation frame 10 (10% complete)
Generating animation frame 20 (20% complete)
Generating animation frame 30 (30% complete)
Generating animation frame 40 (40% complete)
Generating animation frame 50 (50% complete)
Generating animation frame 60 (60% complete)
Generating animation frame 70 (70% complete)
Generating animation frame 80 (80% complete)
Generating animation frame 90 (90% complete)
Generating animation frame 100 (100% complete)
Filename '/home/sstafford/Documents/Python/miniGAP/minigap/results/Ethane_12_06_2021/structure_animation.mp4' selected.
Generating animation frame 0 (0% complete)
Generating animation frame 10 (10% complete)
Generating animation frame 20 (20% complete)
Generating animation frame 30 (30% complete)
Generating animation frame 40 (40% complete)
Generating animation frame 50 (50% complete)
Generating animation frame 60 (60% complete)
Generating animation frame 70 (70% complete)
Generating animation frame 80 (80% complete)
Generating animation frame 90 (90% complete)
Generating animation frame 100 (100% complete)
Created animation of the structural dataset used in this calculation in the results directory. This might be useful to verify the correct structures are being used.
Created animation of structures in 4.084977149963379 seconds 
Gathered energy, force and structure info in 0.99 seconds
Completed the initial setup of miniGAP (including compiling structural data) in 9.74 seconds
Generated SOAP descriptors and derivatives in 4.80 seconds
Reformatted data to build model in 0.04 seconds.
Not using any sparsity.
Using a degree 2 polynomial kernel.
Alert: Double check the training validity for degree =/= 1 when not using predict_f
Training using 3888 atoms without batching.
Epoch 0
Using older approach (not converted to tf.function yet)
+-------------------------+------------------+------------------+---------+-------------+-------------+---------+----------------------------------------+
| name                    | class            | transform        | prior   | trainable   | shape       | dtype   | value                                  |
+=========================+==================+==================+=========+=============+=============+=========+========================================+
| GPR.kernel.variance     | Parameter        | Softplus         |         | True        | ()          | float64 | 1.012284254881274                      |
+-------------------------+------------------+------------------+---------+-------------+-------------+---------+----------------------------------------+
| GPR.kernel.degree       | Parameter        | Identity         |         | False       | ()          | float64 | 2.0                                    |
+-------------------------+------------------+------------------+---------+-------------+-------------+---------+----------------------------------------+
| GPR.kernel.offset       | Parameter        | Softplus         |         | False       | ()          | float64 | 2.2250738585072626e-308                |
+-------------------------+------------------+------------------+---------+-------------+-------------+---------+----------------------------------------+
| GPR.likelihood.variance | Parameter        | Softplus + Shift |         | True        | ()          | float64 | 9.81178537230909e-05                   |
+-------------------------+------------------+------------------+---------+-------------+-------------+---------+----------------------------------------+
| GPR.data[0]             | ResourceVariable |                  |         | False       | (3888, 680) | float64 | [[0.5354468, 0.54113554, 0.27392127... |
+-------------------------+------------------+------------------+---------+-------------+-------------+---------+----------------------------------------+
| GPR.data[1]             | ResourceVariable |                  |         | False       | (3888, 1)   | float64 | [[0.84390588...                        |
+-------------------------+------------------+------------------+---------+-------------+-------------+---------+----------------------------------------+
Adding mse_ens_j_i to mse_ens_j: 8.23556730367466e-05 + 0 = 8.23556730367466e-05 
Epoch 0,  mse = 8.23556730367466e-05
Using older approach (not converted to tf.function yet)
+-------------------------+------------------+------------------+---------+-------------+-------------+---------+-----------------------------------------+
| name                    | class            | transform        | prior   | trainable   | shape       | dtype   | value                                   |
+=========================+==================+==================+=========+=============+=============+=========+=========================================+
| GPR.kernel.variance     | Parameter        | Softplus         |         | True        | ()          | float64 | 1.024750500232298                       |
+-------------------------+------------------+------------------+---------+-------------+-------------+---------+-----------------------------------------+
| GPR.kernel.degree       | Parameter        | Identity         |         | False       | ()          | float64 | 2.0                                     |
+-------------------------+------------------+------------------+---------+-------------+-------------+---------+-----------------------------------------+
| GPR.kernel.offset       | Parameter        | Softplus         |         | False       | ()          | float64 | 2.2250738585072626e-308                 |
+-------------------------+------------------+------------------+---------+-------------+-------------+---------+-----------------------------------------+
| GPR.likelihood.variance | Parameter        | Softplus + Shift |         | True        | ()          | float64 | 9.625262051883526e-05                   |
+-------------------------+------------------+------------------+---------+-------------+-------------+---------+-----------------------------------------+
| GPR.data[0]             | ResourceVariable |                  |         | False       | (3888, 680) | float64 | [[0.54644578, 0.53828198, 0.18045766... |
+-------------------------+------------------+------------------+---------+-------------+-------------+---------+-----------------------------------------+
| GPR.data[1]             | ResourceVariable |                  |         | False       | (3888, 1)   | float64 | [[-0.74269482...                        |
+-------------------------+------------------+------------------+---------+-------------+-------------+---------+-----------------------------------------+
Adding mse_ens_j_i to mse_ens_j: 7.910315452502214e-05 + 0 = 7.910315452502214e-05 
Epoch 1,  mse = 7.910315452502214e-05
Epoch 2
Using older approach (not converted to tf.function yet)
+-------------------------+------------------+------------------+---------+-------------+-------------+---------+-----------------------------------------------------+
| name                    | class            | transform        | prior   | trainable   | shape       | dtype   | value                                               |
+=========================+==================+==================+=========+=============+=============+=========+=====================================================+
| GPR.kernel.variance     | Parameter        | Softplus         |         | True        | ()          | float64 | 1.0373262786088264                                  |
+-------------------------+------------------+------------------+---------+-------------+-------------+---------+-----------------------------------------------------+
| GPR.kernel.degree       | Parameter        | Identity         |         | False       | ()          | float64 | 2.0                                                 |
+-------------------------+------------------+------------------+---------+-------------+-------------+---------+-----------------------------------------------------+
| GPR.kernel.offset       | Parameter        | Softplus         |         | False       | ()          | float64 | 2.2250738585072626e-308                             |
+-------------------------+------------------+------------------+---------+-------------+-------------+---------+-----------------------------------------------------+
| GPR.likelihood.variance | Parameter        | Softplus + Shift |         | True        | ()          | float64 | 9.44175405003077e-05                                |
+-------------------------+------------------+------------------+---------+-------------+-------------+---------+-----------------------------------------------------+
| GPR.data[0]             | ResourceVariable |                  |         | False       | (3888, 680) | float64 | [[1.79814279e-03, 1.12587467e-02, 1.22908826e-03... |
+-------------------------+------------------+------------------+---------+-------------+-------------+---------+-----------------------------------------------------+
| GPR.data[1]             | ResourceVariable |                  |         | False       | (3888, 1)   | float64 | [[-1.01837678...                                    |
+-------------------------+------------------+------------------+---------+-------------+-------------+---------+-----------------------------------------------------+
Adding mse_ens_j_i to mse_ens_j: 7.594590379920432e-05 + 0 = 7.594590379920432e-05 
Epoch 2,  mse = 7.594590379920432e-05
Using older approach (not converted to tf.function yet)
+-------------------------+------------------+------------------+---------+-------------+-------------+---------+----------------------------------------+
| name                    | class            | transform        | prior   | trainable   | shape       | dtype   | value                                  |
+=========================+==================+==================+=========+=============+=============+=========+========================================+
| GPR.kernel.variance     | Parameter        | Softplus         |         | True        | ()          | float64 | 1.0499796290283379                     |
+-------------------------+------------------+------------------+---------+-------------+-------------+---------+----------------------------------------+
| GPR.kernel.degree       | Parameter        | Identity         |         | False       | ()          | float64 | 2.0                                    |
+-------------------------+------------------+------------------+---------+-------------+-------------+---------+----------------------------------------+
| GPR.kernel.offset       | Parameter        | Softplus         |         | False       | ()          | float64 | 2.2250738585072626e-308                |
+-------------------------+------------------+------------------+---------+-------------+-------------+---------+----------------------------------------+
| GPR.likelihood.variance | Parameter        | Softplus + Shift |         | True        | ()          | float64 | 9.261729725306275e-05                  |
+-------------------------+------------------+------------------+---------+-------------+-------------+---------+----------------------------------------+
| GPR.data[0]             | ResourceVariable |                  |         | False       | (3888, 680) | float64 | [[0.5353803, 0.54176969, 0.26925183... |
+-------------------------+------------------+------------------+---------+-------------+-------------+---------+----------------------------------------+
| GPR.data[1]             | ResourceVariable |                  |         | False       | (3888, 1)   | float64 | [[0.85634891...                        |
+-------------------------+------------------+------------------+---------+-------------+-------------+---------+----------------------------------------+
Adding mse_ens_j_i to mse_ens_j: 7.290342888747019e-05 + 0 = 7.290342888747019e-05 
Epoch 3,  mse = 7.290342888747019e-05
Epoch 4
Using older approach (not converted to tf.function yet)
+-------------------------+------------------+------------------+---------+-------------+-------------+---------+-----------------------------------------------------+
| name                    | class            | transform        | prior   | trainable   | shape       | dtype   | value                                               |
+=========================+==================+==================+=========+=============+=============+=========+=====================================================+
| GPR.kernel.variance     | Parameter        | Softplus         |         | True        | ()          | float64 | 1.0626885380410604                                  |
+-------------------------+------------------+------------------+---------+-------------+-------------+---------+-----------------------------------------------------+
| GPR.kernel.degree       | Parameter        | Identity         |         | False       | ()          | float64 | 2.0                                                 |
+-------------------------+------------------+------------------+---------+-------------+-------------+---------+-----------------------------------------------------+
| GPR.kernel.offset       | Parameter        | Softplus         |         | False       | ()          | float64 | 2.2250738585072626e-308                             |
+-------------------------+------------------+------------------+---------+-------------+-------------+---------+-----------------------------------------------------+
| GPR.likelihood.variance | Parameter        | Softplus + Shift |         | True        | ()          | float64 | 9.085430922358999e-05                               |
+-------------------------+------------------+------------------+---------+-------------+-------------+---------+-----------------------------------------------------+
| GPR.data[0]             | ResourceVariable |                  |         | False       | (3888, 680) | float64 | [[5.40282938e-01, 5.44502935e-01, 2.03885773e-01... |
+-------------------------+------------------+------------------+---------+-------------+-------------+---------+-----------------------------------------------------+
| GPR.data[1]             | ResourceVariable |                  |         | False       | (3888, 1)   | float64 | [[-0.99981504...                                    |
+-------------------------+------------------+------------------+---------+-------------+-------------+---------+-----------------------------------------------------+
Adding mse_ens_j_i to mse_ens_j: 6.998130333881558e-05 + 0 = 6.998130333881558e-05 
Epoch 4,  mse = 6.998130333881558e-05
Using older approach (not converted to tf.function yet)
+-------------------------+------------------+------------------+---------+-------------+-------------+---------+------------------------------------------------------+
| name                    | class            | transform        | prior   | trainable   | shape       | dtype   | value                                                |
+=========================+==================+==================+=========+=============+=============+=========+======================================================+
| GPR.kernel.variance     | Parameter        | Softplus         |         | True        | ()          | float64 | 1.0754346649051172                                   |
+-------------------------+------------------+------------------+---------+-------------+-------------+---------+------------------------------------------------------+
| GPR.kernel.degree       | Parameter        | Identity         |         | False       | ()          | float64 | 2.0                                                  |
+-------------------------+------------------+------------------+---------+-------------+-------------+---------+------------------------------------------------------+
| GPR.kernel.offset       | Parameter        | Softplus         |         | False       | ()          | float64 | 2.2250738585072626e-308                              |
+-------------------------+------------------+------------------+---------+-------------+-------------+---------+------------------------------------------------------+
| GPR.likelihood.variance | Parameter        | Softplus + Shift |         | True        | ()          | float64 | 8.913005590263823e-05                                |
+-------------------------+------------------+------------------+---------+-------------+-------------+---------+------------------------------------------------------+
| GPR.data[0]             | ResourceVariable |                  |         | False       | (3888, 680) | float64 | [[2.10911111e-05, 1.25063609e-03, -2.77839896e-05... |
+-------------------------+------------------+------------------+---------+-------------+-------------+---------+------------------------------------------------------+
| GPR.data[1]             | ResourceVariable |                  |         | False       | (3888, 1)   | float64 | [[-0.20193744...                                     |
+-------------------------+------------------+------------------+---------+-------------+-------------+---------+------------------------------------------------------+
Adding mse_ens_j_i to mse_ens_j: 6.718116293094533e-05 + 0 = 6.718116293094533e-05 
Epoch 5,  mse = 6.718116293094533e-05
Epoch 6
Using older approach (not converted to tf.function yet)
+-------------------------+------------------+------------------+---------+-------------+-------------+---------+-----------------------------------------------------+
| name                    | class            | transform        | prior   | trainable   | shape       | dtype   | value                                               |
+=========================+==================+==================+=========+=============+=============+=========+=====================================================+
| GPR.kernel.variance     | Parameter        | Softplus         |         | True        | ()          | float64 | 1.0882013497286822                                  |
+-------------------------+------------------+------------------+---------+-------------+-------------+---------+-----------------------------------------------------+
| GPR.kernel.degree       | Parameter        | Identity         |         | False       | ()          | float64 | 2.0                                                 |
+-------------------------+------------------+------------------+---------+-------------+-------------+---------+-----------------------------------------------------+
| GPR.kernel.offset       | Parameter        | Softplus         |         | False       | ()          | float64 | 2.2250738585072626e-308                             |
+-------------------------+------------------+------------------+---------+-------------+-------------+---------+-----------------------------------------------------+
| GPR.likelihood.variance | Parameter        | Softplus + Shift |         | True        | ()          | float64 | 8.744551669199178e-05                               |
+-------------------------+------------------+------------------+---------+-------------+-------------+---------+-----------------------------------------------------+
| GPR.data[0]             | ResourceVariable |                  |         | False       | (3888, 680) | float64 | [[5.35707753e-01, 5.44898651e-01, 2.44149898e-01... |
+-------------------------+------------------+------------------+---------+-------------+-------------+---------+-----------------------------------------------------+
| GPR.data[1]             | ResourceVariable |                  |         | False       | (3888, 1)   | float64 | [[-1.08327635...                                    |
+-------------------------+------------------+------------------+---------+-------------+-------------+---------+-----------------------------------------------------+
Adding mse_ens_j_i to mse_ens_j: 6.450284829466331e-05 + 0 = 6.450284829466331e-05 
Epoch 6,  mse = 6.450284829466331e-05
Using older approach (not converted to tf.function yet)
+-------------------------+------------------+------------------+---------+-------------+-------------+---------+-----------------------------------------------------+
| name                    | class            | transform        | prior   | trainable   | shape       | dtype   | value                                               |
+=========================+==================+==================+=========+=============+=============+=========+=====================================================+
| GPR.kernel.variance     | Parameter        | Softplus         |         | True        | ()          | float64 | 1.1009728461780386                                  |
+-------------------------+------------------+------------------+---------+-------------+-------------+---------+-----------------------------------------------------+
| GPR.kernel.degree       | Parameter        | Identity         |         | False       | ()          | float64 | 2.0                                                 |
+-------------------------+------------------+------------------+---------+-------------+-------------+---------+-----------------------------------------------------+
| GPR.kernel.offset       | Parameter        | Softplus         |         | False       | ()          | float64 | 2.2250738585072626e-308                             |
+-------------------------+------------------+------------------+---------+-------------+-------------+---------+-----------------------------------------------------+
| GPR.likelihood.variance | Parameter        | Softplus + Shift |         | True        | ()          | float64 | 8.580135414399366e-05                               |
+-------------------------+------------------+------------------+---------+-------------+-------------+---------+-----------------------------------------------------+
| GPR.data[0]             | ResourceVariable |                  |         | False       | (3888, 680) | float64 | [[5.35312853e-01, 5.42439595e-01, 2.65056580e-01... |
+-------------------------+------------------+------------------+---------+-------------+-------------+---------+-----------------------------------------------------+
| GPR.data[1]             | ResourceVariable |                  |         | False       | (3888, 1)   | float64 | [[0.02788107...                                     |
+-------------------------+------------------+------------------+---------+-------------+-------------+---------+-----------------------------------------------------+
Adding mse_ens_j_i to mse_ens_j: 6.19451416295539e-05 + 0 = 6.19451416295539e-05 
Epoch 7,  mse = 6.19451416295539e-05
Epoch 8
Using older approach (not converted to tf.function yet)
+-------------------------+------------------+------------------+---------+-------------+-------------+---------+-----------------------------------------------------+
| name                    | class            | transform        | prior   | trainable   | shape       | dtype   | value                                               |
+=========================+==================+==================+=========+=============+=============+=========+=====================================================+
| GPR.kernel.variance     | Parameter        | Softplus         |         | True        | ()          | float64 | 1.113734005565891                                   |
+-------------------------+------------------+------------------+---------+-------------+-------------+---------+-----------------------------------------------------+
| GPR.kernel.degree       | Parameter        | Identity         |         | False       | ()          | float64 | 2.0                                                 |
+-------------------------+------------------+------------------+---------+-------------+-------------+---------+-----------------------------------------------------+
| GPR.kernel.offset       | Parameter        | Softplus         |         | False       | ()          | float64 | 2.2250738585072626e-308                             |
+-------------------------+------------------+------------------+---------+-------------+-------------+---------+-----------------------------------------------------+
| GPR.likelihood.variance | Parameter        | Softplus + Shift |         | True        | ()          | float64 | 8.419800272056841e-05                               |
+-------------------------+------------------+------------------+---------+-------------+-------------+---------+-----------------------------------------------------+
| GPR.data[0]             | ResourceVariable |                  |         | False       | (3888, 680) | float64 | [[5.36497434e-01, 5.45574853e-01, 2.32131886e-01... |
+-------------------------+------------------+------------------+---------+-------------+-------------+---------+-----------------------------------------------------+
| GPR.data[1]             | ResourceVariable |                  |         | False       | (3888, 1)   | float64 | [[-0.71378096...                                    |
+-------------------------+------------------+------------------+---------+-------------+-------------+---------+-----------------------------------------------------+
Adding mse_ens_j_i to mse_ens_j: 5.950609720525016e-05 + 0 = 5.950609720525016e-05 
Epoch 8,  mse = 5.950609720525016e-05
Using older approach (not converted to tf.function yet)
+-------------------------+------------------+------------------+---------+-------------+-------------+---------+-----------------------------------------+
| name                    | class            | transform        | prior   | trainable   | shape       | dtype   | value                                   |
+=========================+==================+==================+=========+=============+=============+=========+=========================================+
| GPR.kernel.variance     | Parameter        | Softplus         |         | True        | ()          | float64 | 1.126470155907259                       |
+-------------------------+------------------+------------------+---------+-------------+-------------+---------+-----------------------------------------+
| GPR.kernel.degree       | Parameter        | Identity         |         | False       | ()          | float64 | 2.0                                     |
+-------------------------+------------------+------------------+---------+-------------+-------------+---------+-----------------------------------------+
| GPR.kernel.offset       | Parameter        | Softplus         |         | False       | ()          | float64 | 2.2250738585072626e-308                 |
+-------------------------+------------------+------------------+---------+-------------+-------------+---------+-----------------------------------------+
| GPR.likelihood.variance | Parameter        | Softplus + Shift |         | True        | ()          | float64 | 8.263571679143107e-05                   |
+-------------------------+------------------+------------------+---------+-------------+-------------+---------+-----------------------------------------+
| GPR.data[0]             | ResourceVariable |                  |         | False       | (3888, 680) | float64 | [[0.53530395, 0.54266181, 0.26347397... |
+-------------------------+------------------+------------------+---------+-------------+-------------+---------+-----------------------------------------+
| GPR.data[1]             | ResourceVariable |                  |         | False       | (3888, 1)   | float64 | [[0.49910508...                         |
+-------------------------+------------------+------------------+---------+-------------+-------------+---------+-----------------------------------------+
Adding mse_ens_j_i to mse_ens_j: 5.718322402447667e-05 + 0 = 5.718322402447667e-05 
Epoch 9,  mse = 5.718322402447667e-05
Calculating weights
+-------------------------+-----------+------------------+---------+-------------+---------+---------+--------------+
| name                    | class     | transform        | prior   | trainable   | shape   | dtype   |        value |
+=========================+===========+==================+=========+=============+=========+=========+==============+
| GPR.kernel.variance     | Parameter | Softplus         |         | True        | ()      | float64 | 1.12647      |
+-------------------------+-----------+------------------+---------+-------------+---------+---------+--------------+
| GPR.kernel.degree       | Parameter | Identity         |         | False       | ()      | float64 | 2            |
+-------------------------+-----------+------------------+---------+-------------+---------+---------+--------------+
| GPR.kernel.offset       | Parameter | Softplus         |         | False       | ()      | float64 | 2.22507e-308 |
+-------------------------+-----------+------------------+---------+-------------+---------+---------+--------------+
| GPR.likelihood.variance | Parameter | Softplus + Shift |         | True        | ()      | float64 | 8.26357e-05  |
+-------------------------+-----------+------------------+---------+-------------+---------+---------+--------------+
Predicting final energies
Predicting final forces
Training time outside of epochs in training cell  : 0.753
Training time per epoch                           : 0.264
Prediction time                                   : 0.060
Stored the hyperparameters and mse values for plotting under n=600
The title axes are not assigned correctly. Currently fixing.
Our observation noise variance implies our reference error is +/- 0.000491 /atom
                         Local Energy  Global Energy
Root Mean Squared Error      0.000370       0.000318
Mean Absolute Error          0.000263       0.000255
Max Absolute Error           0.001149       0.000863
r²                           0.999976       0.999983
Least-squares regresion for Fx(x) produces the line line m x+b with m = 4.33041 and b = 0.00000 which has r2 = 0.96611 
Least-squares regresion for Fy(y) produces the line line m y+b with m = 4.33041 and b = 0.00000 which has r2 = 0.96611 
Least-squares regresion for Fz(z) produces the line line m z+b with m = 1.64261 and b = 0.00000 which has r2 = 0.86719 
